# JRE version: OpenJDK Runtime Environment Temurin-17.0.8+7 (17.0.8+7) (build 17.0.8+7)
# Java VM: OpenJDK 64-Bit Server VM Temurin-17.0.8+7 (17.0.8+7, mixed mode, sharing, tiered, compressed oops, compressed class ptrs, serial gc, windows-amd64)
GC Precious Log:
 CPUs: 8 total, 8 available
 Memory: 16103M
 Large Page Support: Disabled
 NUMA Support: Disabled
 Compressed Oops: Enabled (32-bit)
 Heap Min Capacity: 256M
 Heap Initial Capacity: 256M
 Heap Max Capacity: 512M
 Pre-touch: Disabled
Heap:
 def new generation   total 78912K, used 37433K [0x00000000e0000000, 0x00000000e55a0000, 0x00000000eaaa0000)
  eden space 70144K,  53% used [0x00000000e0000000, 0x00000000e248e4e8, 0x00000000e4480000)
  from space 8768K,   0% used [0x00000000e4480000, 0x00000000e4480000, 0x00000000e4d10000)
  to   space 8768K,   0% used [0x00000000e4d10000, 0x00000000e4d10000, 0x00000000e55a0000)
 tenured generation   total 174784K, used 42160K [0x00000000eaaa0000, 0x00000000f5550000, 0x0000000100000000)
   the space 174784K,  24% used [0x00000000eaaa0000, 0x00000000ed3cc058, 0x00000000ed3cc200, 0x00000000f5550000)
 Metaspace       used 62028K, committed 62656K, reserved 278528K
  class space    used 8745K, committed 9024K, reserved 212992K
GC Heap History (20 events):
Event: 0.768 GC heap before
{Heap before GC invocations=0 (full 0):
 def new generation   total 78656K, used 69952K [0x00000000e0000000, 0x00000000e5550000, 0x00000000eaaa0000)
  eden space 69952K, 100% used [0x00000000e0000000, 0x00000000e4450000, 0x00000000e4450000)
  from space 8704K,   0% used [0x00000000e4450000, 0x00000000e4450000, 0x00000000e4cd0000)
  to   space 8704K,   0% used [0x00000000e4cd0000, 0x00000000e4cd0000, 0x00000000e5550000)
 tenured generation   total 174784K, used 0K [0x00000000eaaa0000, 0x00000000f5550000, 0x0000000100000000)
   the space 174784K,   0% used [0x00000000eaaa0000, 0x00000000eaaa0000, 0x00000000eaaa0200, 0x00000000f5550000)
 Metaspace       used 4414K, committed 4608K, reserved 278528K
  class space    used 547K, committed 640K, reserved 212992K
}
Event: 0.777 GC heap after
{Heap after GC invocations=1 (full 0):
 def new generation   total 78656K, used 8703K [0x00000000e0000000, 0x00000000e5550000, 0x00000000eaaa0000)
  eden space 69952K,   0% used [0x00000000e0000000, 0x00000000e0000000, 0x00000000e4450000)
  from space 8704K,  99% used [0x00000000e4cd0000, 0x00000000e554fff8, 0x00000000e5550000)
  to   space 8704K,   0% used [0x00000000e4450000, 0x00000000e4450000, 0x00000000e4cd0000)
 tenured generation   total 174784K, used 2238K [0x00000000eaaa0000, 0x00000000f5550000, 0x0000000100000000)
   the space 174784K,   1% used [0x00000000eaaa0000, 0x00000000eaccf9d8, 0x00000000eaccfa00, 0x00000000f5550000)
 Metaspace       used 4414K, committed 4608K, reserved 278528K
  class space    used 547K, committed 640K, reserved 212992K
}
Event: 6.226 GC heap before
{Heap before GC invocations=1 (full 0):
 def new generation   total 78656K, used 78655K [0x00000000e0000000, 0x00000000e5550000, 0x00000000eaaa0000)
  eden space 69952K, 100% used [0x00000000e0000000, 0x00000000e4450000, 0x00000000e4450000)
  from space 8704K,  99% used [0x00000000e4cd0000, 0x00000000e554fff8, 0x00000000e5550000)
  to   space 8704K,   0% used [0x00000000e4450000, 0x00000000e4450000, 0x00000000e4cd0000)
 tenured generation   total 174784K, used 2238K [0x00000000eaaa0000, 0x00000000f5550000, 0x0000000100000000)
   the space 174784K,   1% used [0x00000000eaaa0000, 0x00000000eaccf9d8, 0x00000000eaccfa00, 0x00000000f5550000)
 Metaspace       used 11151K, committed 11392K, reserved 278528K
  class space    used 1485K, committed 1600K, reserved 212992K
}
Event: 6.239 GC heap after
{Heap after GC invocations=2 (full 0):
 def new generation   total 78656K, used 8049K [0x00000000e0000000, 0x00000000e5550000, 0x00000000eaaa0000)
  eden space 69952K,   0% used [0x00000000e0000000, 0x00000000e0000000, 0x00000000e4450000)
  from space 8704K,  92% used [0x00000000e4450000, 0x00000000e4c2c648, 0x00000000e4cd0000)
  to   space 8704K,   0% used [0x00000000e4cd0000, 0x00000000e4cd0000, 0x00000000e5550000)
 tenured generation   total 174784K, used 10815K [0x00000000eaaa0000, 0x00000000f5550000, 0x0000000100000000)
   the space 174784K,   6% used [0x00000000eaaa0000, 0x00000000eb52fed8, 0x00000000eb530000, 0x00000000f5550000)
 Metaspace       used 11151K, committed 11392K, reserved 278528K
  class space    used 1485K, committed 1600K, reserved 212992K
}
Event: 6.981 GC heap before
{Heap before GC invocations=2 (full 0):
 def new generation   total 78656K, used 78001K [0x00000000e0000000, 0x00000000e5550000, 0x00000000eaaa0000)
  eden space 69952K, 100% used [0x00000000e0000000, 0x00000000e4450000, 0x00000000e4450000)
  from space 8704K,  92% used [0x00000000e4450000, 0x00000000e4c2c648, 0x00000000e4cd0000)
  to   space 8704K,   0% used [0x00000000e4cd0000, 0x00000000e4cd0000, 0x00000000e5550000)
 tenured generation   total 174784K, used 10815K [0x00000000eaaa0000, 0x00000000f5550000, 0x0000000100000000)
   the space 174784K,   6% used [0x00000000eaaa0000, 0x00000000eb52fed8, 0x00000000eb530000, 0x00000000f5550000)
 Metaspace       used 20380K, committed 20736K, reserved 278528K
  class space    used 2942K, committed 3136K, reserved 212992K
}
Event: 6.994 GC heap after
{Heap after GC invocations=3 (full 0):
 def new generation   total 78656K, used 3760K [0x00000000e0000000, 0x00000000e5550000, 0x00000000eaaa0000)
  eden space 69952K,   0% used [0x00000000e0000000, 0x00000000e0000000, 0x00000000e4450000)
  from space 8704K,  43% used [0x00000000e4cd0000, 0x00000000e507c0d0, 0x00000000e5550000)
  to   space 8704K,   0% used [0x00000000e4450000, 0x00000000e4450000, 0x00000000e4cd0000)
 tenured generation   total 174784K, used 18725K [0x00000000eaaa0000, 0x00000000f5550000, 0x0000000100000000)
   the space 174784K,  10% used [0x00000000eaaa0000, 0x00000000ebce9570, 0x00000000ebce9600, 0x00000000f5550000)
 Metaspace       used 20380K, committed 20736K, reserved 278528K
  class space    used 2942K, committed 3136K, reserved 212992K
}
Event: 7.057 GC heap before
{Heap before GC invocations=3 (full 0):
 def new generation   total 78656K, used 9377K [0x00000000e0000000, 0x00000000e5550000, 0x00000000eaaa0000)
  eden space 69952K,   8% used [0x00000000e0000000, 0x00000000e057c660, 0x00000000e4450000)
  from space 8704K,  43% used [0x00000000e4cd0000, 0x00000000e507c0d0, 0x00000000e5550000)
  to   space 8704K,   0% used [0x00000000e4450000, 0x00000000e4450000, 0x00000000e4cd0000)
 tenured generation   total 174784K, used 18725K [0x00000000eaaa0000, 0x00000000f5550000, 0x0000000100000000)
   the space 174784K,  10% used [0x00000000eaaa0000, 0x00000000ebce9570, 0x00000000ebce9600, 0x00000000f5550000)
 Metaspace       used 21110K, committed 21504K, reserved 278528K
  class space    used 3058K, committed 3264K, reserved 212992K
}
Event: 7.078 GC heap after
{Heap after GC invocations=4 (full 1):
 def new generation   total 78784K, used 0K [0x00000000e0000000, 0x00000000e5570000, 0x00000000eaaa0000)
  eden space 70080K,   0% used [0x00000000e0000000, 0x00000000e0000000, 0x00000000e4470000)
  from space 8704K,   0% used [0x00000000e4470000, 0x00000000e4470000, 0x00000000e4cf0000)
  to   space 8704K,   0% used [0x00000000e4cf0000, 0x00000000e4cf0000, 0x00000000e5570000)
 tenured generation   total 174784K, used 22633K [0x00000000eaaa0000, 0x00000000f5550000, 0x0000000100000000)
   the space 174784K,  12% used [0x00000000eaaa0000, 0x00000000ec0ba430, 0x00000000ec0ba600, 0x00000000f5550000)
 Metaspace       used 21110K, committed 21504K, reserved 278528K
  class space    used 3058K, committed 3264K, reserved 212992K
}
Event: 7.769 GC heap before
{Heap before GC invocations=4 (full 1):
 def new generation   total 78784K, used 70080K [0x00000000e0000000, 0x00000000e5570000, 0x00000000eaaa0000)
  eden space 70080K, 100% used [0x00000000e0000000, 0x00000000e4470000, 0x00000000e4470000)
  from space 8704K,   0% used [0x00000000e4470000, 0x00000000e4470000, 0x00000000e4cf0000)
  to   space 8704K,   0% used [0x00000000e4cf0000, 0x00000000e4cf0000, 0x00000000e5570000)
 tenured generation   total 174784K, used 22633K [0x00000000eaaa0000, 0x00000000f5550000, 0x0000000100000000)
   the space 174784K,  12% used [0x00000000eaaa0000, 0x00000000ec0ba430, 0x00000000ec0ba600, 0x00000000f5550000)
 Metaspace       used 31489K, committed 31872K, reserved 278528K
  class space    used 4432K, committed 4608K, reserved 212992K
}
Event: 7.777 GC heap after
{Heap after GC invocations=5 (full 1):
 def new generation   total 78784K, used 5392K [0x00000000e0000000, 0x00000000e5570000, 0x00000000eaaa0000)
  eden space 70080K,   0% used [0x00000000e0000000, 0x00000000e0000000, 0x00000000e4470000)
  from space 8704K,  61% used [0x00000000e4cf0000, 0x00000000e52342c0, 0x00000000e5570000)
  to   space 8704K,   0% used [0x00000000e4470000, 0x00000000e4470000, 0x00000000e4cf0000)
 tenured generation   total 174784K, used 22633K [0x00000000eaaa0000, 0x00000000f5550000, 0x0000000100000000)
   the space 174784K,  12% used [0x00000000eaaa0000, 0x00000000ec0ba430, 0x00000000ec0ba600, 0x00000000f5550000)
 Metaspace       used 31489K, committed 31872K, reserved 278528K
  class space    used 4432K, committed 4608K, reserved 212992K
}
Event: 8.142 GC heap before
{Heap before GC invocations=5 (full 1):
 def new generation   total 78784K, used 56611K [0x00000000e0000000, 0x00000000e5570000, 0x00000000eaaa0000)
  eden space 70080K,  73% used [0x00000000e0000000, 0x00000000e3204ba8, 0x00000000e4470000)
  from space 8704K,  61% used [0x00000000e4cf0000, 0x00000000e52342c0, 0x00000000e5570000)
  to   space 8704K,   0% used [0x00000000e4470000, 0x00000000e4470000, 0x00000000e4cf0000)
 tenured generation   total 174784K, used 22633K [0x00000000eaaa0000, 0x00000000f5550000, 0x0000000100000000)
   the space 174784K,  12% used [0x00000000eaaa0000, 0x00000000ec0ba430, 0x00000000ec0ba600, 0x00000000f5550000)
 Metaspace       used 35443K, committed 35840K, reserved 278528K
  class space    used 5040K, committed 5248K, reserved 212992K
}
Event: 8.195 GC heap after
{Heap after GC invocations=6 (full 2):
 def new generation   total 78848K, used 0K [0x00000000e0000000, 0x00000000e5580000, 0x00000000eaaa0000)
  eden space 70144K,   0% used [0x00000000e0000000, 0x00000000e0000000, 0x00000000e4480000)
  from space 8704K,   0% used [0x00000000e4480000, 0x00000000e4480000, 0x00000000e4d00000)
  to   space 8704K,   0% used [0x00000000e4d00000, 0x00000000e4d00000, 0x00000000e5580000)
 tenured generation   total 174784K, used 30936K [0x00000000eaaa0000, 0x00000000f5550000, 0x0000000100000000)
   the space 174784K,  17% used [0x00000000eaaa0000, 0x00000000ec8d6238, 0x00000000ec8d6400, 0x00000000f5550000)
 Metaspace       used 35443K, committed 35840K, reserved 278528K
  class space    used 5040K, committed 5248K, reserved 212992K
}
Event: 8.666 GC heap before
{Heap before GC invocations=6 (full 2):
 def new generation   total 78848K, used 70144K [0x00000000e0000000, 0x00000000e5580000, 0x00000000eaaa0000)
  eden space 70144K, 100% used [0x00000000e0000000, 0x00000000e4480000, 0x00000000e4480000)
  from space 8704K,   0% used [0x00000000e4480000, 0x00000000e4480000, 0x00000000e4d00000)
  to   space 8704K,   0% used [0x00000000e4d00000, 0x00000000e4d00000, 0x00000000e5580000)
 tenured generation   total 174784K, used 30936K [0x00000000eaaa0000, 0x00000000f5550000, 0x0000000100000000)
   the space 174784K,  17% used [0x00000000eaaa0000, 0x00000000ec8d6238, 0x00000000ec8d6400, 0x00000000f5550000)
 Metaspace       used 40849K, committed 41408K, reserved 278528K
  class space    used 5830K, committed 6080K, reserved 212992K
}
Event: 8.671 GC heap after
{Heap after GC invocations=7 (full 2):
 def new generation   total 78848K, used 1824K [0x00000000e0000000, 0x00000000e5580000, 0x00000000eaaa0000)
  eden space 70144K,   0% used [0x00000000e0000000, 0x00000000e0000000, 0x00000000e4480000)
  from space 8704K,  20% used [0x00000000e4d00000, 0x00000000e4ec82e0, 0x00000000e5580000)
  to   space 8704K,   0% used [0x00000000e4480000, 0x00000000e4480000, 0x00000000e4d00000)
 tenured generation   total 174784K, used 30936K [0x00000000eaaa0000, 0x00000000f5550000, 0x0000000100000000)
   the space 174784K,  17% used [0x00000000eaaa0000, 0x00000000ec8d6238, 0x00000000ec8d6400, 0x00000000f5550000)
 Metaspace       used 40849K, committed 41408K, reserved 278528K
  class space    used 5830K, committed 6080K, reserved 212992K
}
Event: 9.519 GC heap before
{Heap before GC invocations=7 (full 2):
 def new generation   total 78848K, used 71968K [0x00000000e0000000, 0x00000000e5580000, 0x00000000eaaa0000)
  eden space 70144K, 100% used [0x00000000e0000000, 0x00000000e4480000, 0x00000000e4480000)
  from space 8704K,  20% used [0x00000000e4d00000, 0x00000000e4ec82e0, 0x00000000e5580000)
  to   space 8704K,   0% used [0x00000000e4480000, 0x00000000e4480000, 0x00000000e4d00000)
 tenured generation   total 174784K, used 30936K [0x00000000eaaa0000, 0x00000000f5550000, 0x0000000100000000)
   the space 174784K,  17% used [0x00000000eaaa0000, 0x00000000ec8d6238, 0x00000000ec8d6400, 0x00000000f5550000)
 Metaspace       used 50943K, committed 51456K, reserved 278528K
  class space    used 7187K, committed 7424K, reserved 212992K
}
Event: 9.531 GC heap after
{Heap after GC invocations=8 (full 2):
 def new generation   total 78848K, used 6937K [0x00000000e0000000, 0x00000000e5580000, 0x00000000eaaa0000)
  eden space 70144K,   0% used [0x00000000e0000000, 0x00000000e0000000, 0x00000000e4480000)
  from space 8704K,  79% used [0x00000000e4480000, 0x00000000e4b46758, 0x00000000e4d00000)
  to   space 8704K,   0% used [0x00000000e4d00000, 0x00000000e4d00000, 0x00000000e5580000)
 tenured generation   total 174784K, used 30936K [0x00000000eaaa0000, 0x00000000f5550000, 0x0000000100000000)
   the space 174784K,  17% used [0x00000000eaaa0000, 0x00000000ec8d6238, 0x00000000ec8d6400, 0x00000000f5550000)
 Metaspace       used 50943K, committed 51456K, reserved 278528K
  class space    used 7187K, committed 7424K, reserved 212992K
}
Event: 10.146 GC heap before
{Heap before GC invocations=8 (full 2):
 def new generation   total 78848K, used 77081K [0x00000000e0000000, 0x00000000e5580000, 0x00000000eaaa0000)
  eden space 70144K, 100% used [0x00000000e0000000, 0x00000000e4480000, 0x00000000e4480000)
  from space 8704K,  79% used [0x00000000e4480000, 0x00000000e4b46758, 0x00000000e4d00000)
  to   space 8704K,   0% used [0x00000000e4d00000, 0x00000000e4d00000, 0x00000000e5580000)
 tenured generation   total 174784K, used 30936K [0x00000000eaaa0000, 0x00000000f5550000, 0x0000000100000000)
   the space 174784K,  17% used [0x00000000eaaa0000, 0x00000000ec8d6238, 0x00000000ec8d6400, 0x00000000f5550000)
 Metaspace       used 57321K, committed 57856K, reserved 278528K
  class space    used 8131K, committed 8384K, reserved 212992K
}
Event: 10.160 GC heap after
{Heap after GC invocations=9 (full 2):
 def new generation   total 78848K, used 3813K [0x00000000e0000000, 0x00000000e5580000, 0x00000000eaaa0000)
  eden space 70144K,   0% used [0x00000000e0000000, 0x00000000e0000000, 0x00000000e4480000)
  from space 8704K,  43% used [0x00000000e4d00000, 0x00000000e50b94c8, 0x00000000e5580000)
  to   space 8704K,   0% used [0x00000000e4480000, 0x00000000e4480000, 0x00000000e4d00000)
 tenured generation   total 174784K, used 37644K [0x00000000eaaa0000, 0x00000000f5550000, 0x0000000100000000)
   the space 174784K,  21% used [0x00000000eaaa0000, 0x00000000ecf630c8, 0x00000000ecf63200, 0x00000000f5550000)
 Metaspace       used 57321K, committed 57856K, reserved 278528K
  class space    used 8131K, committed 8384K, reserved 212992K
}
Event: 10.311 GC heap before
{Heap before GC invocations=9 (full 2):
 def new generation   total 78848K, used 20915K [0x00000000e0000000, 0x00000000e5580000, 0x00000000eaaa0000)
  eden space 70144K,  24% used [0x00000000e0000000, 0x00000000e10b3980, 0x00000000e4480000)
  from space 8704K,  43% used [0x00000000e4d00000, 0x00000000e50b94c8, 0x00000000e5580000)
  to   space 8704K,   0% used [0x00000000e4480000, 0x00000000e4480000, 0x00000000e4d00000)
 tenured generation   total 174784K, used 37644K [0x00000000eaaa0000, 0x00000000f5550000, 0x0000000100000000)
   the space 174784K,  21% used [0x00000000eaaa0000, 0x00000000ecf630c8, 0x00000000ecf63200, 0x00000000f5550000)
 Metaspace       used 59258K, committed 59776K, reserved 278528K
  class space    used 8378K, committed 8640K, reserved 212992K
}
Event: 10.359 GC heap after
{Heap after GC invocations=10 (full 3):
 def new generation   total 78912K, used 0K [0x00000000e0000000, 0x00000000e55a0000, 0x00000000eaaa0000)
  eden space 70144K,   0% used [0x00000000e0000000, 0x00000000e0000000, 0x00000000e4480000)
  from space 8768K,   0% used [0x00000000e4480000, 0x00000000e4480000, 0x00000000e4d10000)
  to   space 8768K,   0% used [0x00000000e4d10000, 0x00000000e4d10000, 0x00000000e55a0000)
 tenured generation   total 174784K, used 42160K [0x00000000eaaa0000, 0x00000000f5550000, 0x0000000100000000)
   the space 174784K,  24% used [0x00000000eaaa0000, 0x00000000ed3cc058, 0x00000000ed3cc200, 0x00000000f5550000)
 Metaspace       used 59258K, committed 59776K, reserved 278528K
  class space    used 8378K, committed 8640K, reserved 212992K
}

