# JRE version: OpenJDK Runtime Environment Temurin-21.0.8+9 (21.0.8+9) (build 21.0.8+9-LTS)
# Java VM: OpenJDK 64-Bit Server VM Temurin-21.0.8+9 (21.0.8+9-LTS, mixed mode, sharing, tiered, compressed oops, compressed class ptrs, parallel gc, windows-amd64)
GC Precious Log:
 CardTable entry size: 512
 CPUs: 8 total, 8 available
 Memory: 16103M
 Large Page Support: Disabled
 NUMA Support: Disabled
 Compressed Oops: Enabled (32-bit)
 Alignments: Space 512K, Generation 512K, Heap 2M
 Heap Min Capacity: 100M
 Heap Initial Capacity: 100M
 Heap Max Capacity: 2G
 Pre-touch: Disabled
 Parallel Workers: 8
Heap:
 PSYoungGen      total 11264K, used 10514K [0x00000000d5580000, 0x00000000d6280000, 0x0000000100000000)
  eden space 9216K, 94% used [0x00000000d5580000,0x00000000d5df8a50,0x00000000d5e80000)
  from space 2048K, 89% used [0x00000000d5f00000,0x00000000d60cc010,0x00000000d6100000)
  to   space 1536K, 0% used [0x00000000d6100000,0x00000000d6100000,0x00000000d6280000)
 ParOldGen       total 631296K, used 630854K [0x0000000080000000, 0x00000000a6880000, 0x00000000d5580000)
  object space 631296K, 99% used [0x0000000080000000,0x00000000a6811830,0x00000000a6880000)
 Metaspace       used 97603K, committed 99520K, reserved 1179648K
  class space    used 10931K, committed 11904K, reserved 1048576K
GC Heap History (20 events):
Event: 4143.047 GC heap before
{Heap before GC invocations=3021 (full 6):
 PSYoungGen      total 6144K, used 5945K [0x00000000d5580000, 0x00000000d5e80000, 0x0000000100000000)
  eden space 4096K, 100% used [0x00000000d5580000,0x00000000d5980000,0x00000000d5980000)
  from space 2048K, 90% used [0x00000000d5980000,0x00000000d5b4e6e0,0x00000000d5b80000)
  to   space 2048K, 0% used [0x00000000d5c80000,0x00000000d5c80000,0x00000000d5e80000)
 ParOldGen       total 593920K, used 593559K [0x0000000080000000, 0x00000000a4400000, 0x00000000d5580000)
  object space 593920K, 99% used [0x0000000080000000,0x00000000a43a5c90,0x00000000a4400000)
 Metaspace       used 97588K, committed 99456K, reserved 1179648K
  class space    used 10931K, committed 11904K, reserved 1048576K
}
Event: 4143.050 GC heap after
{Heap after GC invocations=3021 (full 6):
 PSYoungGen      total 7168K, used 1760K [0x00000000d5580000, 0x00000000d5e80000, 0x0000000100000000)
  eden space 5120K, 0% used [0x00000000d5580000,0x00000000d5580000,0x00000000d5a80000)
  from space 2048K, 85% used [0x00000000d5c80000,0x00000000d5e38000,0x00000000d5e80000)
  to   space 2048K, 0% used [0x00000000d5a80000,0x00000000d5a80000,0x00000000d5c80000)
 ParOldGen       total 595456K, used 595312K [0x0000000080000000, 0x00000000a4580000, 0x00000000d5580000)
  object space 595456K, 99% used [0x0000000080000000,0x00000000a455c370,0x00000000a4580000)
 Metaspace       used 97588K, committed 99456K, reserved 1179648K
  class space    used 10931K, committed 11904K, reserved 1048576K
}
Event: 4143.062 GC heap before
{Heap before GC invocations=3022 (full 6):
 PSYoungGen      total 7168K, used 6682K [0x00000000d5580000, 0x00000000d5e80000, 0x0000000100000000)
  eden space 5120K, 96% used [0x00000000d5580000,0x00000000d5a4eb10,0x00000000d5a80000)
  from space 2048K, 85% used [0x00000000d5c80000,0x00000000d5e38000,0x00000000d5e80000)
  to   space 2048K, 0% used [0x00000000d5a80000,0x00000000d5a80000,0x00000000d5c80000)
 ParOldGen       total 595456K, used 595312K [0x0000000080000000, 0x00000000a4580000, 0x00000000d5580000)
  object space 595456K, 99% used [0x0000000080000000,0x00000000a455c370,0x00000000a4580000)
 Metaspace       used 97590K, committed 99456K, reserved 1179648K
  class space    used 10931K, committed 11904K, reserved 1048576K
}
Event: 4143.065 GC heap after
{Heap after GC invocations=3022 (full 6):
 PSYoungGen      total 7168K, used 2048K [0x00000000d5580000, 0x00000000d6880000, 0x0000000100000000)
  eden space 5120K, 0% used [0x00000000d5580000,0x00000000d5580000,0x00000000d5a80000)
  from space 2048K, 100% used [0x00000000d5a80000,0x00000000d5c80000,0x00000000d5c80000)
  to   space 6656K, 0% used [0x00000000d6200000,0x00000000d6200000,0x00000000d6880000)
 ParOldGen       total 599040K, used 598971K [0x0000000080000000, 0x00000000a4900000, 0x00000000d5580000)
  object space 599040K, 99% used [0x0000000080000000,0x00000000a48eef10,0x00000000a4900000)
 Metaspace       used 97590K, committed 99456K, reserved 1179648K
  class space    used 10931K, committed 11904K, reserved 1048576K
}
Event: 4143.134 GC heap before
{Heap before GC invocations=3023 (full 6):
 PSYoungGen      total 7168K, used 7162K [0x00000000d5580000, 0x00000000d6880000, 0x0000000100000000)
  eden space 5120K, 99% used [0x00000000d5580000,0x00000000d5a7eb68,0x00000000d5a80000)
  from space 2048K, 100% used [0x00000000d5a80000,0x00000000d5c80000,0x00000000d5c80000)
  to   space 6656K, 0% used [0x00000000d6200000,0x00000000d6200000,0x00000000d6880000)
 ParOldGen       total 599040K, used 598971K [0x0000000080000000, 0x00000000a4900000, 0x00000000d5580000)
  object space 599040K, 99% used [0x0000000080000000,0x00000000a48eef10,0x00000000a4900000)
 Metaspace       used 97590K, committed 99456K, reserved 1179648K
  class space    used 10931K, committed 11904K, reserved 1048576K
}
Event: 4143.138 GC heap after
{Heap after GC invocations=3023 (full 6):
 PSYoungGen      total 10240K, used 3848K [0x00000000d5580000, 0x00000000d6600000, 0x0000000100000000)
  eden space 6144K, 0% used [0x00000000d5580000,0x00000000d5580000,0x00000000d5b80000)
  from space 4096K, 93% used [0x00000000d6200000,0x00000000d65c2000,0x00000000d6600000)
  to   space 4608K, 0% used [0x00000000d5d00000,0x00000000d5d00000,0x00000000d6180000)
 ParOldGen       total 601088K, used 601059K [0x0000000080000000, 0x00000000a4b00000, 0x00000000d5580000)
  object space 601088K, 99% used [0x0000000080000000,0x00000000a4af8f10,0x00000000a4b00000)
 Metaspace       used 97590K, committed 99456K, reserved 1179648K
  class space    used 10931K, committed 11904K, reserved 1048576K
}
Event: 4143.147 GC heap before
{Heap before GC invocations=3024 (full 6):
 PSYoungGen      total 10240K, used 9992K [0x00000000d5580000, 0x00000000d6600000, 0x0000000100000000)
  eden space 6144K, 100% used [0x00000000d5580000,0x00000000d5b80000,0x00000000d5b80000)
  from space 4096K, 93% used [0x00000000d6200000,0x00000000d65c2000,0x00000000d6600000)
  to   space 4608K, 0% used [0x00000000d5d00000,0x00000000d5d00000,0x00000000d6180000)
 ParOldGen       total 601088K, used 601059K [0x0000000080000000, 0x00000000a4b00000, 0x00000000d5580000)
  object space 601088K, 99% used [0x0000000080000000,0x00000000a4af8f10,0x00000000a4b00000)
 Metaspace       used 97590K, committed 99456K, reserved 1179648K
  class space    used 10931K, committed 11904K, reserved 1048576K
}
Event: 4143.151 GC heap after
{Heap after GC invocations=3024 (full 6):
 PSYoungGen      total 12288K, used 4586K [0x00000000d5580000, 0x00000000d7300000, 0x0000000100000000)
  eden space 7680K, 0% used [0x00000000d5580000,0x00000000d5580000,0x00000000d5d00000)
  from space 4608K, 99% used [0x00000000d5d00000,0x00000000d617aa60,0x00000000d6180000)
  to   space 11264K, 0% used [0x00000000d6800000,0x00000000d6800000,0x00000000d7300000)
 ParOldGen       total 606720K, used 606355K [0x0000000080000000, 0x00000000a5080000, 0x00000000d5580000)
  object space 606720K, 99% used [0x0000000080000000,0x00000000a5024f10,0x00000000a5080000)
 Metaspace       used 97590K, committed 99456K, reserved 1179648K
  class space    used 10931K, committed 11904K, reserved 1048576K
}
Event: 4143.173 GC heap before
{Heap before GC invocations=3025 (full 6):
 PSYoungGen      total 12288K, used 12266K [0x00000000d5580000, 0x00000000d7300000, 0x0000000100000000)
  eden space 7680K, 100% used [0x00000000d5580000,0x00000000d5d00000,0x00000000d5d00000)
  from space 4608K, 99% used [0x00000000d5d00000,0x00000000d617aa60,0x00000000d6180000)
  to   space 11264K, 0% used [0x00000000d6800000,0x00000000d6800000,0x00000000d7300000)
 ParOldGen       total 606720K, used 606355K [0x0000000080000000, 0x00000000a5080000, 0x00000000d5580000)
  object space 606720K, 99% used [0x0000000080000000,0x00000000a5024f10,0x00000000a5080000)
 Metaspace       used 97590K, committed 99456K, reserved 1179648K
  class space    used 10931K, committed 11904K, reserved 1048576K
}
Event: 4143.177 GC heap after
{Heap after GC invocations=3025 (full 6):
 PSYoungGen      total 15872K, used 6544K [0x00000000d5580000, 0x00000000d6e80000, 0x0000000100000000)
  eden space 9216K, 0% used [0x00000000d5580000,0x00000000d5580000,0x00000000d5e80000)
  from space 6656K, 98% used [0x00000000d6800000,0x00000000d6e64000,0x00000000d6e80000)
  to   space 8192K, 0% used [0x00000000d5e80000,0x00000000d5e80000,0x00000000d6680000)
 ParOldGen       total 611840K, used 611800K [0x0000000080000000, 0x00000000a5580000, 0x00000000d5580000)
  object space 611840K, 99% used [0x0000000080000000,0x00000000a55763d0,0x00000000a5580000)
 Metaspace       used 97590K, committed 99456K, reserved 1179648K
  class space    used 10931K, committed 11904K, reserved 1048576K
}
Event: 4143.226 GC heap before
{Heap before GC invocations=3026 (full 6):
 PSYoungGen      total 15872K, used 15715K [0x00000000d5580000, 0x00000000d6e80000, 0x0000000100000000)
  eden space 9216K, 99% used [0x00000000d5580000,0x00000000d5e74d10,0x00000000d5e80000)
  from space 6656K, 98% used [0x00000000d6800000,0x00000000d6e64000,0x00000000d6e80000)
  to   space 8192K, 0% used [0x00000000d5e80000,0x00000000d5e80000,0x00000000d6680000)
 ParOldGen       total 611840K, used 611800K [0x0000000080000000, 0x00000000a5580000, 0x00000000d5580000)
  object space 611840K, 99% used [0x0000000080000000,0x00000000a55763d0,0x00000000a5580000)
 Metaspace       used 97590K, committed 99456K, reserved 1179648K
  class space    used 10931K, committed 11904K, reserved 1048576K
}
Event: 4143.230 GC heap after
{Heap after GC invocations=3026 (full 6):
 PSYoungGen      total 14848K, used 5340K [0x00000000d5580000, 0x00000000d6a80000, 0x0000000100000000)
  eden space 9216K, 0% used [0x00000000d5580000,0x00000000d5580000,0x00000000d5e80000)
  from space 5632K, 94% used [0x00000000d5e80000,0x00000000d63b7310,0x00000000d6400000)
  to   space 6144K, 0% used [0x00000000d6480000,0x00000000d6480000,0x00000000d6a80000)
 ParOldGen       total 617984K, used 617688K [0x0000000080000000, 0x00000000a5b80000, 0x00000000d5580000)
  object space 617984K, 99% used [0x0000000080000000,0x00000000a5b363d0,0x00000000a5b80000)
 Metaspace       used 97590K, committed 99456K, reserved 1179648K
  class space    used 10931K, committed 11904K, reserved 1048576K
}
Event: 4143.263 GC heap before
{Heap before GC invocations=3027 (full 6):
 PSYoungGen      total 14848K, used 14556K [0x00000000d5580000, 0x00000000d6a80000, 0x0000000100000000)
  eden space 9216K, 100% used [0x00000000d5580000,0x00000000d5e80000,0x00000000d5e80000)
  from space 5632K, 94% used [0x00000000d5e80000,0x00000000d63b7310,0x00000000d6400000)
  to   space 6144K, 0% used [0x00000000d6480000,0x00000000d6480000,0x00000000d6a80000)
 ParOldGen       total 617984K, used 617688K [0x0000000080000000, 0x00000000a5b80000, 0x00000000d5580000)
  object space 617984K, 99% used [0x0000000080000000,0x00000000a5b363d0,0x00000000a5b80000)
 Metaspace       used 97590K, committed 99456K, reserved 1179648K
  class space    used 10931K, committed 11904K, reserved 1048576K
}
Event: 4143.267 GC heap after
{Heap after GC invocations=3027 (full 6):
 PSYoungGen      total 13824K, used 4368K [0x00000000d5580000, 0x00000000d6900000, 0x0000000100000000)
  eden space 9216K, 0% used [0x00000000d5580000,0x00000000d5580000,0x00000000d5e80000)
  from space 4608K, 94% used [0x00000000d6480000,0x00000000d68c4168,0x00000000d6900000)
  to   space 5120K, 0% used [0x00000000d5f00000,0x00000000d5f00000,0x00000000d6400000)
 ParOldGen       total 623104K, used 622877K [0x0000000080000000, 0x00000000a6080000, 0x00000000d5580000)
  object space 623104K, 99% used [0x0000000080000000,0x00000000a6047598,0x00000000a6080000)
 Metaspace       used 97590K, committed 99456K, reserved 1179648K
  class space    used 10931K, committed 11904K, reserved 1048576K
}
Event: 4143.284 GC heap before
{Heap before GC invocations=3028 (full 6):
 PSYoungGen      total 13824K, used 13584K [0x00000000d5580000, 0x00000000d6900000, 0x0000000100000000)
  eden space 9216K, 100% used [0x00000000d5580000,0x00000000d5e80000,0x00000000d5e80000)
  from space 4608K, 94% used [0x00000000d6480000,0x00000000d68c4168,0x00000000d6900000)
  to   space 5120K, 0% used [0x00000000d5f00000,0x00000000d5f00000,0x00000000d6400000)
 ParOldGen       total 623104K, used 622877K [0x0000000080000000, 0x00000000a6080000, 0x00000000d5580000)
  object space 623104K, 99% used [0x0000000080000000,0x00000000a6047598,0x00000000a6080000)
 Metaspace       used 97590K, committed 99456K, reserved 1179648K
  class space    used 10931K, committed 11904K, reserved 1048576K
}
Event: 4143.287 GC heap after
{Heap after GC invocations=3028 (full 6):
 PSYoungGen      total 12288K, used 2745K [0x00000000d5580000, 0x00000000d6580000, 0x0000000100000000)
  eden space 9216K, 0% used [0x00000000d5580000,0x00000000d5580000,0x00000000d5e80000)
  from space 3072K, 89% used [0x00000000d5f00000,0x00000000d61ae628,0x00000000d6200000)
  to   space 3584K, 0% used [0x00000000d6200000,0x00000000d6200000,0x00000000d6580000)
 ParOldGen       total 627200K, used 626997K [0x0000000080000000, 0x00000000a6480000, 0x00000000d5580000)
  object space 627200K, 99% used [0x0000000080000000,0x00000000a644d7e0,0x00000000a6480000)
 Metaspace       used 97590K, committed 99456K, reserved 1179648K
  class space    used 10931K, committed 11904K, reserved 1048576K
}
Event: 4143.297 GC heap before
{Heap before GC invocations=3029 (full 6):
 PSYoungGen      total 12288K, used 11961K [0x00000000d5580000, 0x00000000d6580000, 0x0000000100000000)
  eden space 9216K, 100% used [0x00000000d5580000,0x00000000d5e80000,0x00000000d5e80000)
  from space 3072K, 89% used [0x00000000d5f00000,0x00000000d61ae628,0x00000000d6200000)
  to   space 3584K, 0% used [0x00000000d6200000,0x00000000d6200000,0x00000000d6580000)
 ParOldGen       total 627200K, used 626997K [0x0000000080000000, 0x00000000a6480000, 0x00000000d5580000)
  object space 627200K, 99% used [0x0000000080000000,0x00000000a644d7e0,0x00000000a6480000)
 Metaspace       used 97592K, committed 99456K, reserved 1179648K
  class space    used 10931K, committed 11904K, reserved 1048576K
}
Event: 4143.299 GC heap after
{Heap after GC invocations=3029 (full 6):
 PSYoungGen      total 11264K, used 1619K [0x00000000d5580000, 0x00000000d6400000, 0x0000000100000000)
  eden space 9216K, 0% used [0x00000000d5580000,0x00000000d5580000,0x00000000d5e80000)
  from space 2048K, 79% used [0x00000000d6200000,0x00000000d6394f80,0x00000000d6400000)
  to   space 2560K, 0% used [0x00000000d5f00000,0x00000000d5f00000,0x00000000d6180000)
 ParOldGen       total 629760K, used 629427K [0x0000000080000000, 0x00000000a6700000, 0x00000000d5580000)
  object space 629760K, 99% used [0x0000000080000000,0x00000000a66acc40,0x00000000a6700000)
 Metaspace       used 97592K, committed 99456K, reserved 1179648K
  class space    used 10931K, committed 11904K, reserved 1048576K
}
Event: 4143.319 GC heap before
{Heap before GC invocations=3030 (full 6):
 PSYoungGen      total 11264K, used 10835K [0x00000000d5580000, 0x00000000d6400000, 0x0000000100000000)
  eden space 9216K, 100% used [0x00000000d5580000,0x00000000d5e80000,0x00000000d5e80000)
  from space 2048K, 79% used [0x00000000d6200000,0x00000000d6394f80,0x00000000d6400000)
  to   space 2560K, 0% used [0x00000000d5f00000,0x00000000d5f00000,0x00000000d6180000)
 ParOldGen       total 629760K, used 629427K [0x0000000080000000, 0x00000000a6700000, 0x00000000d5580000)
  object space 629760K, 99% used [0x0000000080000000,0x00000000a66acc40,0x00000000a6700000)
 Metaspace       used 97594K, committed 99456K, reserved 1179648K
  class space    used 10931K, committed 11904K, reserved 1048576K
}
Event: 4143.322 GC heap after
{Heap after GC invocations=3030 (full 6):
 PSYoungGen      total 11264K, used 1840K [0x00000000d5580000, 0x00000000d6280000, 0x0000000100000000)
  eden space 9216K, 0% used [0x00000000d5580000,0x00000000d5580000,0x00000000d5e80000)
  from space 2048K, 89% used [0x00000000d5f00000,0x00000000d60cc010,0x00000000d6100000)
  to   space 1536K, 0% used [0x00000000d6100000,0x00000000d6100000,0x00000000d6280000)
 ParOldGen       total 631296K, used 630854K [0x0000000080000000, 0x00000000a6880000, 0x00000000d5580000)
  object space 631296K, 99% used [0x0000000080000000,0x00000000a6811830,0x00000000a6880000)
 Metaspace       used 97594K, committed 99456K, reserved 1179648K
  class space    used 10931K, committed 11904K, reserved 1048576K
}

