# JRE version: OpenJDK Runtime Environment Temurin-21.0.8+9 (21.0.8+9) (build 21.0.8+9-LTS)
# Java VM: OpenJDK 64-Bit Server VM Temurin-21.0.8+9 (21.0.8+9-LTS, mixed mode, sharing, tiered, compressed oops, compressed class ptrs, parallel gc, windows-amd64)
GC Precious Log:
 CardTable entry size: 512
 CPUs: 8 total, 8 available
 Memory: 16103M
 Large Page Support: Disabled
 NUMA Support: Disabled
 Compressed Oops: Enabled (32-bit)
 Alignments: Space 512K, Generation 512K, Heap 2M
 Heap Min Capacity: 100M
 Heap Initial Capacity: 100M
 Heap Max Capacity: 2G
 Pre-touch: Disabled
 Parallel Workers: 8
Heap:
 PSYoungGen      total 9728K, used 9088K [0x00000000d5580000, 0x00000000d6000000, 0x0000000100000000)
  eden space 8704K, 100% used [0x00000000d5580000,0x00000000d5e00000,0x00000000d5e00000)
  from space 1024K, 37% used [0x00000000d5e00000,0x00000000d5e60000,0x00000000d5f00000)
  to   space 1024K, 34% used [0x00000000d5f00000,0x00000000d5f57b20,0x00000000d6000000)
 ParOldGen       total 491008K, used 491003K [0x0000000080000000, 0x000000009df80000, 0x00000000d5580000)
  object space 491008K, 99% used [0x0000000080000000,0x000000009df7efd8,0x000000009df80000)
 Metaspace       used 79256K, committed 80832K, reserved 1179648K
  class space    used 9602K, committed 10304K, reserved 1048576K
GC Heap History (20 events):
Event: 32.125 GC heap before
{Heap before GC invocations=414 (full 3):
 PSYoungGen      total 9216K, used 9088K [0x00000000d5580000, 0x00000000d6000000, 0x0000000100000000)
  eden space 8704K, 100% used [0x00000000d5580000,0x00000000d5e00000,0x00000000d5e00000)
  from space 512K, 75% used [0x00000000d5f80000,0x00000000d5fe0000,0x00000000d6000000)
  to   space 1024K, 0% used [0x00000000d5e00000,0x00000000d5e00000,0x00000000d5f00000)
 ParOldGen       total 485376K, used 484922K [0x0000000080000000, 0x000000009da00000, 0x00000000d5580000)
  object space 485376K, 99% used [0x0000000080000000,0x000000009d98e990,0x000000009da00000)
 Metaspace       used 79238K, committed 80832K, reserved 1179648K
  class space    used 9602K, committed 10304K, reserved 1048576K
}
Event: 32.127 GC heap after
{Heap after GC invocations=414 (full 3):
 PSYoungGen      total 9728K, used 576K [0x00000000d5580000, 0x00000000d6000000, 0x0000000100000000)
  eden space 8704K, 0% used [0x00000000d5580000,0x00000000d5580000,0x00000000d5e00000)
  from space 1024K, 56% used [0x00000000d5e00000,0x00000000d5e90000,0x00000000d5f00000)
  to   space 1024K, 0% used [0x00000000d5f00000,0x00000000d5f00000,0x00000000d6000000)
 ParOldGen       total 485376K, used 485226K [0x0000000080000000, 0x000000009da00000, 0x00000000d5580000)
  object space 485376K, 99% used [0x0000000080000000,0x000000009d9da990,0x000000009da00000)
 Metaspace       used 79238K, committed 80832K, reserved 1179648K
  class space    used 9602K, committed 10304K, reserved 1048576K
}
Event: 32.136 GC heap before
{Heap before GC invocations=415 (full 3):
 PSYoungGen      total 9728K, used 9280K [0x00000000d5580000, 0x00000000d6000000, 0x0000000100000000)
  eden space 8704K, 100% used [0x00000000d5580000,0x00000000d5e00000,0x00000000d5e00000)
  from space 1024K, 56% used [0x00000000d5e00000,0x00000000d5e90000,0x00000000d5f00000)
  to   space 1024K, 0% used [0x00000000d5f00000,0x00000000d5f00000,0x00000000d6000000)
 ParOldGen       total 485376K, used 485226K [0x0000000080000000, 0x000000009da00000, 0x00000000d5580000)
  object space 485376K, 99% used [0x0000000080000000,0x000000009d9da990,0x000000009da00000)
 Metaspace       used 79238K, committed 80832K, reserved 1179648K
  class space    used 9602K, committed 10304K, reserved 1048576K
}
Event: 32.138 GC heap after
{Heap after GC invocations=415 (full 3):
 PSYoungGen      total 9728K, used 477K [0x00000000d5580000, 0x00000000d6000000, 0x0000000100000000)
  eden space 8704K, 0% used [0x00000000d5580000,0x00000000d5580000,0x00000000d5e00000)
  from space 1024K, 46% used [0x00000000d5f00000,0x00000000d5f77788,0x00000000d6000000)
  to   space 1024K, 0% used [0x00000000d5e00000,0x00000000d5e00000,0x00000000d5f00000)
 ParOldGen       total 485888K, used 485719K [0x0000000080000000, 0x000000009da80000, 0x00000000d5580000)
  object space 485888K, 99% used [0x0000000080000000,0x000000009da55f18,0x000000009da80000)
 Metaspace       used 79238K, committed 80832K, reserved 1179648K
  class space    used 9602K, committed 10304K, reserved 1048576K
}
Event: 32.151 GC heap before
{Heap before GC invocations=416 (full 3):
 PSYoungGen      total 9728K, used 9181K [0x00000000d5580000, 0x00000000d6000000, 0x0000000100000000)
  eden space 8704K, 100% used [0x00000000d5580000,0x00000000d5e00000,0x00000000d5e00000)
  from space 1024K, 46% used [0x00000000d5f00000,0x00000000d5f77788,0x00000000d6000000)
  to   space 1024K, 0% used [0x00000000d5e00000,0x00000000d5e00000,0x00000000d5f00000)
 ParOldGen       total 485888K, used 485720K [0x0000000080000000, 0x000000009da80000, 0x00000000d5580000)
  object space 485888K, 99% used [0x0000000080000000,0x000000009da56028,0x000000009da80000)
 Metaspace       used 79239K, committed 80832K, reserved 1179648K
  class space    used 9602K, committed 10304K, reserved 1048576K
}
Event: 32.152 GC heap after
{Heap after GC invocations=416 (full 3):
 PSYoungGen      total 9728K, used 768K [0x00000000d5580000, 0x00000000d6000000, 0x0000000100000000)
  eden space 8704K, 0% used [0x00000000d5580000,0x00000000d5580000,0x00000000d5e00000)
  from space 1024K, 75% used [0x00000000d5e00000,0x00000000d5ec00e8,0x00000000d5f00000)
  to   space 1024K, 0% used [0x00000000d5f00000,0x00000000d5f00000,0x00000000d6000000)
 ParOldGen       total 486400K, used 486109K [0x0000000080000000, 0x000000009db00000, 0x00000000d5580000)
  object space 486400K, 99% used [0x0000000080000000,0x000000009dab7518,0x000000009db00000)
 Metaspace       used 79239K, committed 80832K, reserved 1179648K
  class space    used 9602K, committed 10304K, reserved 1048576K
}
Event: 32.160 GC heap before
{Heap before GC invocations=417 (full 3):
 PSYoungGen      total 9728K, used 9472K [0x00000000d5580000, 0x00000000d6000000, 0x0000000100000000)
  eden space 8704K, 100% used [0x00000000d5580000,0x00000000d5e00000,0x00000000d5e00000)
  from space 1024K, 75% used [0x00000000d5e00000,0x00000000d5ec00e8,0x00000000d5f00000)
  to   space 1024K, 0% used [0x00000000d5f00000,0x00000000d5f00000,0x00000000d6000000)
 ParOldGen       total 486400K, used 486111K [0x0000000080000000, 0x000000009db00000, 0x00000000d5580000)
  object space 486400K, 99% used [0x0000000080000000,0x000000009dab7c30,0x000000009db00000)
 Metaspace       used 79239K, committed 80832K, reserved 1179648K
  class space    used 9602K, committed 10304K, reserved 1048576K
}
Event: 32.161 GC heap after
{Heap after GC invocations=417 (full 3):
 PSYoungGen      total 9728K, used 416K [0x00000000d5580000, 0x00000000d6000000, 0x0000000100000000)
  eden space 8704K, 0% used [0x00000000d5580000,0x00000000d5580000,0x00000000d5e00000)
  from space 1024K, 40% used [0x00000000d5f00000,0x00000000d5f68000,0x00000000d6000000)
  to   space 1024K, 0% used [0x00000000d5e00000,0x00000000d5e00000,0x00000000d5f00000)
 ParOldGen       total 486912K, used 486748K [0x0000000080000000, 0x000000009db80000, 0x00000000d5580000)
  object space 486912K, 99% used [0x0000000080000000,0x000000009db57138,0x000000009db80000)
 Metaspace       used 79239K, committed 80832K, reserved 1179648K
  class space    used 9602K, committed 10304K, reserved 1048576K
}
Event: 32.183 GC heap before
{Heap before GC invocations=418 (full 3):
 PSYoungGen      total 9728K, used 9120K [0x00000000d5580000, 0x00000000d6000000, 0x0000000100000000)
  eden space 8704K, 100% used [0x00000000d5580000,0x00000000d5e00000,0x00000000d5e00000)
  from space 1024K, 40% used [0x00000000d5f00000,0x00000000d5f68000,0x00000000d6000000)
  to   space 1024K, 0% used [0x00000000d5e00000,0x00000000d5e00000,0x00000000d5f00000)
 ParOldGen       total 486912K, used 486748K [0x0000000080000000, 0x000000009db80000, 0x00000000d5580000)
  object space 486912K, 99% used [0x0000000080000000,0x000000009db57138,0x000000009db80000)
 Metaspace       used 79240K, committed 80832K, reserved 1179648K
  class space    used 9602K, committed 10304K, reserved 1048576K
}
Event: 32.185 GC heap after
{Heap after GC invocations=418 (full 3):
 PSYoungGen      total 9728K, used 534K [0x00000000d5580000, 0x00000000d6000000, 0x0000000100000000)
  eden space 8704K, 0% used [0x00000000d5580000,0x00000000d5580000,0x00000000d5e00000)
  from space 1024K, 52% used [0x00000000d5e00000,0x00000000d5e85ba8,0x00000000d5f00000)
  to   space 1024K, 0% used [0x00000000d5f00000,0x00000000d5f00000,0x00000000d6000000)
 ParOldGen       total 487424K, used 487076K [0x0000000080000000, 0x000000009dc00000, 0x00000000d5580000)
  object space 487424K, 99% used [0x0000000080000000,0x000000009dba9138,0x000000009dc00000)
 Metaspace       used 79240K, committed 80832K, reserved 1179648K
  class space    used 9602K, committed 10304K, reserved 1048576K
}
Event: 32.211 GC heap before
{Heap before GC invocations=419 (full 3):
 PSYoungGen      total 9728K, used 9238K [0x00000000d5580000, 0x00000000d6000000, 0x0000000100000000)
  eden space 8704K, 100% used [0x00000000d5580000,0x00000000d5e00000,0x00000000d5e00000)
  from space 1024K, 52% used [0x00000000d5e00000,0x00000000d5e85ba8,0x00000000d5f00000)
  to   space 1024K, 0% used [0x00000000d5f00000,0x00000000d5f00000,0x00000000d6000000)
 ParOldGen       total 487424K, used 487076K [0x0000000080000000, 0x000000009dc00000, 0x00000000d5580000)
  object space 487424K, 99% used [0x0000000080000000,0x000000009dba9138,0x000000009dc00000)
 Metaspace       used 79242K, committed 80832K, reserved 1179648K
  class space    used 9602K, committed 10304K, reserved 1048576K
}
Event: 32.213 GC heap after
{Heap after GC invocations=419 (full 3):
 PSYoungGen      total 9728K, used 608K [0x00000000d5580000, 0x00000000d6000000, 0x0000000100000000)
  eden space 8704K, 0% used [0x00000000d5580000,0x00000000d5580000,0x00000000d5e00000)
  from space 1024K, 59% used [0x00000000d5f00000,0x00000000d5f98000,0x00000000d6000000)
  to   space 1024K, 0% used [0x00000000d5e00000,0x00000000d5e00000,0x00000000d5f00000)
 ParOldGen       total 487936K, used 487475K [0x0000000080000000, 0x000000009dc80000, 0x00000000d5580000)
  object space 487936K, 99% used [0x0000000080000000,0x000000009dc0cce0,0x000000009dc80000)
 Metaspace       used 79242K, committed 80832K, reserved 1179648K
  class space    used 9602K, committed 10304K, reserved 1048576K
}
Event: 32.230 GC heap before
{Heap before GC invocations=420 (full 3):
 PSYoungGen      total 9728K, used 9312K [0x00000000d5580000, 0x00000000d6000000, 0x0000000100000000)
  eden space 8704K, 100% used [0x00000000d5580000,0x00000000d5e00000,0x00000000d5e00000)
  from space 1024K, 59% used [0x00000000d5f00000,0x00000000d5f98000,0x00000000d6000000)
  to   space 1024K, 0% used [0x00000000d5e00000,0x00000000d5e00000,0x00000000d5f00000)
 ParOldGen       total 487936K, used 487475K [0x0000000080000000, 0x000000009dc80000, 0x00000000d5580000)
  object space 487936K, 99% used [0x0000000080000000,0x000000009dc0cce0,0x000000009dc80000)
 Metaspace       used 79242K, committed 80832K, reserved 1179648K
  class space    used 9602K, committed 10304K, reserved 1048576K
}
Event: 32.231 GC heap after
{Heap after GC invocations=420 (full 3):
 PSYoungGen      total 9728K, used 578K [0x00000000d5580000, 0x00000000d6000000, 0x0000000100000000)
  eden space 8704K, 0% used [0x00000000d5580000,0x00000000d5580000,0x00000000d5e00000)
  from space 1024K, 56% used [0x00000000d5e00000,0x00000000d5e90810,0x00000000d5f00000)
  to   space 1024K, 0% used [0x00000000d5f00000,0x00000000d5f00000,0x00000000d6000000)
 ParOldGen       total 488448K, used 487963K [0x0000000080000000, 0x000000009dd00000, 0x00000000d5580000)
  object space 488448K, 99% used [0x0000000080000000,0x000000009dc86ed0,0x000000009dd00000)
 Metaspace       used 79242K, committed 80832K, reserved 1179648K
  class space    used 9602K, committed 10304K, reserved 1048576K
}
Event: 32.259 GC heap before
{Heap before GC invocations=421 (full 3):
 PSYoungGen      total 9728K, used 9282K [0x00000000d5580000, 0x00000000d6000000, 0x0000000100000000)
  eden space 8704K, 100% used [0x00000000d5580000,0x00000000d5e00000,0x00000000d5e00000)
  from space 1024K, 56% used [0x00000000d5e00000,0x00000000d5e90810,0x00000000d5f00000)
  to   space 1024K, 0% used [0x00000000d5f00000,0x00000000d5f00000,0x00000000d6000000)
 ParOldGen       total 488448K, used 487963K [0x0000000080000000, 0x000000009dd00000, 0x00000000d5580000)
  object space 488448K, 99% used [0x0000000080000000,0x000000009dc86ed0,0x000000009dd00000)
 Metaspace       used 79242K, committed 80832K, reserved 1179648K
  class space    used 9602K, committed 10304K, reserved 1048576K
}
Event: 32.261 GC heap after
{Heap after GC invocations=421 (full 3):
 PSYoungGen      total 9728K, used 608K [0x00000000d5580000, 0x00000000d6000000, 0x0000000100000000)
  eden space 8704K, 0% used [0x00000000d5580000,0x00000000d5580000,0x00000000d5e00000)
  from space 1024K, 59% used [0x00000000d5f00000,0x00000000d5f98000,0x00000000d6000000)
  to   space 1024K, 0% used [0x00000000d5e00000,0x00000000d5e00000,0x00000000d5f00000)
 ParOldGen       total 488448K, used 488332K [0x0000000080000000, 0x000000009dd00000, 0x00000000d5580000)
  object space 488448K, 99% used [0x0000000080000000,0x000000009dce3338,0x000000009dd00000)
 Metaspace       used 79242K, committed 80832K, reserved 1179648K
  class space    used 9602K, committed 10304K, reserved 1048576K
}
Event: 32.278 GC heap before
{Heap before GC invocations=422 (full 3):
 PSYoungGen      total 9728K, used 9312K [0x00000000d5580000, 0x00000000d6000000, 0x0000000100000000)
  eden space 8704K, 100% used [0x00000000d5580000,0x00000000d5e00000,0x00000000d5e00000)
  from space 1024K, 59% used [0x00000000d5f00000,0x00000000d5f98000,0x00000000d6000000)
  to   space 1024K, 0% used [0x00000000d5e00000,0x00000000d5e00000,0x00000000d5f00000)
 ParOldGen       total 488448K, used 488332K [0x0000000080000000, 0x000000009dd00000, 0x00000000d5580000)
  object space 488448K, 99% used [0x0000000080000000,0x000000009dce3338,0x000000009dd00000)
 Metaspace       used 79252K, committed 80832K, reserved 1179648K
  class space    used 9602K, committed 10304K, reserved 1048576K
}
Event: 32.280 GC heap after
{Heap after GC invocations=422 (full 3):
 PSYoungGen      total 9728K, used 516K [0x00000000d5580000, 0x00000000d6000000, 0x0000000100000000)
  eden space 8704K, 0% used [0x00000000d5580000,0x00000000d5580000,0x00000000d5e00000)
  from space 1024K, 50% used [0x00000000d5e00000,0x00000000d5e81090,0x00000000d5f00000)
  to   space 1024K, 0% used [0x00000000d5f00000,0x00000000d5f00000,0x00000000d6000000)
 ParOldGen       total 488960K, used 488836K [0x0000000080000000, 0x000000009dd80000, 0x00000000d5580000)
  object space 488960K, 99% used [0x0000000080000000,0x000000009dd61000,0x000000009dd80000)
 Metaspace       used 79252K, committed 80832K, reserved 1179648K
  class space    used 9602K, committed 10304K, reserved 1048576K
}
Event: 32.295 GC heap before
{Heap before GC invocations=423 (full 3):
 PSYoungGen      total 9728K, used 9220K [0x00000000d5580000, 0x00000000d6000000, 0x0000000100000000)
  eden space 8704K, 100% used [0x00000000d5580000,0x00000000d5e00000,0x00000000d5e00000)
  from space 1024K, 50% used [0x00000000d5e00000,0x00000000d5e81090,0x00000000d5f00000)
  to   space 1024K, 0% used [0x00000000d5f00000,0x00000000d5f00000,0x00000000d6000000)
 ParOldGen       total 488960K, used 488836K [0x0000000080000000, 0x000000009dd80000, 0x00000000d5580000)
  object space 488960K, 99% used [0x0000000080000000,0x000000009dd61000,0x000000009dd80000)
 Metaspace       used 79252K, committed 80832K, reserved 1179648K
  class space    used 9602K, committed 10304K, reserved 1048576K
}
Event: 32.296 GC heap after
{Heap after GC invocations=423 (full 3):
 PSYoungGen      total 9728K, used 577K [0x00000000d5580000, 0x00000000d6000000, 0x0000000100000000)
  eden space 8704K, 0% used [0x00000000d5580000,0x00000000d5580000,0x00000000d5e00000)
  from space 1024K, 56% used [0x00000000d5f00000,0x00000000d5f90520,0x00000000d6000000)
  to   space 1024K, 0% used [0x00000000d5e00000,0x00000000d5e00000,0x00000000d5f00000)
 ParOldGen       total 489472K, used 489229K [0x0000000080000000, 0x000000009de00000, 0x00000000d5580000)
  object space 489472K, 99% used [0x0000000080000000,0x000000009ddc3700,0x000000009de00000)
 Metaspace       used 79252K, committed 80832K, reserved 1179648K
  class space    used 9602K, committed 10304K, reserved 1048576K
}

