# JRE version: OpenJDK Runtime Environment Temurin-17.0.8+7 (17.0.8+7) (build 17.0.8+7)
# Java VM: OpenJDK 64-Bit Server VM Temurin-17.0.8+7 (17.0.8+7, mixed mode, sharing, tiered, compressed oops, compressed class ptrs, serial gc, windows-amd64)
GC Precious Log:
 CPUs: 8 total, 8 available
 Memory: 16103M
 Large Page Support: Disabled
 NUMA Support: Disabled
 Compressed Oops: Enabled (32-bit)
 Heap Min Capacity: 256M
 Heap Initial Capacity: 256M
 Heap Max Capacity: 512M
 Pre-touch: Disabled
Heap:
 def new generation   total 78656K, used 51715K [0x00000000e0000000, 0x00000000e5550000, 0x00000000eaaa0000)
  eden space 69952K,  62% used [0x00000000e0000000, 0x00000000e2a7f7d0, 0x00000000e4450000)
  from space 8704K,  94% used [0x00000000e4450000, 0x00000000e4c51788, 0x00000000e4cd0000)
  to   space 8704K,   0% used [0x00000000e4cd0000, 0x00000000e4cd0000, 0x00000000e5550000)
 tenured generation   total 174784K, used 10815K [0x00000000eaaa0000, 0x00000000f5550000, 0x0000000100000000)
   the space 174784K,   6% used [0x00000000eaaa0000, 0x00000000eb52fd08, 0x00000000eb52fe00, 0x00000000f5550000)
 Metaspace       used 17681K, committed 18048K, reserved 278528K
  class space    used 2515K, committed 2688K, reserved 212992K
GC Heap History (4 events):
Event: 6.407 GC heap before
{Heap before GC invocations=0 (full 0):
 def new generation   total 78656K, used 69952K [0x00000000e0000000, 0x00000000e5550000, 0x00000000eaaa0000)
  eden space 69952K, 100% used [0x00000000e0000000, 0x00000000e4450000, 0x00000000e4450000)
  from space 8704K,   0% used [0x00000000e4450000, 0x00000000e4450000, 0x00000000e4cd0000)
  to   space 8704K,   0% used [0x00000000e4cd0000, 0x00000000e4cd0000, 0x00000000e5550000)
 tenured generation   total 174784K, used 0K [0x00000000eaaa0000, 0x00000000f5550000, 0x0000000100000000)
   the space 174784K,   0% used [0x00000000eaaa0000, 0x00000000eaaa0000, 0x00000000eaaa0200, 0x00000000f5550000)
 Metaspace       used 4404K, committed 4608K, reserved 278528K
  class space    used 547K, committed 640K, reserved 212992K
}
Event: 6.418 GC heap after
{Heap after GC invocations=1 (full 0):
 def new generation   total 78656K, used 8703K [0x00000000e0000000, 0x00000000e5550000, 0x00000000eaaa0000)
  eden space 69952K,   0% used [0x00000000e0000000, 0x00000000e0000000, 0x00000000e4450000)
  from space 8704K,  99% used [0x00000000e4cd0000, 0x00000000e554fff8, 0x00000000e5550000)
  to   space 8704K,   0% used [0x00000000e4450000, 0x00000000e4450000, 0x00000000e4cd0000)
 tenured generation   total 174784K, used 2231K [0x00000000eaaa0000, 0x00000000f5550000, 0x0000000100000000)
   the space 174784K,   1% used [0x00000000eaaa0000, 0x00000000eaccdef8, 0x00000000eacce000, 0x00000000f5550000)
 Metaspace       used 4404K, committed 4608K, reserved 278528K
  class space    used 547K, committed 640K, reserved 212992K
}
Event: 11.314 GC heap before
{Heap before GC invocations=1 (full 0):
 def new generation   total 78656K, used 78655K [0x00000000e0000000, 0x00000000e5550000, 0x00000000eaaa0000)
  eden space 69952K, 100% used [0x00000000e0000000, 0x00000000e4450000, 0x00000000e4450000)
  from space 8704K,  99% used [0x00000000e4cd0000, 0x00000000e554fff8, 0x00000000e5550000)
  to   space 8704K,   0% used [0x00000000e4450000, 0x00000000e4450000, 0x00000000e4cd0000)
 tenured generation   total 174784K, used 2231K [0x00000000eaaa0000, 0x00000000f5550000, 0x0000000100000000)
   the space 174784K,   1% used [0x00000000eaaa0000, 0x00000000eaccdef8, 0x00000000eacce000, 0x00000000f5550000)
 Metaspace       used 11483K, committed 11712K, reserved 278528K
  class space    used 1527K, committed 1600K, reserved 212992K
}
Event: 11.332 GC heap after
{Heap after GC invocations=2 (full 0):
 def new generation   total 78656K, used 8197K [0x00000000e0000000, 0x00000000e5550000, 0x00000000eaaa0000)
  eden space 69952K,   0% used [0x00000000e0000000, 0x00000000e0000000, 0x00000000e4450000)
  from space 8704K,  94% used [0x00000000e4450000, 0x00000000e4c51788, 0x00000000e4cd0000)
  to   space 8704K,   0% used [0x00000000e4cd0000, 0x00000000e4cd0000, 0x00000000e5550000)
 tenured generation   total 174784K, used 10815K [0x00000000eaaa0000, 0x00000000f5550000, 0x0000000100000000)
   the space 174784K,   6% used [0x00000000eaaa0000, 0x00000000eb52fd08, 0x00000000eb52fe00, 0x00000000f5550000)
 Metaspace       used 11483K, committed 11712K, reserved 278528K
  class space    used 1527K, committed 1600K, reserved 212992K
}

