# JRE version: OpenJDK Runtime Environment Temurin-17.0.8+7 (17.0.8+7) (build 17.0.8+7)
# Java VM: OpenJDK 64-Bit Server VM Temurin-17.0.8+7 (17.0.8+7, mixed mode, sharing, tiered, compressed oops, compressed class ptrs, serial gc, windows-amd64)
GC Precious Log:
 CPUs: 8 total, 8 available
 Memory: 16103M
 Large Page Support: Disabled
 NUMA Support: Disabled
 Compressed Oops: Enabled (32-bit)
 Heap Min Capacity: 256M
 Heap Initial Capacity: 256M
 Heap Max Capacity: 512M
 Pre-touch: Disabled
Heap:
 def new generation   total 78912K, used 20167K [0x00000000e0000000, 0x00000000e55a0000, 0x00000000eaaa0000)
  eden space 70144K,  28% used [0x00000000e0000000, 0x00000000e13b1df8, 0x00000000e4480000)
  from space 8768K,   0% used [0x00000000e4480000, 0x00000000e4480000, 0x00000000e4d10000)
  to   space 8768K,   0% used [0x00000000e4d10000, 0x00000000e4d10000, 0x00000000e55a0000)
 tenured generation   total 174784K, used 45749K [0x00000000eaaa0000, 0x00000000f5550000, 0x0000000100000000)
   the space 174784K,  26% used [0x00000000eaaa0000, 0x00000000ed74d670, 0x00000000ed74d800, 0x00000000f5550000)
 Metaspace       used 60850K, committed 61440K, reserved 278528K
  class space    used 8594K, committed 8896K, reserved 212992K
GC Heap History (20 events):
Event: 4.130 GC heap before
{Heap before GC invocations=1 (full 0):
 def new generation   total 78656K, used 78655K [0x00000000e0000000, 0x00000000e5550000, 0x00000000eaaa0000)
  eden space 69952K, 100% used [0x00000000e0000000, 0x00000000e4450000, 0x00000000e4450000)
  from space 8704K,  99% used [0x00000000e4cd0000, 0x00000000e554fff8, 0x00000000e5550000)
  to   space 8704K,   0% used [0x00000000e4450000, 0x00000000e4450000, 0x00000000e4cd0000)
 tenured generation   total 174784K, used 2245K [0x00000000eaaa0000, 0x00000000f5550000, 0x0000000100000000)
   the space 174784K,   1% used [0x00000000eaaa0000, 0x00000000eacd1410, 0x00000000eacd1600, 0x00000000f5550000)
 Metaspace       used 11454K, committed 11648K, reserved 278528K
  class space    used 1528K, committed 1600K, reserved 212992K
}
Event: 4.144 GC heap after
{Heap after GC invocations=2 (full 0):
 def new generation   total 78656K, used 8206K [0x00000000e0000000, 0x00000000e5550000, 0x00000000eaaa0000)
  eden space 69952K,   0% used [0x00000000e0000000, 0x00000000e0000000, 0x00000000e4450000)
  from space 8704K,  94% used [0x00000000e4450000, 0x00000000e4c538e0, 0x00000000e4cd0000)
  to   space 8704K,   0% used [0x00000000e4cd0000, 0x00000000e4cd0000, 0x00000000e5550000)
 tenured generation   total 174784K, used 10815K [0x00000000eaaa0000, 0x00000000f5550000, 0x0000000100000000)
   the space 174784K,   6% used [0x00000000eaaa0000, 0x00000000eb52ff10, 0x00000000eb530000, 0x00000000f5550000)
 Metaspace       used 11454K, committed 11648K, reserved 278528K
  class space    used 1528K, committed 1600K, reserved 212992K
}
Event: 4.796 GC heap before
{Heap before GC invocations=2 (full 0):
 def new generation   total 78656K, used 78158K [0x00000000e0000000, 0x00000000e5550000, 0x00000000eaaa0000)
  eden space 69952K, 100% used [0x00000000e0000000, 0x00000000e4450000, 0x00000000e4450000)
  from space 8704K,  94% used [0x00000000e4450000, 0x00000000e4c538e0, 0x00000000e4cd0000)
  to   space 8704K,   0% used [0x00000000e4cd0000, 0x00000000e4cd0000, 0x00000000e5550000)
 tenured generation   total 174784K, used 10815K [0x00000000eaaa0000, 0x00000000f5550000, 0x0000000100000000)
   the space 174784K,   6% used [0x00000000eaaa0000, 0x00000000eb52ff10, 0x00000000eb530000, 0x00000000f5550000)
 Metaspace       used 20672K, committed 21056K, reserved 278528K
  class space    used 3002K, committed 3200K, reserved 212992K
}
Event: 4.811 GC heap after
{Heap after GC invocations=3 (full 0):
 def new generation   total 78656K, used 3791K [0x00000000e0000000, 0x00000000e5550000, 0x00000000eaaa0000)
  eden space 69952K,   0% used [0x00000000e0000000, 0x00000000e0000000, 0x00000000e4450000)
  from space 8704K,  43% used [0x00000000e4cd0000, 0x00000000e5083ea8, 0x00000000e5550000)
  to   space 8704K,   0% used [0x00000000e4450000, 0x00000000e4450000, 0x00000000e4cd0000)
 tenured generation   total 174784K, used 18888K [0x00000000eaaa0000, 0x00000000f5550000, 0x0000000100000000)
   the space 174784K,  10% used [0x00000000eaaa0000, 0x00000000ebd121b0, 0x00000000ebd12200, 0x00000000f5550000)
 Metaspace       used 20672K, committed 21056K, reserved 278528K
  class space    used 3002K, committed 3200K, reserved 212992K
}
Event: 4.849 GC heap before
{Heap before GC invocations=3 (full 0):
 def new generation   total 78656K, used 9384K [0x00000000e0000000, 0x00000000e5550000, 0x00000000eaaa0000)
  eden space 69952K,   7% used [0x00000000e0000000, 0x00000000e0576550, 0x00000000e4450000)
  from space 8704K,  43% used [0x00000000e4cd0000, 0x00000000e5083ea8, 0x00000000e5550000)
  to   space 8704K,   0% used [0x00000000e4450000, 0x00000000e4450000, 0x00000000e4cd0000)
 tenured generation   total 174784K, used 18888K [0x00000000eaaa0000, 0x00000000f5550000, 0x0000000100000000)
   the space 174784K,  10% used [0x00000000eaaa0000, 0x00000000ebd121b0, 0x00000000ebd12200, 0x00000000f5550000)
 Metaspace       used 21186K, committed 21504K, reserved 278528K
  class space    used 3087K, committed 3264K, reserved 212992K
}
Event: 4.872 GC heap after
{Heap after GC invocations=4 (full 1):
 def new generation   total 78784K, used 0K [0x00000000e0000000, 0x00000000e5570000, 0x00000000eaaa0000)
  eden space 70080K,   0% used [0x00000000e0000000, 0x00000000e0000000, 0x00000000e4470000)
  from space 8704K,   0% used [0x00000000e4470000, 0x00000000e4470000, 0x00000000e4cf0000)
  to   space 8704K,   0% used [0x00000000e4cf0000, 0x00000000e4cf0000, 0x00000000e5570000)
 tenured generation   total 174784K, used 22775K [0x00000000eaaa0000, 0x00000000f5550000, 0x0000000100000000)
   the space 174784K,  13% used [0x00000000eaaa0000, 0x00000000ec0ddc80, 0x00000000ec0dde00, 0x00000000f5550000)
 Metaspace       used 21186K, committed 21504K, reserved 278528K
  class space    used 3087K, committed 3264K, reserved 212992K
}
Event: 5.529 GC heap before
{Heap before GC invocations=4 (full 1):
 def new generation   total 78784K, used 70080K [0x00000000e0000000, 0x00000000e5570000, 0x00000000eaaa0000)
  eden space 70080K, 100% used [0x00000000e0000000, 0x00000000e4470000, 0x00000000e4470000)
  from space 8704K,   0% used [0x00000000e4470000, 0x00000000e4470000, 0x00000000e4cf0000)
  to   space 8704K,   0% used [0x00000000e4cf0000, 0x00000000e4cf0000, 0x00000000e5570000)
 tenured generation   total 174784K, used 22775K [0x00000000eaaa0000, 0x00000000f5550000, 0x0000000100000000)
   the space 174784K,  13% used [0x00000000eaaa0000, 0x00000000ec0ddc80, 0x00000000ec0dde00, 0x00000000f5550000)
 Metaspace       used 29697K, committed 30080K, reserved 278528K
  class space    used 4370K, committed 4544K, reserved 212992K
}
Event: 5.538 GC heap after
{Heap after GC invocations=5 (full 1):
 def new generation   total 78784K, used 4263K [0x00000000e0000000, 0x00000000e5570000, 0x00000000eaaa0000)
  eden space 70080K,   0% used [0x00000000e0000000, 0x00000000e0000000, 0x00000000e4470000)
  from space 8704K,  48% used [0x00000000e4cf0000, 0x00000000e5119d00, 0x00000000e5570000)
  to   space 8704K,   0% used [0x00000000e4470000, 0x00000000e4470000, 0x00000000e4cf0000)
 tenured generation   total 174784K, used 22775K [0x00000000eaaa0000, 0x00000000f5550000, 0x0000000100000000)
   the space 174784K,  13% used [0x00000000eaaa0000, 0x00000000ec0ddc80, 0x00000000ec0dde00, 0x00000000f5550000)
 Metaspace       used 29697K, committed 30080K, reserved 278528K
  class space    used 4370K, committed 4544K, reserved 212992K
}
Event: 5.864 GC heap before
{Heap before GC invocations=5 (full 1):
 def new generation   total 78784K, used 36816K [0x00000000e0000000, 0x00000000e5570000, 0x00000000eaaa0000)
  eden space 70080K,  46% used [0x00000000e0000000, 0x00000000e1fca3d0, 0x00000000e4470000)
  from space 8704K,  48% used [0x00000000e4cf0000, 0x00000000e5119d00, 0x00000000e5570000)
  to   space 8704K,   0% used [0x00000000e4470000, 0x00000000e4470000, 0x00000000e4cf0000)
 tenured generation   total 174784K, used 22775K [0x00000000eaaa0000, 0x00000000f5550000, 0x0000000100000000)
   the space 174784K,  13% used [0x00000000eaaa0000, 0x00000000ec0ddc80, 0x00000000ec0dde00, 0x00000000f5550000)
 Metaspace       used 35385K, committed 35840K, reserved 278528K
  class space    used 5036K, committed 5248K, reserved 212992K
}
Event: 5.900 GC heap after
{Heap after GC invocations=6 (full 2):
 def new generation   total 78848K, used 0K [0x00000000e0000000, 0x00000000e5580000, 0x00000000eaaa0000)
  eden space 70144K,   0% used [0x00000000e0000000, 0x00000000e0000000, 0x00000000e4480000)
  from space 8704K,   0% used [0x00000000e4480000, 0x00000000e4480000, 0x00000000e4d00000)
  to   space 8704K,   0% used [0x00000000e4d00000, 0x00000000e4d00000, 0x00000000e5580000)
 tenured generation   total 174784K, used 29758K [0x00000000eaaa0000, 0x00000000f5550000, 0x0000000100000000)
   the space 174784K,  17% used [0x00000000eaaa0000, 0x00000000ec7afab8, 0x00000000ec7afc00, 0x00000000f5550000)
 Metaspace       used 35385K, committed 35840K, reserved 278528K
  class space    used 5036K, committed 5248K, reserved 212992K
}
Event: 6.419 GC heap before
{Heap before GC invocations=6 (full 2):
 def new generation   total 78848K, used 70144K [0x00000000e0000000, 0x00000000e5580000, 0x00000000eaaa0000)
  eden space 70144K, 100% used [0x00000000e0000000, 0x00000000e4480000, 0x00000000e4480000)
  from space 8704K,   0% used [0x00000000e4480000, 0x00000000e4480000, 0x00000000e4d00000)
  to   space 8704K,   0% used [0x00000000e4d00000, 0x00000000e4d00000, 0x00000000e5580000)
 tenured generation   total 174784K, used 29758K [0x00000000eaaa0000, 0x00000000f5550000, 0x0000000100000000)
   the space 174784K,  17% used [0x00000000eaaa0000, 0x00000000ec7afab8, 0x00000000ec7afc00, 0x00000000f5550000)
 Metaspace       used 40380K, committed 40896K, reserved 278528K
  class space    used 5627K, committed 5888K, reserved 212992K
}
Event: 6.431 GC heap after
{Heap after GC invocations=7 (full 2):
 def new generation   total 78848K, used 6143K [0x00000000e0000000, 0x00000000e5580000, 0x00000000eaaa0000)
  eden space 70144K,   0% used [0x00000000e0000000, 0x00000000e0000000, 0x00000000e4480000)
  from space 8704K,  70% used [0x00000000e4d00000, 0x00000000e52ffe40, 0x00000000e5580000)
  to   space 8704K,   0% used [0x00000000e4480000, 0x00000000e4480000, 0x00000000e4d00000)
 tenured generation   total 174784K, used 29758K [0x00000000eaaa0000, 0x00000000f5550000, 0x0000000100000000)
   the space 174784K,  17% used [0x00000000eaaa0000, 0x00000000ec7afab8, 0x00000000ec7afc00, 0x00000000f5550000)
 Metaspace       used 40380K, committed 40896K, reserved 278528K
  class space    used 5627K, committed 5888K, reserved 212992K
}
Event: 6.919 GC heap before
{Heap before GC invocations=7 (full 2):
 def new generation   total 78848K, used 76287K [0x00000000e0000000, 0x00000000e5580000, 0x00000000eaaa0000)
  eden space 70144K, 100% used [0x00000000e0000000, 0x00000000e4480000, 0x00000000e4480000)
  from space 8704K,  70% used [0x00000000e4d00000, 0x00000000e52ffe40, 0x00000000e5580000)
  to   space 8704K,   0% used [0x00000000e4480000, 0x00000000e4480000, 0x00000000e4d00000)
 tenured generation   total 174784K, used 29758K [0x00000000eaaa0000, 0x00000000f5550000, 0x0000000100000000)
   the space 174784K,  17% used [0x00000000eaaa0000, 0x00000000ec7afab8, 0x00000000ec7afc00, 0x00000000f5550000)
 Metaspace       used 45315K, committed 45888K, reserved 278528K
  class space    used 6334K, committed 6592K, reserved 212992K
}
Event: 6.932 GC heap after
{Heap after GC invocations=8 (full 2):
 def new generation   total 78848K, used 2205K [0x00000000e0000000, 0x00000000e5580000, 0x00000000eaaa0000)
  eden space 70144K,   0% used [0x00000000e0000000, 0x00000000e0000000, 0x00000000e4480000)
  from space 8704K,  25% used [0x00000000e4480000, 0x00000000e46a7690, 0x00000000e4d00000)
  to   space 8704K,   0% used [0x00000000e4d00000, 0x00000000e4d00000, 0x00000000e5580000)
 tenured generation   total 174784K, used 35871K [0x00000000eaaa0000, 0x00000000f5550000, 0x0000000100000000)
   the space 174784K,  20% used [0x00000000eaaa0000, 0x00000000ecda7c68, 0x00000000ecda7e00, 0x00000000f5550000)
 Metaspace       used 45315K, committed 45888K, reserved 278528K
  class space    used 6334K, committed 6592K, reserved 212992K
}
Event: 7.581 GC heap before
{Heap before GC invocations=8 (full 2):
 def new generation   total 78848K, used 72349K [0x00000000e0000000, 0x00000000e5580000, 0x00000000eaaa0000)
  eden space 70144K, 100% used [0x00000000e0000000, 0x00000000e4480000, 0x00000000e4480000)
  from space 8704K,  25% used [0x00000000e4480000, 0x00000000e46a7690, 0x00000000e4d00000)
  to   space 8704K,   0% used [0x00000000e4d00000, 0x00000000e4d00000, 0x00000000e5580000)
 tenured generation   total 174784K, used 35871K [0x00000000eaaa0000, 0x00000000f5550000, 0x0000000100000000)
   the space 174784K,  20% used [0x00000000eaaa0000, 0x00000000ecda7c68, 0x00000000ecda7e00, 0x00000000f5550000)
 Metaspace       used 50773K, committed 51456K, reserved 278528K
  class space    used 7173K, committed 7488K, reserved 212992K
}
Event: 7.591 GC heap after
{Heap after GC invocations=9 (full 2):
 def new generation   total 78848K, used 5156K [0x00000000e0000000, 0x00000000e5580000, 0x00000000eaaa0000)
  eden space 70144K,   0% used [0x00000000e0000000, 0x00000000e0000000, 0x00000000e4480000)
  from space 8704K,  59% used [0x00000000e4d00000, 0x00000000e52092e8, 0x00000000e5580000)
  to   space 8704K,   0% used [0x00000000e4480000, 0x00000000e4480000, 0x00000000e4d00000)
 tenured generation   total 174784K, used 35871K [0x00000000eaaa0000, 0x00000000f5550000, 0x0000000100000000)
   the space 174784K,  20% used [0x00000000eaaa0000, 0x00000000ecda7c68, 0x00000000ecda7e00, 0x00000000f5550000)
 Metaspace       used 50773K, committed 51456K, reserved 278528K
  class space    used 7173K, committed 7488K, reserved 212992K
}
Event: 8.310 GC heap before
{Heap before GC invocations=9 (full 2):
 def new generation   total 78848K, used 75300K [0x00000000e0000000, 0x00000000e5580000, 0x00000000eaaa0000)
  eden space 70144K, 100% used [0x00000000e0000000, 0x00000000e4480000, 0x00000000e4480000)
  from space 8704K,  59% used [0x00000000e4d00000, 0x00000000e52092e8, 0x00000000e5580000)
  to   space 8704K,   0% used [0x00000000e4480000, 0x00000000e4480000, 0x00000000e4d00000)
 tenured generation   total 174784K, used 35871K [0x00000000eaaa0000, 0x00000000f5550000, 0x0000000100000000)
   the space 174784K,  20% used [0x00000000eaaa0000, 0x00000000ecda7c68, 0x00000000ecda7e00, 0x00000000f5550000)
 Metaspace       used 57674K, committed 58304K, reserved 278528K
  class space    used 8155K, committed 8448K, reserved 212992K
}
Event: 8.335 GC heap after
{Heap after GC invocations=10 (full 2):
 def new generation   total 78848K, used 6776K [0x00000000e0000000, 0x00000000e5580000, 0x00000000eaaa0000)
  eden space 70144K,   0% used [0x00000000e0000000, 0x00000000e0000000, 0x00000000e4480000)
  from space 8704K,  77% used [0x00000000e4480000, 0x00000000e4b1e1a0, 0x00000000e4d00000)
  to   space 8704K,   0% used [0x00000000e4d00000, 0x00000000e4d00000, 0x00000000e5580000)
 tenured generation   total 174784K, used 37976K [0x00000000eaaa0000, 0x00000000f5550000, 0x0000000100000000)
   the space 174784K,  21% used [0x00000000eaaa0000, 0x00000000ecfb6200, 0x00000000ecfb6200, 0x00000000f5550000)
 Metaspace       used 57674K, committed 58304K, reserved 278528K
  class space    used 8155K, committed 8448K, reserved 212992K
}
Event: 10.614 GC heap before
{Heap before GC invocations=10 (full 2):
 def new generation   total 78848K, used 24139K [0x00000000e0000000, 0x00000000e5580000, 0x00000000eaaa0000)
  eden space 70144K,  24% used [0x00000000e0000000, 0x00000000e10f4aa0, 0x00000000e4480000)
  from space 8704K,  77% used [0x00000000e4480000, 0x00000000e4b1e1a0, 0x00000000e4d00000)
  to   space 8704K,   0% used [0x00000000e4d00000, 0x00000000e4d00000, 0x00000000e5580000)
 tenured generation   total 174784K, used 37976K [0x00000000eaaa0000, 0x00000000f5550000, 0x0000000100000000)
   the space 174784K,  21% used [0x00000000eaaa0000, 0x00000000ecfb6200, 0x00000000ecfb6200, 0x00000000f5550000)
 Metaspace       used 59101K, committed 59776K, reserved 278528K
  class space    used 8376K, committed 8704K, reserved 212992K
}
Event: 10.734 GC heap after
{Heap after GC invocations=11 (full 3):
 def new generation   total 78912K, used 0K [0x00000000e0000000, 0x00000000e55a0000, 0x00000000eaaa0000)
  eden space 70144K,   0% used [0x00000000e0000000, 0x00000000e0000000, 0x00000000e4480000)
  from space 8768K,   0% used [0x00000000e4480000, 0x00000000e4480000, 0x00000000e4d10000)
  to   space 8768K,   0% used [0x00000000e4d10000, 0x00000000e4d10000, 0x00000000e55a0000)
 tenured generation   total 174784K, used 45749K [0x00000000eaaa0000, 0x00000000f5550000, 0x0000000100000000)
   the space 174784K,  26% used [0x00000000eaaa0000, 0x00000000ed74d670, 0x00000000ed74d800, 0x00000000f5550000)
 Metaspace       used 59101K, committed 59776K, reserved 278528K
  class space    used 8376K, committed 8704K, reserved 212992K
}

