# JRE version: OpenJDK Runtime Environment Temurin-17.0.8+7 (17.0.8+7) (build 17.0.8+7)
# Java VM: OpenJDK 64-Bit Server VM Temurin-17.0.8+7 (17.0.8+7, mixed mode, sharing, tiered, compressed oops, compressed class ptrs, serial gc, windows-amd64)
GC Precious Log:
 CPUs: 8 total, 8 available
 Memory: 16103M
 Large Page Support: Disabled
 NUMA Support: Disabled
 Compressed Oops: Enabled (32-bit)
 Heap Min Capacity: 256M
 Heap Initial Capacity: 256M
 Heap Max Capacity: 512M
 Pre-touch: Disabled
Heap:
 def new generation   total 78912K, used 69608K [0x00000000e0000000, 0x00000000e55a0000, 0x00000000eaaa0000)
  eden space 70144K,  99% used [0x00000000e0000000, 0x00000000e43fa0d0, 0x00000000e4480000)
  from space 8768K,   0% used [0x00000000e4480000, 0x00000000e4480000, 0x00000000e4d10000)
  to   space 8768K,   0% used [0x00000000e4d10000, 0x00000000e4d10000, 0x00000000e55a0000)
 tenured generation   total 174784K, used 45878K [0x00000000eaaa0000, 0x00000000f5550000, 0x0000000100000000)
   the space 174784K,  26% used [0x00000000eaaa0000, 0x00000000ed76d908, 0x00000000ed76da00, 0x00000000f5550000)
 Metaspace       used 61762K, committed 62464K, reserved 278528K
  class space    used 8624K, committed 8960K, reserved 212992K
GC Heap History (20 events):
Event: 4.181 GC heap before
{Heap before GC invocations=1 (full 0):
 def new generation   total 78656K, used 78655K [0x00000000e0000000, 0x00000000e5550000, 0x00000000eaaa0000)
  eden space 69952K, 100% used [0x00000000e0000000, 0x00000000e4450000, 0x00000000e4450000)
  from space 8704K,  99% used [0x00000000e4cd0000, 0x00000000e554fff8, 0x00000000e5550000)
  to   space 8704K,   0% used [0x00000000e4450000, 0x00000000e4450000, 0x00000000e4cd0000)
 tenured generation   total 174784K, used 2236K [0x00000000eaaa0000, 0x00000000f5550000, 0x0000000100000000)
   the space 174784K,   1% used [0x00000000eaaa0000, 0x00000000eaccf220, 0x00000000eaccf400, 0x00000000f5550000)
 Metaspace       used 11452K, committed 11648K, reserved 278528K
  class space    used 1525K, committed 1600K, reserved 212992K
}
Event: 4.194 GC heap after
{Heap after GC invocations=2 (full 0):
 def new generation   total 78656K, used 8212K [0x00000000e0000000, 0x00000000e5550000, 0x00000000eaaa0000)
  eden space 69952K,   0% used [0x00000000e0000000, 0x00000000e0000000, 0x00000000e4450000)
  from space 8704K,  94% used [0x00000000e4450000, 0x00000000e4c551e0, 0x00000000e4cd0000)
  to   space 8704K,   0% used [0x00000000e4cd0000, 0x00000000e4cd0000, 0x00000000e5550000)
 tenured generation   total 174784K, used 10815K [0x00000000eaaa0000, 0x00000000f5550000, 0x0000000100000000)
   the space 174784K,   6% used [0x00000000eaaa0000, 0x00000000eb52ff50, 0x00000000eb530000, 0x00000000f5550000)
 Metaspace       used 11452K, committed 11648K, reserved 278528K
  class space    used 1525K, committed 1600K, reserved 212992K
}
Event: 4.848 GC heap before
{Heap before GC invocations=2 (full 0):
 def new generation   total 78656K, used 78164K [0x00000000e0000000, 0x00000000e5550000, 0x00000000eaaa0000)
  eden space 69952K, 100% used [0x00000000e0000000, 0x00000000e4450000, 0x00000000e4450000)
  from space 8704K,  94% used [0x00000000e4450000, 0x00000000e4c551e0, 0x00000000e4cd0000)
  to   space 8704K,   0% used [0x00000000e4cd0000, 0x00000000e4cd0000, 0x00000000e5550000)
 tenured generation   total 174784K, used 10815K [0x00000000eaaa0000, 0x00000000f5550000, 0x0000000100000000)
   the space 174784K,   6% used [0x00000000eaaa0000, 0x00000000eb52ff50, 0x00000000eb530000, 0x00000000f5550000)
 Metaspace       used 20669K, committed 20992K, reserved 278528K
  class space    used 3001K, committed 3136K, reserved 212992K
}
Event: 4.862 GC heap after
{Heap after GC invocations=3 (full 0):
 def new generation   total 78656K, used 3791K [0x00000000e0000000, 0x00000000e5550000, 0x00000000eaaa0000)
  eden space 69952K,   0% used [0x00000000e0000000, 0x00000000e0000000, 0x00000000e4450000)
  from space 8704K,  43% used [0x00000000e4cd0000, 0x00000000e5083fa0, 0x00000000e5550000)
  to   space 8704K,   0% used [0x00000000e4450000, 0x00000000e4450000, 0x00000000e4cd0000)
 tenured generation   total 174784K, used 18886K [0x00000000eaaa0000, 0x00000000f5550000, 0x0000000100000000)
   the space 174784K,  10% used [0x00000000eaaa0000, 0x00000000ebd11a70, 0x00000000ebd11c00, 0x00000000f5550000)
 Metaspace       used 20669K, committed 20992K, reserved 278528K
  class space    used 3001K, committed 3136K, reserved 212992K
}
Event: 4.898 GC heap before
{Heap before GC invocations=3 (full 0):
 def new generation   total 78656K, used 9377K [0x00000000e0000000, 0x00000000e5550000, 0x00000000eaaa0000)
  eden space 69952K,   7% used [0x00000000e0000000, 0x00000000e0574578, 0x00000000e4450000)
  from space 8704K,  43% used [0x00000000e4cd0000, 0x00000000e5083fa0, 0x00000000e5550000)
  to   space 8704K,   0% used [0x00000000e4450000, 0x00000000e4450000, 0x00000000e4cd0000)
 tenured generation   total 174784K, used 18886K [0x00000000eaaa0000, 0x00000000f5550000, 0x0000000100000000)
   the space 174784K,  10% used [0x00000000eaaa0000, 0x00000000ebd11a70, 0x00000000ebd11c00, 0x00000000f5550000)
 Metaspace       used 21179K, committed 21504K, reserved 278528K
  class space    used 3087K, committed 3264K, reserved 212992K
}
Event: 4.927 GC heap after
{Heap after GC invocations=4 (full 1):
 def new generation   total 78784K, used 0K [0x00000000e0000000, 0x00000000e5570000, 0x00000000eaaa0000)
  eden space 70080K,   0% used [0x00000000e0000000, 0x00000000e0000000, 0x00000000e4470000)
  from space 8704K,   0% used [0x00000000e4470000, 0x00000000e4470000, 0x00000000e4cf0000)
  to   space 8704K,   0% used [0x00000000e4cf0000, 0x00000000e4cf0000, 0x00000000e5570000)
 tenured generation   total 174784K, used 22757K [0x00000000eaaa0000, 0x00000000f5550000, 0x0000000100000000)
   the space 174784K,  13% used [0x00000000eaaa0000, 0x00000000ec0d9440, 0x00000000ec0d9600, 0x00000000f5550000)
 Metaspace       used 21179K, committed 21504K, reserved 278528K
  class space    used 3087K, committed 3264K, reserved 212992K
}
Event: 5.714 GC heap before
{Heap before GC invocations=4 (full 1):
 def new generation   total 78784K, used 70080K [0x00000000e0000000, 0x00000000e5570000, 0x00000000eaaa0000)
  eden space 70080K, 100% used [0x00000000e0000000, 0x00000000e4470000, 0x00000000e4470000)
  from space 8704K,   0% used [0x00000000e4470000, 0x00000000e4470000, 0x00000000e4cf0000)
  to   space 8704K,   0% used [0x00000000e4cf0000, 0x00000000e4cf0000, 0x00000000e5570000)
 tenured generation   total 174784K, used 22757K [0x00000000eaaa0000, 0x00000000f5550000, 0x0000000100000000)
   the space 174784K,  13% used [0x00000000eaaa0000, 0x00000000ec0d9440, 0x00000000ec0d9600, 0x00000000f5550000)
 Metaspace       used 29676K, committed 30080K, reserved 278528K
  class space    used 4368K, committed 4544K, reserved 212992K
}
Event: 5.724 GC heap after
{Heap after GC invocations=5 (full 1):
 def new generation   total 78784K, used 4260K [0x00000000e0000000, 0x00000000e5570000, 0x00000000eaaa0000)
  eden space 70080K,   0% used [0x00000000e0000000, 0x00000000e0000000, 0x00000000e4470000)
  from space 8704K,  48% used [0x00000000e4cf0000, 0x00000000e5119360, 0x00000000e5570000)
  to   space 8704K,   0% used [0x00000000e4470000, 0x00000000e4470000, 0x00000000e4cf0000)
 tenured generation   total 174784K, used 22757K [0x00000000eaaa0000, 0x00000000f5550000, 0x0000000100000000)
   the space 174784K,  13% used [0x00000000eaaa0000, 0x00000000ec0d9440, 0x00000000ec0d9600, 0x00000000f5550000)
 Metaspace       used 29676K, committed 30080K, reserved 278528K
  class space    used 4368K, committed 4544K, reserved 212992K
}
Event: 6.052 GC heap before
{Heap before GC invocations=5 (full 1):
 def new generation   total 78784K, used 35998K [0x00000000e0000000, 0x00000000e5570000, 0x00000000eaaa0000)
  eden space 70080K,  45% used [0x00000000e0000000, 0x00000000e1efe640, 0x00000000e4470000)
  from space 8704K,  48% used [0x00000000e4cf0000, 0x00000000e5119360, 0x00000000e5570000)
  to   space 8704K,   0% used [0x00000000e4470000, 0x00000000e4470000, 0x00000000e4cf0000)
 tenured generation   total 174784K, used 22757K [0x00000000eaaa0000, 0x00000000f5550000, 0x0000000100000000)
   the space 174784K,  13% used [0x00000000eaaa0000, 0x00000000ec0d9440, 0x00000000ec0d9600, 0x00000000f5550000)
 Metaspace       used 35412K, committed 35840K, reserved 278528K
  class space    used 5039K, committed 5248K, reserved 212992K
}
Event: 6.089 GC heap after
{Heap after GC invocations=6 (full 2):
 def new generation   total 78848K, used 0K [0x00000000e0000000, 0x00000000e5580000, 0x00000000eaaa0000)
  eden space 70144K,   0% used [0x00000000e0000000, 0x00000000e0000000, 0x00000000e4480000)
  from space 8704K,   0% used [0x00000000e4480000, 0x00000000e4480000, 0x00000000e4d00000)
  to   space 8704K,   0% used [0x00000000e4d00000, 0x00000000e4d00000, 0x00000000e5580000)
 tenured generation   total 174784K, used 29748K [0x00000000eaaa0000, 0x00000000f5550000, 0x0000000100000000)
   the space 174784K,  17% used [0x00000000eaaa0000, 0x00000000ec7ad248, 0x00000000ec7ad400, 0x00000000f5550000)
 Metaspace       used 35412K, committed 35840K, reserved 278528K
  class space    used 5039K, committed 5248K, reserved 212992K
}
Event: 6.674 GC heap before
{Heap before GC invocations=6 (full 2):
 def new generation   total 78848K, used 70144K [0x00000000e0000000, 0x00000000e5580000, 0x00000000eaaa0000)
  eden space 70144K, 100% used [0x00000000e0000000, 0x00000000e4480000, 0x00000000e4480000)
  from space 8704K,   0% used [0x00000000e4480000, 0x00000000e4480000, 0x00000000e4d00000)
  to   space 8704K,   0% used [0x00000000e4d00000, 0x00000000e4d00000, 0x00000000e5580000)
 tenured generation   total 174784K, used 29748K [0x00000000eaaa0000, 0x00000000f5550000, 0x0000000100000000)
   the space 174784K,  17% used [0x00000000eaaa0000, 0x00000000ec7ad248, 0x00000000ec7ad400, 0x00000000f5550000)
 Metaspace       used 40410K, committed 40960K, reserved 278528K
  class space    used 5630K, committed 5888K, reserved 212992K
}
Event: 6.685 GC heap after
{Heap after GC invocations=7 (full 2):
 def new generation   total 78848K, used 6138K [0x00000000e0000000, 0x00000000e5580000, 0x00000000eaaa0000)
  eden space 70144K,   0% used [0x00000000e0000000, 0x00000000e0000000, 0x00000000e4480000)
  from space 8704K,  70% used [0x00000000e4d00000, 0x00000000e52fea18, 0x00000000e5580000)
  to   space 8704K,   0% used [0x00000000e4480000, 0x00000000e4480000, 0x00000000e4d00000)
 tenured generation   total 174784K, used 29748K [0x00000000eaaa0000, 0x00000000f5550000, 0x0000000100000000)
   the space 174784K,  17% used [0x00000000eaaa0000, 0x00000000ec7ad248, 0x00000000ec7ad400, 0x00000000f5550000)
 Metaspace       used 40410K, committed 40960K, reserved 278528K
  class space    used 5630K, committed 5888K, reserved 212992K
}
Event: 7.225 GC heap before
{Heap before GC invocations=7 (full 2):
 def new generation   total 78848K, used 76282K [0x00000000e0000000, 0x00000000e5580000, 0x00000000eaaa0000)
  eden space 70144K, 100% used [0x00000000e0000000, 0x00000000e4480000, 0x00000000e4480000)
  from space 8704K,  70% used [0x00000000e4d00000, 0x00000000e52fea18, 0x00000000e5580000)
  to   space 8704K,   0% used [0x00000000e4480000, 0x00000000e4480000, 0x00000000e4d00000)
 tenured generation   total 174784K, used 29748K [0x00000000eaaa0000, 0x00000000f5550000, 0x0000000100000000)
   the space 174784K,  17% used [0x00000000eaaa0000, 0x00000000ec7ad248, 0x00000000ec7ad400, 0x00000000f5550000)
 Metaspace       used 45346K, committed 45952K, reserved 278528K
  class space    used 6335K, committed 6592K, reserved 212992K
}
Event: 7.238 GC heap after
{Heap after GC invocations=8 (full 2):
 def new generation   total 78848K, used 2223K [0x00000000e0000000, 0x00000000e5580000, 0x00000000eaaa0000)
  eden space 70144K,   0% used [0x00000000e0000000, 0x00000000e0000000, 0x00000000e4480000)
  from space 8704K,  25% used [0x00000000e4480000, 0x00000000e46abc10, 0x00000000e4d00000)
  to   space 8704K,   0% used [0x00000000e4d00000, 0x00000000e4d00000, 0x00000000e5580000)
 tenured generation   total 174784K, used 35858K [0x00000000eaaa0000, 0x00000000f5550000, 0x0000000100000000)
   the space 174784K,  20% used [0x00000000eaaa0000, 0x00000000ecda4a30, 0x00000000ecda4c00, 0x00000000f5550000)
 Metaspace       used 45346K, committed 45952K, reserved 278528K
  class space    used 6335K, committed 6592K, reserved 212992K
}
Event: 8.051 GC heap before
{Heap before GC invocations=8 (full 2):
 def new generation   total 78848K, used 72367K [0x00000000e0000000, 0x00000000e5580000, 0x00000000eaaa0000)
  eden space 70144K, 100% used [0x00000000e0000000, 0x00000000e4480000, 0x00000000e4480000)
  from space 8704K,  25% used [0x00000000e4480000, 0x00000000e46abc10, 0x00000000e4d00000)
  to   space 8704K,   0% used [0x00000000e4d00000, 0x00000000e4d00000, 0x00000000e5580000)
 tenured generation   total 174784K, used 35858K [0x00000000eaaa0000, 0x00000000f5550000, 0x0000000100000000)
   the space 174784K,  20% used [0x00000000eaaa0000, 0x00000000ecda4a30, 0x00000000ecda4c00, 0x00000000f5550000)
 Metaspace       used 50849K, committed 51520K, reserved 278528K
  class space    used 7175K, committed 7488K, reserved 212992K
}
Event: 8.068 GC heap after
{Heap after GC invocations=9 (full 2):
 def new generation   total 78848K, used 5060K [0x00000000e0000000, 0x00000000e5580000, 0x00000000eaaa0000)
  eden space 70144K,   0% used [0x00000000e0000000, 0x00000000e0000000, 0x00000000e4480000)
  from space 8704K,  58% used [0x00000000e4d00000, 0x00000000e51f1240, 0x00000000e5580000)
  to   space 8704K,   0% used [0x00000000e4480000, 0x00000000e4480000, 0x00000000e4d00000)
 tenured generation   total 174784K, used 35858K [0x00000000eaaa0000, 0x00000000f5550000, 0x0000000100000000)
   the space 174784K,  20% used [0x00000000eaaa0000, 0x00000000ecda4a30, 0x00000000ecda4c00, 0x00000000f5550000)
 Metaspace       used 50849K, committed 51520K, reserved 278528K
  class space    used 7175K, committed 7488K, reserved 212992K
}
Event: 9.168 GC heap before
{Heap before GC invocations=9 (full 2):
 def new generation   total 78848K, used 75204K [0x00000000e0000000, 0x00000000e5580000, 0x00000000eaaa0000)
  eden space 70144K, 100% used [0x00000000e0000000, 0x00000000e4480000, 0x00000000e4480000)
  from space 8704K,  58% used [0x00000000e4d00000, 0x00000000e51f1240, 0x00000000e5580000)
  to   space 8704K,   0% used [0x00000000e4480000, 0x00000000e4480000, 0x00000000e4d00000)
 tenured generation   total 174784K, used 35858K [0x00000000eaaa0000, 0x00000000f5550000, 0x0000000100000000)
   the space 174784K,  20% used [0x00000000eaaa0000, 0x00000000ecda4a30, 0x00000000ecda4c00, 0x00000000f5550000)
 Metaspace       used 57692K, committed 58368K, reserved 278528K
  class space    used 8151K, committed 8448K, reserved 212992K
}
Event: 9.190 GC heap after
{Heap after GC invocations=10 (full 2):
 def new generation   total 78848K, used 6785K [0x00000000e0000000, 0x00000000e5580000, 0x00000000eaaa0000)
  eden space 70144K,   0% used [0x00000000e0000000, 0x00000000e0000000, 0x00000000e4480000)
  from space 8704K,  77% used [0x00000000e4480000, 0x00000000e4b20460, 0x00000000e4d00000)
  to   space 8704K,   0% used [0x00000000e4d00000, 0x00000000e4d00000, 0x00000000e5580000)
 tenured generation   total 174784K, used 37961K [0x00000000eaaa0000, 0x00000000f5550000, 0x0000000100000000)
   the space 174784K,  21% used [0x00000000eaaa0000, 0x00000000ecfb24a0, 0x00000000ecfb2600, 0x00000000f5550000)
 Metaspace       used 57692K, committed 58368K, reserved 278528K
  class space    used 8151K, committed 8448K, reserved 212992K
}
Event: 9.418 GC heap before
{Heap before GC invocations=10 (full 2):
 def new generation   total 78848K, used 22631K [0x00000000e0000000, 0x00000000e5580000, 0x00000000eaaa0000)
  eden space 70144K,  22% used [0x00000000e0000000, 0x00000000e0f79b60, 0x00000000e4480000)
  from space 8704K,  77% used [0x00000000e4480000, 0x00000000e4b20460, 0x00000000e4d00000)
  to   space 8704K,   0% used [0x00000000e4d00000, 0x00000000e4d00000, 0x00000000e5580000)
 tenured generation   total 174784K, used 37961K [0x00000000eaaa0000, 0x00000000f5550000, 0x0000000100000000)
   the space 174784K,  21% used [0x00000000eaaa0000, 0x00000000ecfb24a0, 0x00000000ecfb2600, 0x00000000f5550000)
 Metaspace       used 59156K, committed 59776K, reserved 278528K
  class space    used 8374K, committed 8704K, reserved 212992K
}
Event: 9.514 GC heap after
{Heap after GC invocations=11 (full 3):
 def new generation   total 78912K, used 0K [0x00000000e0000000, 0x00000000e55a0000, 0x00000000eaaa0000)
  eden space 70144K,   0% used [0x00000000e0000000, 0x00000000e0000000, 0x00000000e4480000)
  from space 8768K,   0% used [0x00000000e4480000, 0x00000000e4480000, 0x00000000e4d10000)
  to   space 8768K,   0% used [0x00000000e4d10000, 0x00000000e4d10000, 0x00000000e55a0000)
 tenured generation   total 174784K, used 45878K [0x00000000eaaa0000, 0x00000000f5550000, 0x0000000100000000)
   the space 174784K,  26% used [0x00000000eaaa0000, 0x00000000ed76d908, 0x00000000ed76da00, 0x00000000f5550000)
 Metaspace       used 59156K, committed 59776K, reserved 278528K
  class space    used 8374K, committed 8704K, reserved 212992K
}

