# JRE version: OpenJDK Runtime Environment Temurin-21.0.8+9 (21.0.8+9) (build 21.0.8+9-LTS)
# Java VM: OpenJDK 64-Bit Server VM Temurin-21.0.8+9 (21.0.8+9-LTS, mixed mode, sharing, tiered, compressed oops, compressed class ptrs, parallel gc, windows-amd64)
GC Precious Log:
 CardTable entry size: 512
 CPUs: 8 total, 8 available
 Memory: 16103M
 Large Page Support: Disabled
 NUMA Support: Disabled
 Compressed Oops: Enabled (32-bit)
 Alignments: Space 512K, Generation 512K, Heap 2M
 Heap Min Capacity: 100M
 Heap Initial Capacity: 100M
 Heap Max Capacity: 2G
 Pre-touch: Disabled
 Parallel Workers: 8
Heap:
 PSYoungGen      total 6656K, used 3430K [0x00000000d5580000, 0x00000000d5e00000, 0x0000000100000000)
  eden space 5632K, 42% used [0x00000000d5580000,0x00000000d57dae80,0x00000000d5b00000)
  from space 1024K, 99% used [0x00000000d5d00000,0x00000000d5dfec28,0x00000000d5e00000)
  to   space 1536K, 0% used [0x00000000d5b00000,0x00000000d5b00000,0x00000000d5c80000)
 ParOldGen       total 371200K, used 370761K [0x0000000080000000, 0x0000000096a80000, 0x00000000d5580000)
  object space 371200K, 99% used [0x0000000080000000,0x0000000096a12588,0x0000000096a80000)
 Metaspace       used 79836K, committed 81472K, reserved 1179648K
  class space    used 9598K, committed 10240K, reserved 1048576K
GC Heap History (20 events):
Event: 88.857 GC heap after
{Heap after GC invocations=381 (full 4):
 PSYoungGen      total 5120K, used 494K [0x00000000d5580000, 0x00000000d5e80000, 0x0000000100000000)
  eden space 4608K, 0% used [0x00000000d5580000,0x00000000d5580000,0x00000000d5a00000)
  from space 512K, 96% used [0x00000000d5d80000,0x00000000d5dfb960,0x00000000d5e00000)
  to   space 512K, 0% used [0x00000000d5e00000,0x00000000d5e00000,0x00000000d5e80000)
 ParOldGen       total 367616K, used 367306K [0x0000000080000000, 0x0000000096700000, 0x00000000d5580000)
  object space 367616K, 99% used [0x0000000080000000,0x00000000966b2bb8,0x0000000096700000)
 Metaspace       used 75833K, committed 77312K, reserved 1179648K
  class space    used 9187K, committed 9792K, reserved 1048576K
}
Event: 88.897 GC heap before
{Heap before GC invocations=382 (full 4):
 PSYoungGen      total 5120K, used 5102K [0x00000000d5580000, 0x00000000d5e80000, 0x0000000100000000)
  eden space 4608K, 100% used [0x00000000d5580000,0x00000000d5a00000,0x00000000d5a00000)
  from space 512K, 96% used [0x00000000d5d80000,0x00000000d5dfb960,0x00000000d5e00000)
  to   space 512K, 0% used [0x00000000d5e00000,0x00000000d5e00000,0x00000000d5e80000)
 ParOldGen       total 367616K, used 367310K [0x0000000080000000, 0x0000000096700000, 0x00000000d5580000)
  object space 367616K, 99% used [0x0000000080000000,0x00000000966b3940,0x0000000096700000)
 Metaspace       used 76186K, committed 77696K, reserved 1179648K
  class space    used 9241K, committed 9856K, reserved 1048576K
}
Event: 88.898 GC heap after
{Heap after GC invocations=382 (full 4):
 PSYoungGen      total 5120K, used 493K [0x00000000d5580000, 0x00000000d5e80000, 0x0000000100000000)
  eden space 4608K, 0% used [0x00000000d5580000,0x00000000d5580000,0x00000000d5a00000)
  from space 512K, 96% used [0x00000000d5e00000,0x00000000d5e7b4a8,0x00000000d5e80000)
  to   space 1024K, 0% used [0x00000000d5c80000,0x00000000d5c80000,0x00000000d5d80000)
 ParOldGen       total 367616K, used 367462K [0x0000000080000000, 0x0000000096700000, 0x00000000d5580000)
  object space 367616K, 99% used [0x0000000080000000,0x00000000966d9960,0x0000000096700000)
 Metaspace       used 76186K, committed 77696K, reserved 1179648K
  class space    used 9241K, committed 9856K, reserved 1048576K
}
Event: 88.973 GC heap before
{Heap before GC invocations=383 (full 4):
 PSYoungGen      total 5120K, used 5101K [0x00000000d5580000, 0x00000000d5e80000, 0x0000000100000000)
  eden space 4608K, 100% used [0x00000000d5580000,0x00000000d5a00000,0x00000000d5a00000)
  from space 512K, 96% used [0x00000000d5e00000,0x00000000d5e7b4a8,0x00000000d5e80000)
  to   space 1024K, 0% used [0x00000000d5c80000,0x00000000d5c80000,0x00000000d5d80000)
 ParOldGen       total 367616K, used 367462K [0x0000000080000000, 0x0000000096700000, 0x00000000d5580000)
  object space 367616K, 99% used [0x0000000080000000,0x00000000966d9960,0x0000000096700000)
 Metaspace       used 76343K, committed 77888K, reserved 1179648K
  class space    used 9276K, committed 9920K, reserved 1048576K
}
Event: 88.975 GC heap after
{Heap after GC invocations=383 (full 4):
 PSYoungGen      total 5632K, used 384K [0x00000000d5580000, 0x00000000d5e80000, 0x0000000100000000)
  eden space 4608K, 0% used [0x00000000d5580000,0x00000000d5580000,0x00000000d5a00000)
  from space 1024K, 37% used [0x00000000d5c80000,0x00000000d5ce0010,0x00000000d5d80000)
  to   space 512K, 0% used [0x00000000d5e00000,0x00000000d5e00000,0x00000000d5e80000)
 ParOldGen       total 368128K, used 367917K [0x0000000080000000, 0x0000000096780000, 0x00000000d5580000)
  object space 368128K, 99% used [0x0000000080000000,0x000000009674b540,0x0000000096780000)
 Metaspace       used 76343K, committed 77888K, reserved 1179648K
  class space    used 9276K, committed 9920K, reserved 1048576K
}
Event: 89.111 GC heap before
{Heap before GC invocations=384 (full 4):
 PSYoungGen      total 5632K, used 4992K [0x00000000d5580000, 0x00000000d5e80000, 0x0000000100000000)
  eden space 4608K, 100% used [0x00000000d5580000,0x00000000d5a00000,0x00000000d5a00000)
  from space 1024K, 37% used [0x00000000d5c80000,0x00000000d5ce0010,0x00000000d5d80000)
  to   space 512K, 0% used [0x00000000d5e00000,0x00000000d5e00000,0x00000000d5e80000)
 ParOldGen       total 368128K, used 367917K [0x0000000080000000, 0x0000000096780000, 0x00000000d5580000)
  object space 368128K, 99% used [0x0000000080000000,0x000000009674b540,0x0000000096780000)
 Metaspace       used 76880K, committed 78336K, reserved 1179648K
  class space    used 9328K, committed 9920K, reserved 1048576K
}
Event: 89.112 GC heap after
{Heap after GC invocations=384 (full 4):
 PSYoungGen      total 5120K, used 436K [0x00000000d5580000, 0x00000000d5e80000, 0x0000000100000000)
  eden space 4608K, 0% used [0x00000000d5580000,0x00000000d5580000,0x00000000d5a00000)
  from space 512K, 85% used [0x00000000d5e00000,0x00000000d5e6d2e0,0x00000000d5e80000)
  to   space 512K, 0% used [0x00000000d5d80000,0x00000000d5d80000,0x00000000d5e00000)
 ParOldGen       total 368128K, used 367925K [0x0000000080000000, 0x0000000096780000, 0x00000000d5580000)
  object space 368128K, 99% used [0x0000000080000000,0x000000009674d540,0x0000000096780000)
 Metaspace       used 76880K, committed 78336K, reserved 1179648K
  class space    used 9328K, committed 9920K, reserved 1048576K
}
Event: 89.220 GC heap before
{Heap before GC invocations=385 (full 4):
 PSYoungGen      total 5120K, used 5044K [0x00000000d5580000, 0x00000000d5e80000, 0x0000000100000000)
  eden space 4608K, 100% used [0x00000000d5580000,0x00000000d5a00000,0x00000000d5a00000)
  from space 512K, 85% used [0x00000000d5e00000,0x00000000d5e6d2e0,0x00000000d5e80000)
  to   space 512K, 0% used [0x00000000d5d80000,0x00000000d5d80000,0x00000000d5e00000)
 ParOldGen       total 368128K, used 367925K [0x0000000080000000, 0x0000000096780000, 0x00000000d5580000)
  object space 368128K, 99% used [0x0000000080000000,0x000000009674d540,0x0000000096780000)
 Metaspace       used 76994K, committed 78528K, reserved 1179648K
  class space    used 9337K, committed 9984K, reserved 1048576K
}
Event: 89.221 GC heap after
{Heap after GC invocations=385 (full 4):
 PSYoungGen      total 5120K, used 500K [0x00000000d5580000, 0x00000000d5e80000, 0x0000000100000000)
  eden space 4608K, 0% used [0x00000000d5580000,0x00000000d5580000,0x00000000d5a00000)
  from space 512K, 97% used [0x00000000d5d80000,0x00000000d5dfd2e0,0x00000000d5e00000)
  to   space 512K, 0% used [0x00000000d5e00000,0x00000000d5e00000,0x00000000d5e80000)
 ParOldGen       total 368128K, used 367965K [0x0000000080000000, 0x0000000096780000, 0x00000000d5580000)
  object space 368128K, 99% used [0x0000000080000000,0x0000000096757540,0x0000000096780000)
 Metaspace       used 76994K, committed 78528K, reserved 1179648K
  class space    used 9337K, committed 9984K, reserved 1048576K
}
Event: 89.290 GC heap before
{Heap before GC invocations=386 (full 4):
 PSYoungGen      total 5120K, used 5108K [0x00000000d5580000, 0x00000000d5e80000, 0x0000000100000000)
  eden space 4608K, 100% used [0x00000000d5580000,0x00000000d5a00000,0x00000000d5a00000)
  from space 512K, 97% used [0x00000000d5d80000,0x00000000d5dfd2e0,0x00000000d5e00000)
  to   space 512K, 0% used [0x00000000d5e00000,0x00000000d5e00000,0x00000000d5e80000)
 ParOldGen       total 368128K, used 367965K [0x0000000080000000, 0x0000000096780000, 0x00000000d5580000)
  object space 368128K, 99% used [0x0000000080000000,0x0000000096757540,0x0000000096780000)
 Metaspace       used 77708K, committed 79232K, reserved 1179648K
  class space    used 9402K, committed 10048K, reserved 1048576K
}
Event: 89.292 GC heap after
{Heap after GC invocations=386 (full 4):
 PSYoungGen      total 5120K, used 448K [0x00000000d5580000, 0x00000000d5e80000, 0x0000000100000000)
  eden space 4608K, 0% used [0x00000000d5580000,0x00000000d5580000,0x00000000d5a00000)
  from space 512K, 87% used [0x00000000d5e00000,0x00000000d5e70000,0x00000000d5e80000)
  to   space 512K, 0% used [0x00000000d5d80000,0x00000000d5d80000,0x00000000d5e00000)
 ParOldGen       total 368640K, used 368234K [0x0000000080000000, 0x0000000096800000, 0x00000000d5580000)
  object space 368640K, 99% used [0x0000000080000000,0x000000009679a9f0,0x0000000096800000)
 Metaspace       used 77708K, committed 79232K, reserved 1179648K
  class space    used 9402K, committed 10048K, reserved 1048576K
}
Event: 89.648 GC heap before
{Heap before GC invocations=387 (full 4):
 PSYoungGen      total 5120K, used 5054K [0x00000000d5580000, 0x00000000d5e80000, 0x0000000100000000)
  eden space 4608K, 99% used [0x00000000d5580000,0x00000000d59ff808,0x00000000d5a00000)
  from space 512K, 87% used [0x00000000d5e00000,0x00000000d5e70000,0x00000000d5e80000)
  to   space 512K, 0% used [0x00000000d5d80000,0x00000000d5d80000,0x00000000d5e00000)
 ParOldGen       total 368640K, used 368234K [0x0000000080000000, 0x0000000096800000, 0x00000000d5580000)
  object space 368640K, 99% used [0x0000000080000000,0x000000009679a9f0,0x0000000096800000)
 Metaspace       used 78204K, committed 79744K, reserved 1179648K
  class space    used 9459K, committed 10112K, reserved 1048576K
}
Event: 89.650 GC heap after
{Heap after GC invocations=387 (full 4):
 PSYoungGen      total 5120K, used 480K [0x00000000d5580000, 0x00000000d5e80000, 0x0000000100000000)
  eden space 4608K, 0% used [0x00000000d5580000,0x00000000d5580000,0x00000000d5a00000)
  from space 512K, 93% used [0x00000000d5d80000,0x00000000d5df8130,0x00000000d5e00000)
  to   space 512K, 0% used [0x00000000d5e00000,0x00000000d5e00000,0x00000000d5e80000)
 ParOldGen       total 368640K, used 368362K [0x0000000080000000, 0x0000000096800000, 0x00000000d5580000)
  object space 368640K, 99% used [0x0000000080000000,0x00000000967baa00,0x0000000096800000)
 Metaspace       used 78204K, committed 79744K, reserved 1179648K
  class space    used 9459K, committed 10112K, reserved 1048576K
}
Event: 89.763 GC heap before
{Heap before GC invocations=388 (full 4):
 PSYoungGen      total 5120K, used 5079K [0x00000000d5580000, 0x00000000d5e80000, 0x0000000100000000)
  eden space 4608K, 99% used [0x00000000d5580000,0x00000000d59fdbb8,0x00000000d5a00000)
  from space 512K, 93% used [0x00000000d5d80000,0x00000000d5df8130,0x00000000d5e00000)
  to   space 512K, 0% used [0x00000000d5e00000,0x00000000d5e00000,0x00000000d5e80000)
 ParOldGen       total 368640K, used 368362K [0x0000000080000000, 0x0000000096800000, 0x00000000d5580000)
  object space 368640K, 99% used [0x0000000080000000,0x00000000967baa00,0x0000000096800000)
 Metaspace       used 78655K, committed 80192K, reserved 1179648K
  class space    used 9483K, committed 10112K, reserved 1048576K
}
Event: 89.765 GC heap after
{Heap after GC invocations=388 (full 4):
 PSYoungGen      total 5120K, used 491K [0x00000000d5580000, 0x00000000d5e80000, 0x0000000100000000)
  eden space 4608K, 0% used [0x00000000d5580000,0x00000000d5580000,0x00000000d5a00000)
  from space 512K, 95% used [0x00000000d5e00000,0x00000000d5e7ac18,0x00000000d5e80000)
  to   space 1536K, 0% used [0x00000000d5b80000,0x00000000d5b80000,0x00000000d5d00000)
 ParOldGen       total 369152K, used 368957K [0x0000000080000000, 0x0000000096880000, 0x00000000d5580000)
  object space 369152K, 99% used [0x0000000080000000,0x000000009684f7f0,0x0000000096880000)
 Metaspace       used 78655K, committed 80192K, reserved 1179648K
  class space    used 9483K, committed 10112K, reserved 1048576K
}
Event: 89.867 GC heap before
{Heap before GC invocations=389 (full 4):
 PSYoungGen      total 5120K, used 5099K [0x00000000d5580000, 0x00000000d5e80000, 0x0000000100000000)
  eden space 4608K, 99% used [0x00000000d5580000,0x00000000d59ffff0,0x00000000d5a00000)
  from space 512K, 95% used [0x00000000d5e00000,0x00000000d5e7ac18,0x00000000d5e80000)
  to   space 1536K, 0% used [0x00000000d5b80000,0x00000000d5b80000,0x00000000d5d00000)
 ParOldGen       total 369152K, used 368957K [0x0000000080000000, 0x0000000096880000, 0x00000000d5580000)
  object space 369152K, 99% used [0x0000000080000000,0x000000009684f7f0,0x0000000096880000)
 Metaspace       used 78894K, committed 80448K, reserved 1179648K
  class space    used 9513K, committed 10112K, reserved 1048576K
}
Event: 89.871 GC heap after
{Heap after GC invocations=389 (full 4):
 PSYoungGen      total 6144K, used 560K [0x00000000d5580000, 0x00000000d5e80000, 0x0000000100000000)
  eden space 4608K, 0% used [0x00000000d5580000,0x00000000d5580000,0x00000000d5a00000)
  from space 1536K, 36% used [0x00000000d5b80000,0x00000000d5c0c010,0x00000000d5d00000)
  to   space 1024K, 0% used [0x00000000d5d80000,0x00000000d5d80000,0x00000000d5e80000)
 ParOldGen       total 369664K, used 369467K [0x0000000080000000, 0x0000000096900000, 0x00000000d5580000)
  object space 369664K, 99% used [0x0000000080000000,0x00000000968ced88,0x0000000096900000)
 Metaspace       used 78894K, committed 80448K, reserved 1179648K
  class space    used 9513K, committed 10112K, reserved 1048576K
}
Event: 89.949 GC heap before
{Heap before GC invocations=390 (full 4):
 PSYoungGen      total 6144K, used 5168K [0x00000000d5580000, 0x00000000d5e80000, 0x0000000100000000)
  eden space 4608K, 100% used [0x00000000d5580000,0x00000000d5a00000,0x00000000d5a00000)
  from space 1536K, 36% used [0x00000000d5b80000,0x00000000d5c0c010,0x00000000d5d00000)
  to   space 1024K, 0% used [0x00000000d5d80000,0x00000000d5d80000,0x00000000d5e80000)
 ParOldGen       total 369664K, used 369467K [0x0000000080000000, 0x0000000096900000, 0x00000000d5580000)
  object space 369664K, 99% used [0x0000000080000000,0x00000000968ced88,0x0000000096900000)
 Metaspace       used 78957K, committed 80512K, reserved 1179648K
  class space    used 9520K, committed 10176K, reserved 1048576K
}
Event: 89.952 GC heap after
{Heap after GC invocations=390 (full 4):
 PSYoungGen      total 5632K, used 1012K [0x00000000d5580000, 0x00000000d5e80000, 0x0000000100000000)
  eden space 4608K, 0% used [0x00000000d5580000,0x00000000d5580000,0x00000000d5a00000)
  from space 1024K, 98% used [0x00000000d5d80000,0x00000000d5e7d2e0,0x00000000d5e80000)
  to   space 1536K, 0% used [0x00000000d5b80000,0x00000000d5b80000,0x00000000d5d00000)
 ParOldGen       total 369664K, used 369483K [0x0000000080000000, 0x0000000096900000, 0x00000000d5580000)
  object space 369664K, 99% used [0x0000000080000000,0x00000000968d2d88,0x0000000096900000)
 Metaspace       used 78957K, committed 80512K, reserved 1179648K
  class space    used 9520K, committed 10176K, reserved 1048576K
}
Event: 89.997 GC heap before
{Heap before GC invocations=391 (full 4):
 PSYoungGen      total 5632K, used 5620K [0x00000000d5580000, 0x00000000d5e80000, 0x0000000100000000)
  eden space 4608K, 100% used [0x00000000d5580000,0x00000000d5a00000,0x00000000d5a00000)
  from space 1024K, 98% used [0x00000000d5d80000,0x00000000d5e7d2e0,0x00000000d5e80000)
  to   space 1536K, 0% used [0x00000000d5b80000,0x00000000d5b80000,0x00000000d5d00000)
 ParOldGen       total 369664K, used 369483K [0x0000000080000000, 0x0000000096900000, 0x00000000d5580000)
  object space 369664K, 99% used [0x0000000080000000,0x00000000968d2d88,0x0000000096900000)
 Metaspace       used 79143K, committed 80704K, reserved 1179648K
  class space    used 9536K, committed 10176K, reserved 1048576K
}

