# JRE version: OpenJDK Runtime Environment Temurin-21.0.8+9 (21.0.8+9) (build 21.0.8+9-LTS)
# Java VM: OpenJDK 64-Bit Server VM Temurin-21.0.8+9 (21.0.8+9-LTS, mixed mode, sharing, tiered, compressed oops, compressed class ptrs, parallel gc, windows-amd64)
GC Precious Log:
 CardTable entry size: 512
 CPUs: 8 total, 8 available
 Memory: 16103M
 Large Page Support: Disabled
 NUMA Support: Disabled
 Compressed Oops: Enabled (32-bit)
 Alignments: Space 512K, Generation 512K, Heap 2M
 Heap Min Capacity: 100M
 Heap Initial Capacity: 100M
 Heap Max Capacity: 2G
 Pre-touch: Disabled
 Parallel Workers: 8
Heap:
 PSYoungGen      total 3072K, used 2593K [0x00000000d5580000, 0x00000000d5b00000, 0x0000000100000000)
  eden space 2048K, 98% used [0x00000000d5580000,0x00000000d5777928,0x00000000d5780000)
  from space 1024K, 56% used [0x00000000d5a00000,0x00000000d5a90c40,0x00000000d5b00000)
  to   space 1024K, 0% used [0x00000000d5900000,0x00000000d5900000,0x00000000d5a00000)
 ParOldGen       total 489472K, used 489074K [0x0000000080000000, 0x000000009de00000, 0x00000000d5580000)
  object space 489472K, 99% used [0x0000000080000000,0x000000009dd9ca20,0x000000009de00000)
 Metaspace       used 81213K, committed 82816K, reserved 1179648K
  class space    used 9672K, committed 10368K, reserved 1048576K
GC Heap History (20 events):
Event: 58.786 GC heap before
{Heap before GC invocations=660 (full 3):
 PSYoungGen      total 5120K, used 4512K [0x00000000d5580000, 0x00000000d5b80000, 0x0000000100000000)
  eden space 4608K, 91% used [0x00000000d5580000,0x00000000d59a0118,0x00000000d5a00000)
  from space 512K, 56% used [0x00000000d5b00000,0x00000000d5b48000,0x00000000d5b80000)
  to   space 512K, 0% used [0x00000000d5a00000,0x00000000d5a00000,0x00000000d5a80000)
 ParOldGen       total 480768K, used 480370K [0x0000000080000000, 0x000000009d580000, 0x00000000d5580000)
  object space 480768K, 99% used [0x0000000080000000,0x000000009d51ca80,0x000000009d580000)
 Metaspace       used 81122K, committed 82688K, reserved 1179648K
  class space    used 9670K, committed 10304K, reserved 1048576K
}
Event: 58.788 GC heap after
{Heap after GC invocations=660 (full 3):
 PSYoungGen      total 5120K, used 340K [0x00000000d5580000, 0x00000000d5b80000, 0x0000000100000000)
  eden space 4608K, 0% used [0x00000000d5580000,0x00000000d5580000,0x00000000d5a00000)
  from space 512K, 66% used [0x00000000d5a00000,0x00000000d5a55200,0x00000000d5a80000)
  to   space 512K, 0% used [0x00000000d5b00000,0x00000000d5b00000,0x00000000d5b80000)
 ParOldGen       total 480768K, used 480490K [0x0000000080000000, 0x000000009d580000, 0x00000000d5580000)
  object space 480768K, 99% used [0x0000000080000000,0x000000009d53aa80,0x000000009d580000)
 Metaspace       used 81122K, committed 82688K, reserved 1179648K
  class space    used 9670K, committed 10304K, reserved 1048576K
}
Event: 58.881 GC heap before
{Heap before GC invocations=661 (full 3):
 PSYoungGen      total 5120K, used 4948K [0x00000000d5580000, 0x00000000d5b80000, 0x0000000100000000)
  eden space 4608K, 100% used [0x00000000d5580000,0x00000000d5a00000,0x00000000d5a00000)
  from space 512K, 66% used [0x00000000d5a00000,0x00000000d5a55200,0x00000000d5a80000)
  to   space 512K, 0% used [0x00000000d5b00000,0x00000000d5b00000,0x00000000d5b80000)
 ParOldGen       total 480768K, used 480490K [0x0000000080000000, 0x000000009d580000, 0x00000000d5580000)
  object space 480768K, 99% used [0x0000000080000000,0x000000009d53aa80,0x000000009d580000)
 Metaspace       used 81138K, committed 82816K, reserved 1179648K
  class space    used 9671K, committed 10368K, reserved 1048576K
}
Event: 58.884 GC heap after
{Heap after GC invocations=661 (full 3):
 PSYoungGen      total 5120K, used 485K [0x00000000d5580000, 0x00000000d5c00000, 0x0000000100000000)
  eden space 4608K, 0% used [0x00000000d5580000,0x00000000d5580000,0x00000000d5a00000)
  from space 512K, 94% used [0x00000000d5b00000,0x00000000d5b796b8,0x00000000d5b80000)
  to   space 1024K, 0% used [0x00000000d5a00000,0x00000000d5a00000,0x00000000d5b00000)
 ParOldGen       total 481280K, used 480904K [0x0000000080000000, 0x000000009d600000, 0x00000000d5580000)
  object space 481280K, 99% used [0x0000000080000000,0x000000009d5a2130,0x000000009d600000)
 Metaspace       used 81138K, committed 82816K, reserved 1179648K
  class space    used 9671K, committed 10368K, reserved 1048576K
}
Event: 58.948 GC heap before
{Heap before GC invocations=662 (full 3):
 PSYoungGen      total 5120K, used 4340K [0x00000000d5580000, 0x00000000d5c00000, 0x0000000100000000)
  eden space 4608K, 83% used [0x00000000d5580000,0x00000000d5943c00,0x00000000d5a00000)
  from space 512K, 94% used [0x00000000d5b00000,0x00000000d5b796b8,0x00000000d5b80000)
  to   space 1024K, 0% used [0x00000000d5a00000,0x00000000d5a00000,0x00000000d5b00000)
 ParOldGen       total 481280K, used 480904K [0x0000000080000000, 0x000000009d600000, 0x00000000d5580000)
  object space 481280K, 99% used [0x0000000080000000,0x000000009d5a2130,0x000000009d600000)
 Metaspace       used 81145K, committed 82816K, reserved 1179648K
  class space    used 9671K, committed 10368K, reserved 1048576K
}
Event: 58.950 GC heap after
{Heap after GC invocations=662 (full 3):
 PSYoungGen      total 5632K, used 1003K [0x00000000d5580000, 0x00000000d5e00000, 0x0000000100000000)
  eden space 4608K, 0% used [0x00000000d5580000,0x00000000d5580000,0x00000000d5a00000)
  from space 1024K, 98% used [0x00000000d5a00000,0x00000000d5afae20,0x00000000d5b00000)
  to   space 2048K, 0% used [0x00000000d5c00000,0x00000000d5c00000,0x00000000d5e00000)
 ParOldGen       total 481792K, used 481436K [0x0000000080000000, 0x000000009d680000, 0x00000000d5580000)
  object space 481792K, 99% used [0x0000000080000000,0x000000009d627188,0x000000009d680000)
 Metaspace       used 81145K, committed 82816K, reserved 1179648K
  class space    used 9671K, committed 10368K, reserved 1048576K
}
Event: 58.990 GC heap before
{Heap before GC invocations=663 (full 3):
 PSYoungGen      total 5632K, used 5588K [0x00000000d5580000, 0x00000000d5e00000, 0x0000000100000000)
  eden space 4608K, 99% used [0x00000000d5580000,0x00000000d59fa3b0,0x00000000d5a00000)
  from space 1024K, 98% used [0x00000000d5a00000,0x00000000d5afae20,0x00000000d5b00000)
  to   space 2048K, 0% used [0x00000000d5c00000,0x00000000d5c00000,0x00000000d5e00000)
 ParOldGen       total 481792K, used 481436K [0x0000000080000000, 0x000000009d680000, 0x00000000d5580000)
  object space 481792K, 99% used [0x0000000080000000,0x000000009d627188,0x000000009d680000)
 Metaspace       used 81145K, committed 82816K, reserved 1179648K
  class space    used 9671K, committed 10368K, reserved 1048576K
}
Event: 58.993 GC heap after
{Heap after GC invocations=663 (full 3):
 PSYoungGen      total 6144K, used 1328K [0x00000000d5580000, 0x00000000d5d80000, 0x0000000100000000)
  eden space 4608K, 0% used [0x00000000d5580000,0x00000000d5580000,0x00000000d5a00000)
  from space 1536K, 86% used [0x00000000d5c00000,0x00000000d5d4c268,0x00000000d5d80000)
  to   space 1536K, 0% used [0x00000000d5a80000,0x00000000d5a80000,0x00000000d5c00000)
 ParOldGen       total 482816K, used 482397K [0x0000000080000000, 0x000000009d780000, 0x00000000d5580000)
  object space 482816K, 99% used [0x0000000080000000,0x000000009d717710,0x000000009d780000)
 Metaspace       used 81145K, committed 82816K, reserved 1179648K
  class space    used 9671K, committed 10368K, reserved 1048576K
}
Event: 59.072 GC heap before
{Heap before GC invocations=664 (full 3):
 PSYoungGen      total 6144K, used 5936K [0x00000000d5580000, 0x00000000d5d80000, 0x0000000100000000)
  eden space 4608K, 100% used [0x00000000d5580000,0x00000000d5a00000,0x00000000d5a00000)
  from space 1536K, 86% used [0x00000000d5c00000,0x00000000d5d4c268,0x00000000d5d80000)
  to   space 1536K, 0% used [0x00000000d5a80000,0x00000000d5a80000,0x00000000d5c00000)
 ParOldGen       total 482816K, used 482397K [0x0000000080000000, 0x000000009d780000, 0x00000000d5580000)
  object space 482816K, 99% used [0x0000000080000000,0x000000009d717710,0x000000009d780000)
 Metaspace       used 81153K, committed 82816K, reserved 1179648K
  class space    used 9671K, committed 10368K, reserved 1048576K
}
Event: 59.075 GC heap after
{Heap after GC invocations=664 (full 3):
 PSYoungGen      total 6144K, used 1433K [0x00000000d5580000, 0x00000000d5d00000, 0x0000000100000000)
  eden space 4608K, 0% used [0x00000000d5580000,0x00000000d5580000,0x00000000d5a00000)
  from space 1536K, 93% used [0x00000000d5a80000,0x00000000d5be65a8,0x00000000d5c00000)
  to   space 1024K, 0% used [0x00000000d5c00000,0x00000000d5c00000,0x00000000d5d00000)
 ParOldGen       total 484352K, used 483609K [0x0000000080000000, 0x000000009d900000, 0x00000000d5580000)
  object space 484352K, 99% used [0x0000000080000000,0x000000009d8466c8,0x000000009d900000)
 Metaspace       used 81153K, committed 82816K, reserved 1179648K
  class space    used 9671K, committed 10368K, reserved 1048576K
}
Event: 59.160 GC heap before
{Heap before GC invocations=665 (full 3):
 PSYoungGen      total 6144K, used 6041K [0x00000000d5580000, 0x00000000d5d00000, 0x0000000100000000)
  eden space 4608K, 100% used [0x00000000d5580000,0x00000000d5a00000,0x00000000d5a00000)
  from space 1536K, 93% used [0x00000000d5a80000,0x00000000d5be65a8,0x00000000d5c00000)
  to   space 1024K, 0% used [0x00000000d5c00000,0x00000000d5c00000,0x00000000d5d00000)
 ParOldGen       total 484352K, used 483609K [0x0000000080000000, 0x000000009d900000, 0x00000000d5580000)
  object space 484352K, 99% used [0x0000000080000000,0x000000009d8466c8,0x000000009d900000)
 Metaspace       used 81155K, committed 82816K, reserved 1179648K
  class space    used 9671K, committed 10368K, reserved 1048576K
}
Event: 59.162 GC heap after
{Heap after GC invocations=665 (full 3):
 PSYoungGen      total 3072K, used 1014K [0x00000000d5580000, 0x00000000d6300000, 0x0000000100000000)
  eden space 2048K, 0% used [0x00000000d5580000,0x00000000d5580000,0x00000000d5780000)
  from space 1024K, 99% used [0x00000000d5c00000,0x00000000d5cfd948,0x00000000d5d00000)
  to   space 4608K, 0% used [0x00000000d5780000,0x00000000d5780000,0x00000000d5c00000)
 ParOldGen       total 486912K, used 486734K [0x0000000080000000, 0x000000009db80000, 0x00000000d5580000)
  object space 486912K, 99% used [0x0000000080000000,0x000000009db539c0,0x000000009db80000)
 Metaspace       used 81155K, committed 82816K, reserved 1179648K
  class space    used 9671K, committed 10368K, reserved 1048576K
}
Event: 59.168 GC heap before
{Heap before GC invocations=666 (full 3):
 PSYoungGen      total 3072K, used 3062K [0x00000000d5580000, 0x00000000d6300000, 0x0000000100000000)
  eden space 2048K, 100% used [0x00000000d5580000,0x00000000d5780000,0x00000000d5780000)
  from space 1024K, 99% used [0x00000000d5c00000,0x00000000d5cfd948,0x00000000d5d00000)
  to   space 4608K, 0% used [0x00000000d5780000,0x00000000d5780000,0x00000000d5c00000)
 ParOldGen       total 486912K, used 486734K [0x0000000080000000, 0x000000009db80000, 0x00000000d5580000)
  object space 486912K, 99% used [0x0000000080000000,0x000000009db539c0,0x000000009db80000)
 Metaspace       used 81155K, committed 82816K, reserved 1179648K
  class space    used 9671K, committed 10368K, reserved 1048576K
}
Event: 59.170 GC heap after
{Heap after GC invocations=666 (full 3):
 PSYoungGen      total 2560K, used 160K [0x00000000d5580000, 0x00000000d5c80000, 0x0000000100000000)
  eden space 2048K, 0% used [0x00000000d5580000,0x00000000d5580000,0x00000000d5780000)
  from space 512K, 31% used [0x00000000d5780000,0x00000000d57a8000,0x00000000d5800000)
  to   space 2048K, 0% used [0x00000000d5a80000,0x00000000d5a80000,0x00000000d5c80000)
 ParOldGen       total 487936K, used 487779K [0x0000000080000000, 0x000000009dc80000, 0x00000000d5580000)
  object space 487936K, 99% used [0x0000000080000000,0x000000009dc58f20,0x000000009dc80000)
 Metaspace       used 81155K, committed 82816K, reserved 1179648K
  class space    used 9671K, committed 10368K, reserved 1048576K
}
Event: 59.292 GC heap before
{Heap before GC invocations=667 (full 3):
 PSYoungGen      total 2560K, used 2208K [0x00000000d5580000, 0x00000000d5c80000, 0x0000000100000000)
  eden space 2048K, 100% used [0x00000000d5580000,0x00000000d5780000,0x00000000d5780000)
  from space 512K, 31% used [0x00000000d5780000,0x00000000d57a8000,0x00000000d5800000)
  to   space 2048K, 0% used [0x00000000d5a80000,0x00000000d5a80000,0x00000000d5c80000)
 ParOldGen       total 487936K, used 487779K [0x0000000080000000, 0x000000009dc80000, 0x00000000d5580000)
  object space 487936K, 99% used [0x0000000080000000,0x000000009dc58f20,0x000000009dc80000)
 Metaspace       used 81167K, committed 82816K, reserved 1179648K
  class space    used 9671K, committed 10368K, reserved 1048576K
}
Event: 59.295 GC heap after
{Heap after GC invocations=667 (full 3):
 PSYoungGen      total 3072K, used 927K [0x00000000d5580000, 0x00000000d5b80000, 0x0000000100000000)
  eden space 2048K, 0% used [0x00000000d5580000,0x00000000d5580000,0x00000000d5780000)
  from space 1024K, 90% used [0x00000000d5a80000,0x00000000d5b67db0,0x00000000d5b80000)
  to   space 1536K, 0% used [0x00000000d5880000,0x00000000d5880000,0x00000000d5a00000)
 ParOldGen       total 487936K, used 487819K [0x0000000080000000, 0x000000009dc80000, 0x00000000d5580000)
  object space 487936K, 99% used [0x0000000080000000,0x000000009dc62f20,0x000000009dc80000)
 Metaspace       used 81167K, committed 82816K, reserved 1179648K
  class space    used 9671K, committed 10368K, reserved 1048576K
}
Event: 59.499 GC heap before
{Heap before GC invocations=668 (full 3):
 PSYoungGen      total 3072K, used 2975K [0x00000000d5580000, 0x00000000d5b80000, 0x0000000100000000)
  eden space 2048K, 100% used [0x00000000d5580000,0x00000000d5780000,0x00000000d5780000)
  from space 1024K, 90% used [0x00000000d5a80000,0x00000000d5b67db0,0x00000000d5b80000)
  to   space 1536K, 0% used [0x00000000d5880000,0x00000000d5880000,0x00000000d5a00000)
 ParOldGen       total 487936K, used 487819K [0x0000000080000000, 0x000000009dc80000, 0x00000000d5580000)
  object space 487936K, 99% used [0x0000000080000000,0x000000009dc62f20,0x000000009dc80000)
 Metaspace       used 81196K, committed 82816K, reserved 1179648K
  class space    used 9671K, committed 10368K, reserved 1048576K
}
Event: 59.504 GC heap after
{Heap after GC invocations=668 (full 3):
 PSYoungGen      total 3584K, used 640K [0x00000000d5580000, 0x00000000d5b00000, 0x0000000100000000)
  eden space 2048K, 0% used [0x00000000d5580000,0x00000000d5580000,0x00000000d5780000)
  from space 1536K, 41% used [0x00000000d5880000,0x00000000d5920000,0x00000000d5a00000)
  to   space 1024K, 0% used [0x00000000d5a00000,0x00000000d5a00000,0x00000000d5b00000)
 ParOldGen       total 488960K, used 488594K [0x0000000080000000, 0x000000009dd80000, 0x00000000d5580000)
  object space 488960K, 99% used [0x0000000080000000,0x000000009dd24a20,0x000000009dd80000)
 Metaspace       used 81196K, committed 82816K, reserved 1179648K
  class space    used 9671K, committed 10368K, reserved 1048576K
}
Event: 59.602 GC heap before
{Heap before GC invocations=669 (full 3):
 PSYoungGen      total 3584K, used 2688K [0x00000000d5580000, 0x00000000d5b00000, 0x0000000100000000)
  eden space 2048K, 100% used [0x00000000d5580000,0x00000000d5780000,0x00000000d5780000)
  from space 1536K, 41% used [0x00000000d5880000,0x00000000d5920000,0x00000000d5a00000)
  to   space 1024K, 0% used [0x00000000d5a00000,0x00000000d5a00000,0x00000000d5b00000)
 ParOldGen       total 488960K, used 488594K [0x0000000080000000, 0x000000009dd80000, 0x00000000d5580000)
  object space 488960K, 99% used [0x0000000080000000,0x000000009dd24a20,0x000000009dd80000)
 Metaspace       used 81200K, committed 82816K, reserved 1179648K
  class space    used 9671K, committed 10368K, reserved 1048576K
}
Event: 59.605 GC heap after
{Heap after GC invocations=669 (full 3):
 PSYoungGen      total 3072K, used 579K [0x00000000d5580000, 0x00000000d5b00000, 0x0000000100000000)
  eden space 2048K, 0% used [0x00000000d5580000,0x00000000d5580000,0x00000000d5780000)
  from space 1024K, 56% used [0x00000000d5a00000,0x00000000d5a90c40,0x00000000d5b00000)
  to   space 1024K, 0% used [0x00000000d5900000,0x00000000d5900000,0x00000000d5a00000)
 ParOldGen       total 489472K, used 489074K [0x0000000080000000, 0x000000009de00000, 0x00000000d5580000)
  object space 489472K, 99% used [0x0000000080000000,0x000000009dd9ca20,0x000000009de00000)
 Metaspace       used 81200K, committed 82816K, reserved 1179648K
  class space    used 9671K, committed 10368K, reserved 1048576K
}

