# JRE version: OpenJDK Runtime Environment Temurin-17.0.8+7 (17.0.8+7) (build 17.0.8+7)
# Java VM: OpenJDK 64-Bit Server VM Temurin-17.0.8+7 (17.0.8+7, mixed mode, sharing, tiered, compressed oops, compressed class ptrs, serial gc, windows-amd64)
GC Precious Log:
 CPUs: 8 total, 8 available
 Memory: 16103M
 Large Page Support: Disabled
 NUMA Support: Disabled
 Compressed Oops: Enabled (32-bit)
 Heap Min Capacity: 256M
 Heap Initial Capacity: 256M
 Heap Max Capacity: 512M
 Pre-touch: Disabled
Heap:
 def new generation   total 78784K, used 70080K [0x00000000e0000000, 0x00000000e5570000, 0x00000000eaaa0000)
  eden space 70080K, 100% used [0x00000000e0000000, 0x00000000e4470000, 0x00000000e4470000)
  from space 8704K,   0% used [0x00000000e4470000, 0x00000000e4470000, 0x00000000e4cf0000)
  to   space 8704K,  39% used [0x00000000e4cf0000, 0x00000000e504dfd0, 0x00000000e5570000)
 tenured generation   total 174784K, used 45072K [0x00000000eaaa0000, 0x00000000f5550000, 0x0000000100000000)
   the space 174784K,  25% used [0x00000000eaaa0000, 0x00000000ed6a4168, 0x00000000ed6a4200, 0x00000000f5550000)
 Metaspace       used 61745K, committed 62528K, reserved 278528K
  class space    used 8639K, committed 9024K, reserved 212992K
GC Heap History (20 events):
Event: 5.974 GC heap before
{Heap before GC invocations=1 (full 0):
 def new generation   total 78656K, used 78656K [0x00000000e0000000, 0x00000000e5550000, 0x00000000eaaa0000)
  eden space 69952K, 100% used [0x00000000e0000000, 0x00000000e4450000, 0x00000000e4450000)
  from space 8704K, 100% used [0x00000000e4cd0000, 0x00000000e5550000, 0x00000000e5550000)
  to   space 8704K,   0% used [0x00000000e4450000, 0x00000000e4450000, 0x00000000e4cd0000)
 tenured generation   total 174784K, used 2229K [0x00000000eaaa0000, 0x00000000f5550000, 0x0000000100000000)
   the space 174784K,   1% used [0x00000000eaaa0000, 0x00000000eaccd610, 0x00000000eaccd800, 0x00000000f5550000)
 Metaspace       used 11409K, committed 11648K, reserved 278528K
  class space    used 1529K, committed 1664K, reserved 212992K
}
Event: 5.987 GC heap after
{Heap after GC invocations=2 (full 0):
 def new generation   total 78656K, used 8179K [0x00000000e0000000, 0x00000000e5550000, 0x00000000eaaa0000)
  eden space 69952K,   0% used [0x00000000e0000000, 0x00000000e0000000, 0x00000000e4450000)
  from space 8704K,  93% used [0x00000000e4450000, 0x00000000e4c4ce48, 0x00000000e4cd0000)
  to   space 8704K,   0% used [0x00000000e4cd0000, 0x00000000e4cd0000, 0x00000000e5550000)
 tenured generation   total 174784K, used 10814K [0x00000000eaaa0000, 0x00000000f5550000, 0x0000000100000000)
   the space 174784K,   6% used [0x00000000eaaa0000, 0x00000000eb52fbc0, 0x00000000eb52fc00, 0x00000000f5550000)
 Metaspace       used 11409K, committed 11648K, reserved 278528K
  class space    used 1529K, committed 1664K, reserved 212992K
}
Event: 6.639 GC heap before
{Heap before GC invocations=2 (full 0):
 def new generation   total 78656K, used 78131K [0x00000000e0000000, 0x00000000e5550000, 0x00000000eaaa0000)
  eden space 69952K, 100% used [0x00000000e0000000, 0x00000000e4450000, 0x00000000e4450000)
  from space 8704K,  93% used [0x00000000e4450000, 0x00000000e4c4ce48, 0x00000000e4cd0000)
  to   space 8704K,   0% used [0x00000000e4cd0000, 0x00000000e4cd0000, 0x00000000e5550000)
 tenured generation   total 174784K, used 10814K [0x00000000eaaa0000, 0x00000000f5550000, 0x0000000100000000)
   the space 174784K,   6% used [0x00000000eaaa0000, 0x00000000eb52fbc0, 0x00000000eb52fc00, 0x00000000f5550000)
 Metaspace       used 20635K, committed 20992K, reserved 278528K
  class space    used 2999K, committed 3200K, reserved 212992K
}
Event: 6.658 GC heap after
{Heap after GC invocations=3 (full 0):
 def new generation   total 78656K, used 3784K [0x00000000e0000000, 0x00000000e5550000, 0x00000000eaaa0000)
  eden space 69952K,   0% used [0x00000000e0000000, 0x00000000e0000000, 0x00000000e4450000)
  from space 8704K,  43% used [0x00000000e4cd0000, 0x00000000e5082098, 0x00000000e5550000)
  to   space 8704K,   0% used [0x00000000e4450000, 0x00000000e4450000, 0x00000000e4cd0000)
 tenured generation   total 174784K, used 18812K [0x00000000eaaa0000, 0x00000000f5550000, 0x0000000100000000)
   the space 174784K,  10% used [0x00000000eaaa0000, 0x00000000ebcff088, 0x00000000ebcff200, 0x00000000f5550000)
 Metaspace       used 20635K, committed 20992K, reserved 278528K
  class space    used 2999K, committed 3200K, reserved 212992K
}
Event: 6.721 GC heap before
{Heap before GC invocations=3 (full 0):
 def new generation   total 78656K, used 9452K [0x00000000e0000000, 0x00000000e5550000, 0x00000000eaaa0000)
  eden space 69952K,   8% used [0x00000000e0000000, 0x00000000e0589228, 0x00000000e4450000)
  from space 8704K,  43% used [0x00000000e4cd0000, 0x00000000e5082098, 0x00000000e5550000)
  to   space 8704K,   0% used [0x00000000e4450000, 0x00000000e4450000, 0x00000000e4cd0000)
 tenured generation   total 174784K, used 18812K [0x00000000eaaa0000, 0x00000000f5550000, 0x0000000100000000)
   the space 174784K,  10% used [0x00000000eaaa0000, 0x00000000ebcff088, 0x00000000ebcff200, 0x00000000f5550000)
 Metaspace       used 21200K, committed 21504K, reserved 278528K
  class space    used 3091K, committed 3264K, reserved 212992K
}
Event: 6.754 GC heap after
{Heap after GC invocations=4 (full 1):
 def new generation   total 78784K, used 0K [0x00000000e0000000, 0x00000000e5570000, 0x00000000eaaa0000)
  eden space 70080K,   0% used [0x00000000e0000000, 0x00000000e0000000, 0x00000000e4470000)
  from space 8704K,   0% used [0x00000000e4470000, 0x00000000e4470000, 0x00000000e4cf0000)
  to   space 8704K,   0% used [0x00000000e4cf0000, 0x00000000e4cf0000, 0x00000000e5570000)
 tenured generation   total 174784K, used 22703K [0x00000000eaaa0000, 0x00000000f5550000, 0x0000000100000000)
   the space 174784K,  12% used [0x00000000eaaa0000, 0x00000000ec0cbfe0, 0x00000000ec0cc000, 0x00000000f5550000)
 Metaspace       used 21200K, committed 21504K, reserved 278528K
  class space    used 3091K, committed 3264K, reserved 212992K
}
Event: 9.906 GC heap before
{Heap before GC invocations=4 (full 1):
 def new generation   total 78784K, used 70080K [0x00000000e0000000, 0x00000000e5570000, 0x00000000eaaa0000)
  eden space 70080K, 100% used [0x00000000e0000000, 0x00000000e4470000, 0x00000000e4470000)
  from space 8704K,   0% used [0x00000000e4470000, 0x00000000e4470000, 0x00000000e4cf0000)
  to   space 8704K,   0% used [0x00000000e4cf0000, 0x00000000e4cf0000, 0x00000000e5570000)
 tenured generation   total 174784K, used 22703K [0x00000000eaaa0000, 0x00000000f5550000, 0x0000000100000000)
   the space 174784K,  12% used [0x00000000eaaa0000, 0x00000000ec0cbfe0, 0x00000000ec0cc000, 0x00000000f5550000)
 Metaspace       used 30174K, committed 30592K, reserved 278528K
  class space    used 4429K, committed 4608K, reserved 212992K
}
Event: 9.918 GC heap after
{Heap after GC invocations=5 (full 1):
 def new generation   total 78784K, used 3452K [0x00000000e0000000, 0x00000000e5570000, 0x00000000eaaa0000)
  eden space 70080K,   0% used [0x00000000e0000000, 0x00000000e0000000, 0x00000000e4470000)
  from space 8704K,  39% used [0x00000000e4cf0000, 0x00000000e504f358, 0x00000000e5570000)
  to   space 8704K,   0% used [0x00000000e4470000, 0x00000000e4470000, 0x00000000e4cf0000)
 tenured generation   total 174784K, used 22703K [0x00000000eaaa0000, 0x00000000f5550000, 0x0000000100000000)
   the space 174784K,  12% used [0x00000000eaaa0000, 0x00000000ec0cbfe0, 0x00000000ec0cc000, 0x00000000f5550000)
 Metaspace       used 30174K, committed 30592K, reserved 278528K
  class space    used 4429K, committed 4608K, reserved 212992K
}
Event: 10.754 GC heap before
{Heap before GC invocations=5 (full 1):
 def new generation   total 78784K, used 50003K [0x00000000e0000000, 0x00000000e5570000, 0x00000000eaaa0000)
  eden space 70080K,  66% used [0x00000000e0000000, 0x00000000e2d75b00, 0x00000000e4470000)
  from space 8704K,  39% used [0x00000000e4cf0000, 0x00000000e504f358, 0x00000000e5570000)
  to   space 8704K,   0% used [0x00000000e4470000, 0x00000000e4470000, 0x00000000e4cf0000)
 tenured generation   total 174784K, used 22703K [0x00000000eaaa0000, 0x00000000f5550000, 0x0000000100000000)
   the space 174784K,  12% used [0x00000000eaaa0000, 0x00000000ec0cbfe0, 0x00000000ec0cc000, 0x00000000f5550000)
 Metaspace       used 35425K, committed 35840K, reserved 278528K
  class space    used 4921K, committed 5120K, reserved 212992K
}
Event: 10.815 GC heap after
{Heap after GC invocations=6 (full 2):
 def new generation   total 78848K, used 0K [0x00000000e0000000, 0x00000000e5580000, 0x00000000eaaa0000)
  eden space 70144K,   0% used [0x00000000e0000000, 0x00000000e0000000, 0x00000000e4480000)
  from space 8704K,   0% used [0x00000000e4480000, 0x00000000e4480000, 0x00000000e4d00000)
  to   space 8704K,   0% used [0x00000000e4d00000, 0x00000000e4d00000, 0x00000000e5580000)
 tenured generation   total 174784K, used 30552K [0x00000000eaaa0000, 0x00000000f5550000, 0x0000000100000000)
   the space 174784K,  17% used [0x00000000eaaa0000, 0x00000000ec8761e8, 0x00000000ec876200, 0x00000000f5550000)
 Metaspace       used 35425K, committed 35840K, reserved 278528K
  class space    used 4921K, committed 5120K, reserved 212992K
}
Event: 11.752 GC heap before
{Heap before GC invocations=6 (full 2):
 def new generation   total 78848K, used 70144K [0x00000000e0000000, 0x00000000e5580000, 0x00000000eaaa0000)
  eden space 70144K, 100% used [0x00000000e0000000, 0x00000000e4480000, 0x00000000e4480000)
  from space 8704K,   0% used [0x00000000e4480000, 0x00000000e4480000, 0x00000000e4d00000)
  to   space 8704K,   0% used [0x00000000e4d00000, 0x00000000e4d00000, 0x00000000e5580000)
 tenured generation   total 174784K, used 30552K [0x00000000eaaa0000, 0x00000000f5550000, 0x0000000100000000)
   the space 174784K,  17% used [0x00000000eaaa0000, 0x00000000ec8761e8, 0x00000000ec876200, 0x00000000f5550000)
 Metaspace       used 40806K, committed 41408K, reserved 278528K
  class space    used 5688K, committed 5952K, reserved 212992K
}
Event: 11.761 GC heap after
{Heap after GC invocations=7 (full 2):
 def new generation   total 78848K, used 2916K [0x00000000e0000000, 0x00000000e5580000, 0x00000000eaaa0000)
  eden space 70144K,   0% used [0x00000000e0000000, 0x00000000e0000000, 0x00000000e4480000)
  from space 8704K,  33% used [0x00000000e4d00000, 0x00000000e4fd92c8, 0x00000000e5580000)
  to   space 8704K,   0% used [0x00000000e4480000, 0x00000000e4480000, 0x00000000e4d00000)
 tenured generation   total 174784K, used 30552K [0x00000000eaaa0000, 0x00000000f5550000, 0x0000000100000000)
   the space 174784K,  17% used [0x00000000eaaa0000, 0x00000000ec8761e8, 0x00000000ec876200, 0x00000000f5550000)
 Metaspace       used 40806K, committed 41408K, reserved 278528K
  class space    used 5688K, committed 5952K, reserved 212992K
}
Event: 12.904 GC heap before
{Heap before GC invocations=7 (full 2):
 def new generation   total 78848K, used 73060K [0x00000000e0000000, 0x00000000e5580000, 0x00000000eaaa0000)
  eden space 70144K, 100% used [0x00000000e0000000, 0x00000000e4480000, 0x00000000e4480000)
  from space 8704K,  33% used [0x00000000e4d00000, 0x00000000e4fd92c8, 0x00000000e5580000)
  to   space 8704K,   0% used [0x00000000e4480000, 0x00000000e4480000, 0x00000000e4d00000)
 tenured generation   total 174784K, used 30552K [0x00000000eaaa0000, 0x00000000f5550000, 0x0000000100000000)
   the space 174784K,  17% used [0x00000000eaaa0000, 0x00000000ec8761e8, 0x00000000ec876200, 0x00000000f5550000)
 Metaspace       used 46389K, committed 46912K, reserved 278528K
  class space    used 6557K, committed 6784K, reserved 212992K
}
Event: 12.919 GC heap after
{Heap after GC invocations=8 (full 2):
 def new generation   total 78848K, used 6054K [0x00000000e0000000, 0x00000000e5580000, 0x00000000eaaa0000)
  eden space 70144K,   0% used [0x00000000e0000000, 0x00000000e0000000, 0x00000000e4480000)
  from space 8704K,  69% used [0x00000000e4480000, 0x00000000e4a69b18, 0x00000000e4d00000)
  to   space 8704K,   0% used [0x00000000e4d00000, 0x00000000e4d00000, 0x00000000e5580000)
 tenured generation   total 174784K, used 30552K [0x00000000eaaa0000, 0x00000000f5550000, 0x0000000100000000)
   the space 174784K,  17% used [0x00000000eaaa0000, 0x00000000ec8761e8, 0x00000000ec876200, 0x00000000f5550000)
 Metaspace       used 46389K, committed 46912K, reserved 278528K
  class space    used 6557K, committed 6784K, reserved 212992K
}
Event: 14.003 GC heap before
{Heap before GC invocations=8 (full 2):
 def new generation   total 78848K, used 76198K [0x00000000e0000000, 0x00000000e5580000, 0x00000000eaaa0000)
  eden space 70144K, 100% used [0x00000000e0000000, 0x00000000e4480000, 0x00000000e4480000)
  from space 8704K,  69% used [0x00000000e4480000, 0x00000000e4a69b18, 0x00000000e4d00000)
  to   space 8704K,   0% used [0x00000000e4d00000, 0x00000000e4d00000, 0x00000000e5580000)
 tenured generation   total 174784K, used 30552K [0x00000000eaaa0000, 0x00000000f5550000, 0x0000000100000000)
   the space 174784K,  17% used [0x00000000eaaa0000, 0x00000000ec8761e8, 0x00000000ec876200, 0x00000000f5550000)
 Metaspace       used 53579K, committed 54208K, reserved 278528K
  class space    used 7635K, committed 7936K, reserved 212992K
}
Event: 14.029 GC heap after
{Heap after GC invocations=9 (full 2):
 def new generation   total 78848K, used 6790K [0x00000000e0000000, 0x00000000e5580000, 0x00000000eaaa0000)
  eden space 70144K,   0% used [0x00000000e0000000, 0x00000000e0000000, 0x00000000e4480000)
  from space 8704K,  78% used [0x00000000e4d00000, 0x00000000e53a1898, 0x00000000e5580000)
  to   space 8704K,   0% used [0x00000000e4480000, 0x00000000e4480000, 0x00000000e4d00000)
 tenured generation   total 174784K, used 33432K [0x00000000eaaa0000, 0x00000000f5550000, 0x0000000100000000)
   the space 174784K,  19% used [0x00000000eaaa0000, 0x00000000ecb46388, 0x00000000ecb46400, 0x00000000f5550000)
 Metaspace       used 53579K, committed 54208K, reserved 278528K
  class space    used 7635K, committed 7936K, reserved 212992K
}
Event: 15.050 GC heap before
{Heap before GC invocations=9 (full 2):
 def new generation   total 78848K, used 76934K [0x00000000e0000000, 0x00000000e5580000, 0x00000000eaaa0000)
  eden space 70144K, 100% used [0x00000000e0000000, 0x00000000e4480000, 0x00000000e4480000)
  from space 8704K,  78% used [0x00000000e4d00000, 0x00000000e53a1898, 0x00000000e5580000)
  to   space 8704K,   0% used [0x00000000e4480000, 0x00000000e4480000, 0x00000000e4d00000)
 tenured generation   total 174784K, used 33432K [0x00000000eaaa0000, 0x00000000f5550000, 0x0000000100000000)
   the space 174784K,  19% used [0x00000000eaaa0000, 0x00000000ecb46388, 0x00000000ecb46400, 0x00000000f5550000)
 Metaspace       used 58124K, committed 58816K, reserved 278528K
  class space    used 8197K, committed 8512K, reserved 212992K
}
Event: 15.101 GC heap after
{Heap after GC invocations=10 (full 2):
 def new generation   total 78848K, used 8704K [0x00000000e0000000, 0x00000000e5580000, 0x00000000eaaa0000)
  eden space 70144K,   0% used [0x00000000e0000000, 0x00000000e0000000, 0x00000000e4480000)
  from space 8704K, 100% used [0x00000000e4480000, 0x00000000e4d00000, 0x00000000e4d00000)
  to   space 8704K,   0% used [0x00000000e4d00000, 0x00000000e4d00000, 0x00000000e5580000)
 tenured generation   total 174784K, used 37107K [0x00000000eaaa0000, 0x00000000f5550000, 0x0000000100000000)
   the space 174784K,  21% used [0x00000000eaaa0000, 0x00000000ecedcc08, 0x00000000ecedce00, 0x00000000f5550000)
 Metaspace       used 58124K, committed 58816K, reserved 278528K
  class space    used 8197K, committed 8512K, reserved 212992K
}
Event: 16.013 GC heap before
{Heap before GC invocations=10 (full 2):
 def new generation   total 78848K, used 47456K [0x00000000e0000000, 0x00000000e5580000, 0x00000000eaaa0000)
  eden space 70144K,  55% used [0x00000000e0000000, 0x00000000e25d8348, 0x00000000e4480000)
  from space 8704K, 100% used [0x00000000e4480000, 0x00000000e4d00000, 0x00000000e4d00000)
  to   space 8704K,   0% used [0x00000000e4d00000, 0x00000000e4d00000, 0x00000000e5580000)
 tenured generation   total 174784K, used 37107K [0x00000000eaaa0000, 0x00000000f5550000, 0x0000000100000000)
   the space 174784K,  21% used [0x00000000eaaa0000, 0x00000000ecedcc08, 0x00000000ecedce00, 0x00000000f5550000)
 Metaspace       used 59058K, committed 59776K, reserved 278528K
  class space    used 8284K, committed 8640K, reserved 212992K
}
Event: 16.133 GC heap after
{Heap after GC invocations=11 (full 3):
 def new generation   total 78784K, used 0K [0x00000000e0000000, 0x00000000e5570000, 0x00000000eaaa0000)
  eden space 70080K,   0% used [0x00000000e0000000, 0x00000000e0000000, 0x00000000e4470000)
  from space 8704K,   0% used [0x00000000e4470000, 0x00000000e4470000, 0x00000000e4cf0000)
  to   space 8704K,   0% used [0x00000000e4cf0000, 0x00000000e4cf0000, 0x00000000e5570000)
 tenured generation   total 174784K, used 45072K [0x00000000eaaa0000, 0x00000000f5550000, 0x0000000100000000)
   the space 174784K,  25% used [0x00000000eaaa0000, 0x00000000ed6a4168, 0x00000000ed6a4200, 0x00000000f5550000)
 Metaspace       used 59058K, committed 59776K, reserved 278528K
  class space    used 8284K, committed 8640K, reserved 212992K
}

