# JRE version: OpenJDK Runtime Environment Temurin-17.0.8+7 (17.0.8+7) (build 17.0.8+7)
# Java VM: OpenJDK 64-Bit Server VM Temurin-17.0.8+7 (17.0.8+7, mixed mode, sharing, tiered, compressed oops, compressed class ptrs, serial gc, windows-amd64)
GC Precious Log:
 CPUs: 8 total, 8 available
 Memory: 16103M
 Large Page Support: Disabled
 NUMA Support: Disabled
 Compressed Oops: Enabled (32-bit)
 Heap Min Capacity: 256M
 Heap Initial Capacity: 256M
 Heap Max Capacity: 512M
 Pre-touch: Disabled
Heap:
 def new generation   total 78912K, used 16366K [0x00000000e0000000, 0x00000000e55a0000, 0x00000000eaaa0000)
  eden space 70144K,  15% used [0x00000000e0000000, 0x00000000e0ae33f0, 0x00000000e4480000)
  from space 8768K,  59% used [0x00000000e4480000, 0x00000000e4998638, 0x00000000e4d10000)
  to   space 8768K,   0% used [0x00000000e4d10000, 0x00000000e4d10000, 0x00000000e55a0000)
 tenured generation   total 174784K, used 58118K [0x00000000eaaa0000, 0x00000000f5550000, 0x0000000100000000)
   the space 174784K,  33% used [0x00000000eaaa0000, 0x00000000ee361ad0, 0x00000000ee361c00, 0x00000000f5550000)
 Metaspace       used 68482K, committed 69312K, reserved 278528K
  class space    used 9466K, committed 9856K, reserved 212992K
GC Heap History (20 events):
Event: 8.200 GC heap before
{Heap before GC invocations=7 (full 2):
 def new generation   total 78848K, used 76285K [0x00000000e0000000, 0x00000000e5580000, 0x00000000eaaa0000)
  eden space 70144K, 100% used [0x00000000e0000000, 0x00000000e4480000, 0x00000000e4480000)
  from space 8704K,  70% used [0x00000000e4d00000, 0x00000000e52ff650, 0x00000000e5580000)
  to   space 8704K,   0% used [0x00000000e4480000, 0x00000000e4480000, 0x00000000e4d00000)
 tenured generation   total 174784K, used 29756K [0x00000000eaaa0000, 0x00000000f5550000, 0x0000000100000000)
   the space 174784K,  17% used [0x00000000eaaa0000, 0x00000000ec7af2c0, 0x00000000ec7af400, 0x00000000f5550000)
 Metaspace       used 45344K, committed 45952K, reserved 278528K
  class space    used 6335K, committed 6592K, reserved 212992K
}
Event: 8.224 GC heap after
{Heap after GC invocations=8 (full 2):
 def new generation   total 78848K, used 2198K [0x00000000e0000000, 0x00000000e5580000, 0x00000000eaaa0000)
  eden space 70144K,   0% used [0x00000000e0000000, 0x00000000e0000000, 0x00000000e4480000)
  from space 8704K,  25% used [0x00000000e4480000, 0x00000000e46a5be0, 0x00000000e4d00000)
  to   space 8704K,   0% used [0x00000000e4d00000, 0x00000000e4d00000, 0x00000000e5580000)
 tenured generation   total 174784K, used 35868K [0x00000000eaaa0000, 0x00000000f5550000, 0x0000000100000000)
   the space 174784K,  20% used [0x00000000eaaa0000, 0x00000000ecda7230, 0x00000000ecda7400, 0x00000000f5550000)
 Metaspace       used 45344K, committed 45952K, reserved 278528K
  class space    used 6335K, committed 6592K, reserved 212992K
}
Event: 9.291 GC heap before
{Heap before GC invocations=8 (full 2):
 def new generation   total 78848K, used 72342K [0x00000000e0000000, 0x00000000e5580000, 0x00000000eaaa0000)
  eden space 70144K, 100% used [0x00000000e0000000, 0x00000000e4480000, 0x00000000e4480000)
  from space 8704K,  25% used [0x00000000e4480000, 0x00000000e46a5be0, 0x00000000e4d00000)
  to   space 8704K,   0% used [0x00000000e4d00000, 0x00000000e4d00000, 0x00000000e5580000)
 tenured generation   total 174784K, used 35868K [0x00000000eaaa0000, 0x00000000f5550000, 0x0000000100000000)
   the space 174784K,  20% used [0x00000000eaaa0000, 0x00000000ecda7230, 0x00000000ecda7400, 0x00000000f5550000)
 Metaspace       used 50835K, committed 51520K, reserved 278528K
  class space    used 7160K, committed 7488K, reserved 212992K
}
Event: 9.311 GC heap after
{Heap after GC invocations=9 (full 2):
 def new generation   total 78848K, used 5038K [0x00000000e0000000, 0x00000000e5580000, 0x00000000eaaa0000)
  eden space 70144K,   0% used [0x00000000e0000000, 0x00000000e0000000, 0x00000000e4480000)
  from space 8704K,  57% used [0x00000000e4d00000, 0x00000000e51eb968, 0x00000000e5580000)
  to   space 8704K,   0% used [0x00000000e4480000, 0x00000000e4480000, 0x00000000e4d00000)
 tenured generation   total 174784K, used 35868K [0x00000000eaaa0000, 0x00000000f5550000, 0x0000000100000000)
   the space 174784K,  20% used [0x00000000eaaa0000, 0x00000000ecda7230, 0x00000000ecda7400, 0x00000000f5550000)
 Metaspace       used 50835K, committed 51520K, reserved 278528K
  class space    used 7160K, committed 7488K, reserved 212992K
}
Event: 10.461 GC heap before
{Heap before GC invocations=9 (full 2):
 def new generation   total 78848K, used 75182K [0x00000000e0000000, 0x00000000e5580000, 0x00000000eaaa0000)
  eden space 70144K, 100% used [0x00000000e0000000, 0x00000000e4480000, 0x00000000e4480000)
  from space 8704K,  57% used [0x00000000e4d00000, 0x00000000e51eb968, 0x00000000e5580000)
  to   space 8704K,   0% used [0x00000000e4480000, 0x00000000e4480000, 0x00000000e4d00000)
 tenured generation   total 174784K, used 35868K [0x00000000eaaa0000, 0x00000000f5550000, 0x0000000100000000)
   the space 174784K,  20% used [0x00000000eaaa0000, 0x00000000ecda7230, 0x00000000ecda7400, 0x00000000f5550000)
 Metaspace       used 57680K, committed 58304K, reserved 278528K
  class space    used 8137K, committed 8448K, reserved 212992K
}
Event: 10.489 GC heap after
{Heap after GC invocations=10 (full 2):
 def new generation   total 78848K, used 6848K [0x00000000e0000000, 0x00000000e5580000, 0x00000000eaaa0000)
  eden space 70144K,   0% used [0x00000000e0000000, 0x00000000e0000000, 0x00000000e4480000)
  from space 8704K,  78% used [0x00000000e4480000, 0x00000000e4b30370, 0x00000000e4d00000)
  to   space 8704K,   0% used [0x00000000e4d00000, 0x00000000e4d00000, 0x00000000e5580000)
 tenured generation   total 174784K, used 37970K [0x00000000eaaa0000, 0x00000000f5550000, 0x0000000100000000)
   the space 174784K,  21% used [0x00000000eaaa0000, 0x00000000ecfb4870, 0x00000000ecfb4a00, 0x00000000f5550000)
 Metaspace       used 57680K, committed 58304K, reserved 278528K
  class space    used 8137K, committed 8448K, reserved 212992K
}
Event: 10.820 GC heap before
{Heap before GC invocations=10 (full 2):
 def new generation   total 78848K, used 22801K [0x00000000e0000000, 0x00000000e5580000, 0x00000000eaaa0000)
  eden space 70144K,  22% used [0x00000000e0000000, 0x00000000e0f94138, 0x00000000e4480000)
  from space 8704K,  78% used [0x00000000e4480000, 0x00000000e4b30370, 0x00000000e4d00000)
  to   space 8704K,   0% used [0x00000000e4d00000, 0x00000000e4d00000, 0x00000000e5580000)
 tenured generation   total 174784K, used 37970K [0x00000000eaaa0000, 0x00000000f5550000, 0x0000000100000000)
   the space 174784K,  21% used [0x00000000eaaa0000, 0x00000000ecfb4870, 0x00000000ecfb4a00, 0x00000000f5550000)
 Metaspace       used 59123K, committed 59776K, reserved 278528K
  class space    used 8360K, committed 8640K, reserved 212992K
}
Event: 10.927 GC heap after
{Heap after GC invocations=11 (full 3):
 def new generation   total 78912K, used 0K [0x00000000e0000000, 0x00000000e55a0000, 0x00000000eaaa0000)
  eden space 70144K,   0% used [0x00000000e0000000, 0x00000000e0000000, 0x00000000e4480000)
  from space 8768K,   0% used [0x00000000e4480000, 0x00000000e4480000, 0x00000000e4d10000)
  to   space 8768K,   0% used [0x00000000e4d10000, 0x00000000e4d10000, 0x00000000e55a0000)
 tenured generation   total 174784K, used 45787K [0x00000000eaaa0000, 0x00000000f5550000, 0x0000000100000000)
   the space 174784K,  26% used [0x00000000eaaa0000, 0x00000000ed756fd8, 0x00000000ed757000, 0x00000000f5550000)
 Metaspace       used 59123K, committed 59776K, reserved 278528K
  class space    used 8360K, committed 8640K, reserved 212992K
}
Event: 12.255 GC heap before
{Heap before GC invocations=11 (full 3):
 def new generation   total 78912K, used 70144K [0x00000000e0000000, 0x00000000e55a0000, 0x00000000eaaa0000)
  eden space 70144K, 100% used [0x00000000e0000000, 0x00000000e4480000, 0x00000000e4480000)
  from space 8768K,   0% used [0x00000000e4480000, 0x00000000e4480000, 0x00000000e4d10000)
  to   space 8768K,   0% used [0x00000000e4d10000, 0x00000000e4d10000, 0x00000000e55a0000)
 tenured generation   total 174784K, used 45787K [0x00000000eaaa0000, 0x00000000f5550000, 0x0000000100000000)
   the space 174784K,  26% used [0x00000000eaaa0000, 0x00000000ed756fd8, 0x00000000ed757000, 0x00000000f5550000)
 Metaspace       used 61837K, committed 62528K, reserved 278528K
  class space    used 8612K, committed 8896K, reserved 212992K
}
Event: 12.276 GC heap after
{Heap after GC invocations=12 (full 3):
 def new generation   total 78912K, used 5628K [0x00000000e0000000, 0x00000000e55a0000, 0x00000000eaaa0000)
  eden space 70144K,   0% used [0x00000000e0000000, 0x00000000e0000000, 0x00000000e4480000)
  from space 8768K,  64% used [0x00000000e4d10000, 0x00000000e528f1b0, 0x00000000e55a0000)
  to   space 8768K,   0% used [0x00000000e4480000, 0x00000000e4480000, 0x00000000e4d10000)
 tenured generation   total 174784K, used 45787K [0x00000000eaaa0000, 0x00000000f5550000, 0x0000000100000000)
   the space 174784K,  26% used [0x00000000eaaa0000, 0x00000000ed756fd8, 0x00000000ed757000, 0x00000000f5550000)
 Metaspace       used 61837K, committed 62528K, reserved 278528K
  class space    used 8612K, committed 8896K, reserved 212992K
}
Event: 13.124 GC heap before
{Heap before GC invocations=12 (full 3):
 def new generation   total 78912K, used 75772K [0x00000000e0000000, 0x00000000e55a0000, 0x00000000eaaa0000)
  eden space 70144K, 100% used [0x00000000e0000000, 0x00000000e4480000, 0x00000000e4480000)
  from space 8768K,  64% used [0x00000000e4d10000, 0x00000000e528f1b0, 0x00000000e55a0000)
  to   space 8768K,   0% used [0x00000000e4480000, 0x00000000e4480000, 0x00000000e4d10000)
 tenured generation   total 174784K, used 45787K [0x00000000eaaa0000, 0x00000000f5550000, 0x0000000100000000)
   the space 174784K,  26% used [0x00000000eaaa0000, 0x00000000ed756fd8, 0x00000000ed757000, 0x00000000f5550000)
 Metaspace       used 62459K, committed 63168K, reserved 278528K
  class space    used 8623K, committed 8960K, reserved 212992K
}
Event: 13.146 GC heap after
{Heap after GC invocations=13 (full 3):
 def new generation   total 78912K, used 5884K [0x00000000e0000000, 0x00000000e55a0000, 0x00000000eaaa0000)
  eden space 70144K,   0% used [0x00000000e0000000, 0x00000000e0000000, 0x00000000e4480000)
  from space 8768K,  67% used [0x00000000e4480000, 0x00000000e4a3f3c0, 0x00000000e4d10000)
  to   space 8768K,   0% used [0x00000000e4d10000, 0x00000000e4d10000, 0x00000000e55a0000)
 tenured generation   total 174784K, used 51256K [0x00000000eaaa0000, 0x00000000f5550000, 0x0000000100000000)
   the space 174784K,  29% used [0x00000000eaaa0000, 0x00000000edcae058, 0x00000000edcae200, 0x00000000f5550000)
 Metaspace       used 62459K, committed 63168K, reserved 278528K
  class space    used 8623K, committed 8960K, reserved 212992K
}
Event: 14.038 GC heap before
{Heap before GC invocations=13 (full 3):
 def new generation   total 78912K, used 76028K [0x00000000e0000000, 0x00000000e55a0000, 0x00000000eaaa0000)
  eden space 70144K, 100% used [0x00000000e0000000, 0x00000000e4480000, 0x00000000e4480000)
  from space 8768K,  67% used [0x00000000e4480000, 0x00000000e4a3f3c0, 0x00000000e4d10000)
  to   space 8768K,   0% used [0x00000000e4d10000, 0x00000000e4d10000, 0x00000000e55a0000)
 tenured generation   total 174784K, used 51256K [0x00000000eaaa0000, 0x00000000f5550000, 0x0000000100000000)
   the space 174784K,  29% used [0x00000000eaaa0000, 0x00000000edcae058, 0x00000000edcae200, 0x00000000f5550000)
 Metaspace       used 62874K, committed 63552K, reserved 278528K
  class space    used 8625K, committed 8960K, reserved 212992K
}
Event: 14.053 GC heap after
{Heap after GC invocations=14 (full 3):
 def new generation   total 78912K, used 4297K [0x00000000e0000000, 0x00000000e55a0000, 0x00000000eaaa0000)
  eden space 70144K,   0% used [0x00000000e0000000, 0x00000000e0000000, 0x00000000e4480000)
  from space 8768K,  49% used [0x00000000e4d10000, 0x00000000e5142408, 0x00000000e55a0000)
  to   space 8768K,   0% used [0x00000000e4480000, 0x00000000e4480000, 0x00000000e4d10000)
 tenured generation   total 174784K, used 52592K [0x00000000eaaa0000, 0x00000000f5550000, 0x0000000100000000)
   the space 174784K,  30% used [0x00000000eaaa0000, 0x00000000eddfc100, 0x00000000eddfc200, 0x00000000f5550000)
 Metaspace       used 62874K, committed 63552K, reserved 278528K
  class space    used 8625K, committed 8960K, reserved 212992K
}
Event: 14.914 GC heap before
{Heap before GC invocations=14 (full 3):
 def new generation   total 78912K, used 74441K [0x00000000e0000000, 0x00000000e55a0000, 0x00000000eaaa0000)
  eden space 70144K, 100% used [0x00000000e0000000, 0x00000000e4480000, 0x00000000e4480000)
  from space 8768K,  49% used [0x00000000e4d10000, 0x00000000e5142408, 0x00000000e55a0000)
  to   space 8768K,   0% used [0x00000000e4480000, 0x00000000e4480000, 0x00000000e4d10000)
 tenured generation   total 174784K, used 52592K [0x00000000eaaa0000, 0x00000000f5550000, 0x0000000100000000)
   the space 174784K,  30% used [0x00000000eaaa0000, 0x00000000eddfc100, 0x00000000eddfc200, 0x00000000f5550000)
 Metaspace       used 64015K, committed 64704K, reserved 278528K
  class space    used 8762K, committed 9088K, reserved 212992K
}
Event: 14.933 GC heap after
{Heap after GC invocations=15 (full 3):
 def new generation   total 78912K, used 5586K [0x00000000e0000000, 0x00000000e55a0000, 0x00000000eaaa0000)
  eden space 70144K,   0% used [0x00000000e0000000, 0x00000000e0000000, 0x00000000e4480000)
  from space 8768K,  63% used [0x00000000e4480000, 0x00000000e49f4920, 0x00000000e4d10000)
  to   space 8768K,   0% used [0x00000000e4d10000, 0x00000000e4d10000, 0x00000000e55a0000)
 tenured generation   total 174784K, used 52592K [0x00000000eaaa0000, 0x00000000f5550000, 0x0000000100000000)
   the space 174784K,  30% used [0x00000000eaaa0000, 0x00000000eddfc100, 0x00000000eddfc200, 0x00000000f5550000)
 Metaspace       used 64015K, committed 64704K, reserved 278528K
  class space    used 8762K, committed 9088K, reserved 212992K
}
Event: 16.580 GC heap before
{Heap before GC invocations=15 (full 3):
 def new generation   total 78912K, used 75730K [0x00000000e0000000, 0x00000000e55a0000, 0x00000000eaaa0000)
  eden space 70144K, 100% used [0x00000000e0000000, 0x00000000e4480000, 0x00000000e4480000)
  from space 8768K,  63% used [0x00000000e4480000, 0x00000000e49f4920, 0x00000000e4d10000)
  to   space 8768K,   0% used [0x00000000e4d10000, 0x00000000e4d10000, 0x00000000e55a0000)
 tenured generation   total 174784K, used 52592K [0x00000000eaaa0000, 0x00000000f5550000, 0x0000000100000000)
   the space 174784K,  30% used [0x00000000eaaa0000, 0x00000000eddfc100, 0x00000000eddfc200, 0x00000000f5550000)
 Metaspace       used 67792K, committed 68544K, reserved 278528K
  class space    used 9386K, committed 9728K, reserved 212992K
}
Event: 16.606 GC heap after
{Heap after GC invocations=16 (full 3):
 def new generation   total 78912K, used 7239K [0x00000000e0000000, 0x00000000e55a0000, 0x00000000eaaa0000)
  eden space 70144K,   0% used [0x00000000e0000000, 0x00000000e0000000, 0x00000000e4480000)
  from space 8768K,  82% used [0x00000000e4d10000, 0x00000000e5421d50, 0x00000000e55a0000)
  to   space 8768K,   0% used [0x00000000e4480000, 0x00000000e4480000, 0x00000000e4d10000)
 tenured generation   total 174784K, used 54682K [0x00000000eaaa0000, 0x00000000f5550000, 0x0000000100000000)
   the space 174784K,  31% used [0x00000000eaaa0000, 0x00000000ee006b30, 0x00000000ee006c00, 0x00000000f5550000)
 Metaspace       used 67792K, committed 68544K, reserved 278528K
  class space    used 9386K, committed 9728K, reserved 212992K
}
Event: 20.958 GC heap before
{Heap before GC invocations=16 (full 3):
 def new generation   total 78912K, used 77383K [0x00000000e0000000, 0x00000000e55a0000, 0x00000000eaaa0000)
  eden space 70144K, 100% used [0x00000000e0000000, 0x00000000e4480000, 0x00000000e4480000)
  from space 8768K,  82% used [0x00000000e4d10000, 0x00000000e5421d50, 0x00000000e55a0000)
  to   space 8768K,   0% used [0x00000000e4480000, 0x00000000e4480000, 0x00000000e4d10000)
 tenured generation   total 174784K, used 54682K [0x00000000eaaa0000, 0x00000000f5550000, 0x0000000100000000)
   the space 174784K,  31% used [0x00000000eaaa0000, 0x00000000ee006b30, 0x00000000ee006c00, 0x00000000f5550000)
 Metaspace       used 68271K, committed 69056K, reserved 278528K
  class space    used 9440K, committed 9792K, reserved 212992K
}
Event: 20.984 GC heap after
{Heap after GC invocations=17 (full 3):
 def new generation   total 78912K, used 5217K [0x00000000e0000000, 0x00000000e55a0000, 0x00000000eaaa0000)
  eden space 70144K,   0% used [0x00000000e0000000, 0x00000000e0000000, 0x00000000e4480000)
  from space 8768K,  59% used [0x00000000e4480000, 0x00000000e4998638, 0x00000000e4d10000)
  to   space 8768K,   0% used [0x00000000e4d10000, 0x00000000e4d10000, 0x00000000e55a0000)
 tenured generation   total 174784K, used 58118K [0x00000000eaaa0000, 0x00000000f5550000, 0x0000000100000000)
   the space 174784K,  33% used [0x00000000eaaa0000, 0x00000000ee361ad0, 0x00000000ee361c00, 0x00000000f5550000)
 Metaspace       used 68271K, committed 69056K, reserved 278528K
  class space    used 9440K, committed 9792K, reserved 212992K
}

