# JRE version: OpenJDK Runtime Environment Temurin-17.0.8+7 (17.0.8+7) (build 17.0.8+7)
# Java VM: OpenJDK 64-Bit Server VM Temurin-17.0.8+7 (17.0.8+7, mixed mode, sharing, tiered, compressed oops, compressed class ptrs, serial gc, windows-amd64)
GC Precious Log:
 CPUs: 8 total, 8 available
 Memory: 16103M
 Large Page Support: Disabled
 NUMA Support: Disabled
 Compressed Oops: Enabled (32-bit)
 Heap Min Capacity: 256M
 Heap Initial Capacity: 256M
 Heap Max Capacity: 512M
 Pre-touch: Disabled
Heap:
 def new generation   total 79232K, used 31690K [0x00000000e0000000, 0x00000000e55f0000, 0x00000000eaaa0000)
  eden space 70464K,  42% used [0x00000000e0000000, 0x00000000e1d4d108, 0x00000000e44d0000)
  from space 8768K,  19% used [0x00000000e4d60000, 0x00000000e4f05780, 0x00000000e55f0000)
  to   space 8768K,   0% used [0x00000000e44d0000, 0x00000000e44d0000, 0x00000000e4d60000)
 tenured generation   total 174784K, used 113712K [0x00000000eaaa0000, 0x00000000f5550000, 0x0000000100000000)
   the space 174784K,  65% used [0x00000000eaaa0000, 0x00000000f19ac100, 0x00000000f19ac200, 0x00000000f5550000)
 Metaspace       used 72370K, committed 73344K, reserved 278528K
  class space    used 9828K, committed 10304K, reserved 212992K
GC Heap History (20 events):
Event: 6759.899 GC heap before
{Heap before GC invocations=47 (full 4):
 def new generation   total 79232K, used 77097K [0x00000000e0000000, 0x00000000e55f0000, 0x00000000eaaa0000)
  eden space 70464K, 100% used [0x00000000e0000000, 0x00000000e44d0000, 0x00000000e44d0000)
  from space 8768K,  75% used [0x00000000e4d60000, 0x00000000e53da468, 0x00000000e55f0000)
  to   space 8768K,   0% used [0x00000000e44d0000, 0x00000000e44d0000, 0x00000000e4d60000)
 tenured generation   total 174784K, used 69027K [0x00000000eaaa0000, 0x00000000f5550000, 0x0000000100000000)
   the space 174784K,  39% used [0x00000000eaaa0000, 0x00000000eee08e30, 0x00000000eee09000, 0x00000000f5550000)
 Metaspace       used 71568K, committed 72704K, reserved 278528K
  class space    used 9716K, committed 10240K, reserved 212992K
}
Event: 6759.924 GC heap after
{Heap after GC invocations=48 (full 4):
 def new generation   total 79232K, used 4695K [0x00000000e0000000, 0x00000000e55f0000, 0x00000000eaaa0000)
  eden space 70464K,   0% used [0x00000000e0000000, 0x00000000e0000000, 0x00000000e44d0000)
  from space 8768K,  53% used [0x00000000e44d0000, 0x00000000e4965f40, 0x00000000e4d60000)
  to   space 8768K,   0% used [0x00000000e4d60000, 0x00000000e4d60000, 0x00000000e55f0000)
 tenured generation   total 174784K, used 75502K [0x00000000eaaa0000, 0x00000000f5550000, 0x0000000100000000)
   the space 174784K,  43% used [0x00000000eaaa0000, 0x00000000ef45bb40, 0x00000000ef45bc00, 0x00000000f5550000)
 Metaspace       used 71568K, committed 72704K, reserved 278528K
  class space    used 9716K, committed 10240K, reserved 212992K
}
Event: 6761.549 GC heap before
{Heap before GC invocations=48 (full 4):
 def new generation   total 79232K, used 75159K [0x00000000e0000000, 0x00000000e55f0000, 0x00000000eaaa0000)
  eden space 70464K, 100% used [0x00000000e0000000, 0x00000000e44d0000, 0x00000000e44d0000)
  from space 8768K,  53% used [0x00000000e44d0000, 0x00000000e4965f40, 0x00000000e4d60000)
  to   space 8768K,   0% used [0x00000000e4d60000, 0x00000000e4d60000, 0x00000000e55f0000)
 tenured generation   total 174784K, used 75502K [0x00000000eaaa0000, 0x00000000f5550000, 0x0000000100000000)
   the space 174784K,  43% used [0x00000000eaaa0000, 0x00000000ef45bb40, 0x00000000ef45bc00, 0x00000000f5550000)
 Metaspace       used 71650K, committed 72704K, reserved 278528K
  class space    used 9717K, committed 10240K, reserved 212992K
}
Event: 6761.580 GC heap after
{Heap after GC invocations=49 (full 4):
 def new generation   total 79232K, used 5414K [0x00000000e0000000, 0x00000000e55f0000, 0x00000000eaaa0000)
  eden space 70464K,   0% used [0x00000000e0000000, 0x00000000e0000000, 0x00000000e44d0000)
  from space 8768K,  61% used [0x00000000e4d60000, 0x00000000e52a98c0, 0x00000000e55f0000)
  to   space 8768K,   0% used [0x00000000e44d0000, 0x00000000e44d0000, 0x00000000e4d60000)
 tenured generation   total 174784K, used 79696K [0x00000000eaaa0000, 0x00000000f5550000, 0x0000000100000000)
   the space 174784K,  45% used [0x00000000eaaa0000, 0x00000000ef874340, 0x00000000ef874400, 0x00000000f5550000)
 Metaspace       used 71650K, committed 72704K, reserved 278528K
  class space    used 9717K, committed 10240K, reserved 212992K
}
Event: 6762.471 GC heap before
{Heap before GC invocations=49 (full 4):
 def new generation   total 79232K, used 75878K [0x00000000e0000000, 0x00000000e55f0000, 0x00000000eaaa0000)
  eden space 70464K, 100% used [0x00000000e0000000, 0x00000000e44d0000, 0x00000000e44d0000)
  from space 8768K,  61% used [0x00000000e4d60000, 0x00000000e52a98c0, 0x00000000e55f0000)
  to   space 8768K,   0% used [0x00000000e44d0000, 0x00000000e44d0000, 0x00000000e4d60000)
 tenured generation   total 174784K, used 79696K [0x00000000eaaa0000, 0x00000000f5550000, 0x0000000100000000)
   the space 174784K,  45% used [0x00000000eaaa0000, 0x00000000ef874340, 0x00000000ef874400, 0x00000000f5550000)
 Metaspace       used 71652K, committed 72704K, reserved 278528K
  class space    used 9717K, committed 10240K, reserved 212992K
}
Event: 6762.504 GC heap after
{Heap after GC invocations=50 (full 4):
 def new generation   total 79232K, used 8067K [0x00000000e0000000, 0x00000000e55f0000, 0x00000000eaaa0000)
  eden space 70464K,   0% used [0x00000000e0000000, 0x00000000e0000000, 0x00000000e44d0000)
  from space 8768K,  92% used [0x00000000e44d0000, 0x00000000e4cb0ce0, 0x00000000e4d60000)
  to   space 8768K,   0% used [0x00000000e4d60000, 0x00000000e4d60000, 0x00000000e55f0000)
 tenured generation   total 174784K, used 83888K [0x00000000eaaa0000, 0x00000000f5550000, 0x0000000100000000)
   the space 174784K,  47% used [0x00000000eaaa0000, 0x00000000efc8c1f0, 0x00000000efc8c200, 0x00000000f5550000)
 Metaspace       used 71652K, committed 72704K, reserved 278528K
  class space    used 9717K, committed 10240K, reserved 212992K
}
Event: 6763.524 GC heap before
{Heap before GC invocations=50 (full 4):
 def new generation   total 79232K, used 78531K [0x00000000e0000000, 0x00000000e55f0000, 0x00000000eaaa0000)
  eden space 70464K, 100% used [0x00000000e0000000, 0x00000000e44d0000, 0x00000000e44d0000)
  from space 8768K,  92% used [0x00000000e44d0000, 0x00000000e4cb0ce0, 0x00000000e4d60000)
  to   space 8768K,   0% used [0x00000000e4d60000, 0x00000000e4d60000, 0x00000000e55f0000)
 tenured generation   total 174784K, used 83888K [0x00000000eaaa0000, 0x00000000f5550000, 0x0000000100000000)
   the space 174784K,  47% used [0x00000000eaaa0000, 0x00000000efc8c1f0, 0x00000000efc8c200, 0x00000000f5550000)
 Metaspace       used 71652K, committed 72704K, reserved 278528K
  class space    used 9717K, committed 10240K, reserved 212992K
}
Event: 6763.564 GC heap after
{Heap after GC invocations=51 (full 4):
 def new generation   total 79232K, used 6025K [0x00000000e0000000, 0x00000000e55f0000, 0x00000000eaaa0000)
  eden space 70464K,   0% used [0x00000000e0000000, 0x00000000e0000000, 0x00000000e44d0000)
  from space 8768K,  68% used [0x00000000e4d60000, 0x00000000e53426a0, 0x00000000e55f0000)
  to   space 8768K,   0% used [0x00000000e44d0000, 0x00000000e44d0000, 0x00000000e4d60000)
 tenured generation   total 174784K, used 91165K [0x00000000eaaa0000, 0x00000000f5550000, 0x0000000100000000)
   the space 174784K,  52% used [0x00000000eaaa0000, 0x00000000f03a7770, 0x00000000f03a7800, 0x00000000f5550000)
 Metaspace       used 71652K, committed 72704K, reserved 278528K
  class space    used 9717K, committed 10240K, reserved 212992K
}
Event: 6801.590 GC heap before
{Heap before GC invocations=51 (full 4):
 def new generation   total 79232K, used 76489K [0x00000000e0000000, 0x00000000e55f0000, 0x00000000eaaa0000)
  eden space 70464K, 100% used [0x00000000e0000000, 0x00000000e44d0000, 0x00000000e44d0000)
  from space 8768K,  68% used [0x00000000e4d60000, 0x00000000e53426a0, 0x00000000e55f0000)
  to   space 8768K,   0% used [0x00000000e44d0000, 0x00000000e44d0000, 0x00000000e4d60000)
 tenured generation   total 174784K, used 91165K [0x00000000eaaa0000, 0x00000000f5550000, 0x0000000100000000)
   the space 174784K,  52% used [0x00000000eaaa0000, 0x00000000f03a7770, 0x00000000f03a7800, 0x00000000f5550000)
 Metaspace       used 71671K, committed 72704K, reserved 278528K
  class space    used 9717K, committed 10240K, reserved 212992K
}
Event: 6801.623 GC heap after
{Heap after GC invocations=52 (full 4):
 def new generation   total 79232K, used 4399K [0x00000000e0000000, 0x00000000e55f0000, 0x00000000eaaa0000)
  eden space 70464K,   0% used [0x00000000e0000000, 0x00000000e0000000, 0x00000000e44d0000)
  from space 8768K,  50% used [0x00000000e44d0000, 0x00000000e491bc88, 0x00000000e4d60000)
  to   space 8768K,   0% used [0x00000000e4d60000, 0x00000000e4d60000, 0x00000000e55f0000)
 tenured generation   total 174784K, used 96399K [0x00000000eaaa0000, 0x00000000f5550000, 0x0000000100000000)
   the space 174784K,  55% used [0x00000000eaaa0000, 0x00000000f08c3f08, 0x00000000f08c4000, 0x00000000f5550000)
 Metaspace       used 71671K, committed 72704K, reserved 278528K
  class space    used 9717K, committed 10240K, reserved 212992K
}
Event: 6803.328 GC heap before
{Heap before GC invocations=52 (full 4):
 def new generation   total 79232K, used 74863K [0x00000000e0000000, 0x00000000e55f0000, 0x00000000eaaa0000)
  eden space 70464K, 100% used [0x00000000e0000000, 0x00000000e44d0000, 0x00000000e44d0000)
  from space 8768K,  50% used [0x00000000e44d0000, 0x00000000e491bc88, 0x00000000e4d60000)
  to   space 8768K,   0% used [0x00000000e4d60000, 0x00000000e4d60000, 0x00000000e55f0000)
 tenured generation   total 174784K, used 96399K [0x00000000eaaa0000, 0x00000000f5550000, 0x0000000100000000)
   the space 174784K,  55% used [0x00000000eaaa0000, 0x00000000f08c3f08, 0x00000000f08c4000, 0x00000000f5550000)
 Metaspace       used 72163K, committed 73088K, reserved 278528K
  class space    used 9803K, committed 10240K, reserved 212992K
}
Event: 6803.355 GC heap after
{Heap after GC invocations=53 (full 4):
 def new generation   total 79232K, used 4818K [0x00000000e0000000, 0x00000000e55f0000, 0x00000000eaaa0000)
  eden space 70464K,   0% used [0x00000000e0000000, 0x00000000e0000000, 0x00000000e44d0000)
  from space 8768K,  54% used [0x00000000e4d60000, 0x00000000e5214b20, 0x00000000e55f0000)
  to   space 8768K,   0% used [0x00000000e44d0000, 0x00000000e44d0000, 0x00000000e4d60000)
 tenured generation   total 174784K, used 100425K [0x00000000eaaa0000, 0x00000000f5550000, 0x0000000100000000)
   the space 174784K,  57% used [0x00000000eaaa0000, 0x00000000f0cb26f8, 0x00000000f0cb2800, 0x00000000f5550000)
 Metaspace       used 72163K, committed 73088K, reserved 278528K
  class space    used 9803K, committed 10240K, reserved 212992K
}
Event: 6804.545 GC heap before
{Heap before GC invocations=53 (full 4):
 def new generation   total 79232K, used 75282K [0x00000000e0000000, 0x00000000e55f0000, 0x00000000eaaa0000)
  eden space 70464K, 100% used [0x00000000e0000000, 0x00000000e44d0000, 0x00000000e44d0000)
  from space 8768K,  54% used [0x00000000e4d60000, 0x00000000e5214b20, 0x00000000e55f0000)
  to   space 8768K,   0% used [0x00000000e44d0000, 0x00000000e44d0000, 0x00000000e4d60000)
 tenured generation   total 174784K, used 100425K [0x00000000eaaa0000, 0x00000000f5550000, 0x0000000100000000)
   the space 174784K,  57% used [0x00000000eaaa0000, 0x00000000f0cb26f8, 0x00000000f0cb2800, 0x00000000f5550000)
 Metaspace       used 72163K, committed 73088K, reserved 278528K
  class space    used 9803K, committed 10240K, reserved 212992K
}
Event: 6804.580 GC heap after
{Heap after GC invocations=54 (full 4):
 def new generation   total 79232K, used 7667K [0x00000000e0000000, 0x00000000e55f0000, 0x00000000eaaa0000)
  eden space 70464K,   0% used [0x00000000e0000000, 0x00000000e0000000, 0x00000000e44d0000)
  from space 8768K,  87% used [0x00000000e44d0000, 0x00000000e4c4cf50, 0x00000000e4d60000)
  to   space 8768K,   0% used [0x00000000e4d60000, 0x00000000e4d60000, 0x00000000e55f0000)
 tenured generation   total 174784K, used 105054K [0x00000000eaaa0000, 0x00000000f5550000, 0x0000000100000000)
   the space 174784K,  60% used [0x00000000eaaa0000, 0x00000000f1137b08, 0x00000000f1137c00, 0x00000000f5550000)
 Metaspace       used 72163K, committed 73088K, reserved 278528K
  class space    used 9803K, committed 10240K, reserved 212992K
}
Event: 6805.704 GC heap before
{Heap before GC invocations=54 (full 4):
 def new generation   total 79232K, used 78131K [0x00000000e0000000, 0x00000000e55f0000, 0x00000000eaaa0000)
  eden space 70464K, 100% used [0x00000000e0000000, 0x00000000e44d0000, 0x00000000e44d0000)
  from space 8768K,  87% used [0x00000000e44d0000, 0x00000000e4c4cf50, 0x00000000e4d60000)
  to   space 8768K,   0% used [0x00000000e4d60000, 0x00000000e4d60000, 0x00000000e55f0000)
 tenured generation   total 174784K, used 105054K [0x00000000eaaa0000, 0x00000000f5550000, 0x0000000100000000)
   the space 174784K,  60% used [0x00000000eaaa0000, 0x00000000f1137b08, 0x00000000f1137c00, 0x00000000f5550000)
 Metaspace       used 72163K, committed 73088K, reserved 278528K
  class space    used 9803K, committed 10240K, reserved 212992K
}
Event: 6805.718 GC heap after
{Heap after GC invocations=55 (full 4):
 def new generation   total 79232K, used 2500K [0x00000000e0000000, 0x00000000e55f0000, 0x00000000eaaa0000)
  eden space 70464K,   0% used [0x00000000e0000000, 0x00000000e0000000, 0x00000000e44d0000)
  from space 8768K,  28% used [0x00000000e4d60000, 0x00000000e4fd1198, 0x00000000e55f0000)
  to   space 8768K,   0% used [0x00000000e44d0000, 0x00000000e44d0000, 0x00000000e4d60000)
 tenured generation   total 174784K, used 108047K [0x00000000eaaa0000, 0x00000000f5550000, 0x0000000100000000)
   the space 174784K,  61% used [0x00000000eaaa0000, 0x00000000f1423c98, 0x00000000f1423e00, 0x00000000f5550000)
 Metaspace       used 72163K, committed 73088K, reserved 278528K
  class space    used 9803K, committed 10240K, reserved 212992K
}
Event: 6808.414 GC heap before
{Heap before GC invocations=55 (full 4):
 def new generation   total 79232K, used 72964K [0x00000000e0000000, 0x00000000e55f0000, 0x00000000eaaa0000)
  eden space 70464K, 100% used [0x00000000e0000000, 0x00000000e44d0000, 0x00000000e44d0000)
  from space 8768K,  28% used [0x00000000e4d60000, 0x00000000e4fd1198, 0x00000000e55f0000)
  to   space 8768K,   0% used [0x00000000e44d0000, 0x00000000e44d0000, 0x00000000e4d60000)
 tenured generation   total 174784K, used 108047K [0x00000000eaaa0000, 0x00000000f5550000, 0x0000000100000000)
   the space 174784K,  61% used [0x00000000eaaa0000, 0x00000000f1423c98, 0x00000000f1423e00, 0x00000000f5550000)
 Metaspace       used 72316K, committed 73280K, reserved 278528K
  class space    used 9827K, committed 10304K, reserved 212992K
}
Event: 6808.436 GC heap after
{Heap after GC invocations=56 (full 4):
 def new generation   total 79232K, used 6929K [0x00000000e0000000, 0x00000000e55f0000, 0x00000000eaaa0000)
  eden space 70464K,   0% used [0x00000000e0000000, 0x00000000e0000000, 0x00000000e44d0000)
  from space 8768K,  79% used [0x00000000e44d0000, 0x00000000e4b94698, 0x00000000e4d60000)
  to   space 8768K,   0% used [0x00000000e4d60000, 0x00000000e4d60000, 0x00000000e55f0000)
 tenured generation   total 174784K, used 108047K [0x00000000eaaa0000, 0x00000000f5550000, 0x0000000100000000)
   the space 174784K,  61% used [0x00000000eaaa0000, 0x00000000f1423c98, 0x00000000f1423e00, 0x00000000f5550000)
 Metaspace       used 72316K, committed 73280K, reserved 278528K
  class space    used 9827K, committed 10304K, reserved 212992K
}
Event: 6810.745 GC heap before
{Heap before GC invocations=56 (full 4):
 def new generation   total 79232K, used 77393K [0x00000000e0000000, 0x00000000e55f0000, 0x00000000eaaa0000)
  eden space 70464K, 100% used [0x00000000e0000000, 0x00000000e44d0000, 0x00000000e44d0000)
  from space 8768K,  79% used [0x00000000e44d0000, 0x00000000e4b94698, 0x00000000e4d60000)
  to   space 8768K,   0% used [0x00000000e4d60000, 0x00000000e4d60000, 0x00000000e55f0000)
 tenured generation   total 174784K, used 108047K [0x00000000eaaa0000, 0x00000000f5550000, 0x0000000100000000)
   the space 174784K,  61% used [0x00000000eaaa0000, 0x00000000f1423c98, 0x00000000f1423e00, 0x00000000f5550000)
 Metaspace       used 72364K, committed 73344K, reserved 278528K
  class space    used 9827K, committed 10304K, reserved 212992K
}
Event: 6810.770 GC heap after
{Heap after GC invocations=57 (full 4):
 def new generation   total 79232K, used 1685K [0x00000000e0000000, 0x00000000e55f0000, 0x00000000eaaa0000)
  eden space 70464K,   0% used [0x00000000e0000000, 0x00000000e0000000, 0x00000000e44d0000)
  from space 8768K,  19% used [0x00000000e4d60000, 0x00000000e4f05780, 0x00000000e55f0000)
  to   space 8768K,   0% used [0x00000000e44d0000, 0x00000000e44d0000, 0x00000000e4d60000)
 tenured generation   total 174784K, used 113712K [0x00000000eaaa0000, 0x00000000f5550000, 0x0000000100000000)
   the space 174784K,  65% used [0x00000000eaaa0000, 0x00000000f19ac100, 0x00000000f19ac200, 0x00000000f5550000)
 Metaspace       used 72364K, committed 73344K, reserved 278528K
  class space    used 9827K, committed 10304K, reserved 212992K
}

