# JRE version: OpenJDK Runtime Environment Temurin-17.0.8+7 (17.0.8+7) (build 17.0.8+7)
# Java VM: OpenJDK 64-Bit Server VM Temurin-17.0.8+7 (17.0.8+7, mixed mode, emulated-client, sharing, tiered, compressed oops, compressed class ptrs, g1 gc, windows-amd64)
GC Precious Log:
 CPUs: 8 total, 8 available
 Memory: 16103M
 Large Page Support: Disabled
 NUMA Support: Disabled
 Compressed Oops: Enabled (Zero based)
 Heap Region Size: 2M
 Heap Min Capacity: 8M
 Heap Initial Capacity: 252M
 Heap Max Capacity: 4026M
 Pre-touch: Disabled
 Parallel Workers: 8
 Concurrent Workers: 2
 Concurrent Refinement Workers: 8
 Periodic GC: Disabled
Heap:
 garbage-first heap   total 88064K, used 44581K [0x0000000704600000, 0x0000000800000000)
  region size 2048K, 11 young (22528K), 3 survivors (6144K)
 Metaspace       used 62215K, committed 62784K, reserved 1114112K
  class space    used 9009K, committed 9280K, reserved 1048576K
GC Heap History (20 events):
Event: 1.091 GC heap before
{Heap before GC invocations=2 (full 0):
 garbage-first heap   total 258048K, used 63777K [0x0000000704600000, 0x0000000800000000)
  region size 2048K, 27 young (55296K), 1 survivors (2048K)
 Metaspace       used 17328K, committed 17728K, reserved 1114112K
  class space    used 2444K, committed 2624K, reserved 1048576K
}
Event: 1.094 GC heap after
{Heap after GC invocations=3 (full 0):
 garbage-first heap   total 258048K, used 14092K [0x0000000704600000, 0x0000000800000000)
  region size 2048K, 3 young (6144K), 3 survivors (6144K)
 Metaspace       used 17328K, committed 17728K, reserved 1114112K
  class space    used 2444K, committed 2624K, reserved 1048576K
}
Event: 1.368 GC heap before
{Heap before GC invocations=3 (full 0):
 garbage-first heap   total 258048K, used 50956K [0x0000000704600000, 0x0000000800000000)
  region size 2048K, 22 young (45056K), 3 survivors (6144K)
 Metaspace       used 21126K, committed 21504K, reserved 1114112K
  class space    used 2990K, committed 3200K, reserved 1048576K
}
Event: 1.372 GC heap after
{Heap after GC invocations=4 (full 0):
 garbage-first heap   total 258048K, used 17009K [0x0000000704600000, 0x0000000800000000)
  region size 2048K, 4 young (8192K), 4 survivors (8192K)
 Metaspace       used 21126K, committed 21504K, reserved 1114112K
  class space    used 2990K, committed 3200K, reserved 1048576K
}
Event: 1.723 GC heap before
{Heap before GC invocations=5 (full 0):
 garbage-first heap   total 69632K, used 49777K [0x0000000704600000, 0x0000000800000000)
  region size 2048K, 20 young (40960K), 4 survivors (8192K)
 Metaspace       used 24981K, committed 25408K, reserved 1114112K
  class space    used 3571K, committed 3776K, reserved 1048576K
}
Event: 1.727 GC heap after
{Heap after GC invocations=6 (full 0):
 garbage-first heap   total 69632K, used 19203K [0x0000000704600000, 0x0000000800000000)
  region size 2048K, 3 young (6144K), 3 survivors (6144K)
 Metaspace       used 24981K, committed 25408K, reserved 1114112K
  class space    used 3571K, committed 3776K, reserved 1048576K
}
Event: 2.028 GC heap before
{Heap before GC invocations=6 (full 0):
 garbage-first heap   total 69632K, used 43779K [0x0000000704600000, 0x0000000800000000)
  region size 2048K, 15 young (30720K), 3 survivors (6144K)
 Metaspace       used 28761K, committed 29312K, reserved 1114112K
  class space    used 4284K, committed 4544K, reserved 1048576K
}
Event: 2.032 GC heap after
{Heap after GC invocations=7 (full 0):
 garbage-first heap   total 69632K, used 21118K [0x0000000704600000, 0x0000000800000000)
  region size 2048K, 2 young (4096K), 2 survivors (4096K)
 Metaspace       used 28761K, committed 29312K, reserved 1114112K
  class space    used 4284K, committed 4544K, reserved 1048576K
}
Event: 2.568 GC heap before
{Heap before GC invocations=7 (full 0):
 garbage-first heap   total 69632K, used 47742K [0x0000000704600000, 0x0000000800000000)
  region size 2048K, 15 young (30720K), 2 survivors (4096K)
 Metaspace       used 32126K, committed 32576K, reserved 1114112K
  class space    used 4709K, committed 4928K, reserved 1048576K
}
Event: 2.571 GC heap after
{Heap after GC invocations=8 (full 0):
 garbage-first heap   total 69632K, used 23616K [0x0000000704600000, 0x0000000800000000)
  region size 2048K, 2 young (4096K), 2 survivors (4096K)
 Metaspace       used 32126K, committed 32576K, reserved 1114112K
  class space    used 4709K, committed 4928K, reserved 1048576K
}
Event: 2.747 GC heap before
{Heap before GC invocations=8 (full 0):
 garbage-first heap   total 69632K, used 37952K [0x0000000704600000, 0x0000000800000000)
  region size 2048K, 10 young (20480K), 2 survivors (4096K)
 Metaspace       used 35504K, committed 35968K, reserved 1114112K
  class space    used 5200K, committed 5440K, reserved 1048576K
}
Event: 2.750 GC heap after
{Heap after GC invocations=9 (full 0):
 garbage-first heap   total 69632K, used 23944K [0x0000000704600000, 0x0000000800000000)
  region size 2048K, 2 young (4096K), 2 survivors (4096K)
 Metaspace       used 35504K, committed 35968K, reserved 1114112K
  class space    used 5200K, committed 5440K, reserved 1048576K
}
Event: 3.044 GC heap before
{Heap before GC invocations=10 (full 0):
 garbage-first heap   total 69632K, used 48520K [0x0000000704600000, 0x0000000800000000)
  region size 2048K, 14 young (28672K), 2 survivors (4096K)
 Metaspace       used 40748K, committed 41152K, reserved 1114112K
  class space    used 5962K, committed 6144K, reserved 1048576K
}
Event: 3.047 GC heap after
{Heap after GC invocations=11 (full 0):
 garbage-first heap   total 88064K, used 25788K [0x0000000704600000, 0x0000000800000000)
  region size 2048K, 2 young (4096K), 2 survivors (4096K)
 Metaspace       used 40748K, committed 41152K, reserved 1114112K
  class space    used 5962K, committed 6144K, reserved 1048576K
}
Event: 3.510 GC heap before
{Heap before GC invocations=11 (full 0):
 garbage-first heap   total 88064K, used 64700K [0x0000000704600000, 0x0000000800000000)
  region size 2048K, 21 young (43008K), 2 survivors (4096K)
 Metaspace       used 49931K, committed 50496K, reserved 1114112K
  class space    used 7284K, committed 7552K, reserved 1048576K
}
Event: 3.513 GC heap after
{Heap after GC invocations=12 (full 0):
 garbage-first heap   total 88064K, used 27392K [0x0000000704600000, 0x0000000800000000)
  region size 2048K, 3 young (6144K), 3 survivors (6144K)
 Metaspace       used 49931K, committed 50496K, reserved 1114112K
  class space    used 7284K, committed 7552K, reserved 1048576K
}
Event: 4.030 GC heap before
{Heap before GC invocations=12 (full 0):
 garbage-first heap   total 88064K, used 64256K [0x0000000704600000, 0x0000000800000000)
  region size 2048K, 21 young (43008K), 3 survivors (6144K)
 Metaspace       used 57116K, committed 57728K, reserved 1114112K
  class space    used 8293K, committed 8576K, reserved 1048576K
}
Event: 4.035 GC heap after
{Heap after GC invocations=13 (full 0):
 garbage-first heap   total 88064K, used 29774K [0x0000000704600000, 0x0000000800000000)
  region size 2048K, 3 young (6144K), 3 survivors (6144K)
 Metaspace       used 57116K, committed 57728K, reserved 1114112K
  class space    used 8293K, committed 8576K, reserved 1048576K
}
Event: 4.292 GC heap before
{Heap before GC invocations=13 (full 0):
 garbage-first heap   total 88064K, used 50254K [0x0000000704600000, 0x0000000800000000)
  region size 2048K, 14 young (28672K), 3 survivors (6144K)
 Metaspace       used 59773K, committed 60288K, reserved 1114112K
  class space    used 8662K, committed 8896K, reserved 1048576K
}
Event: 4.296 GC heap after
{Heap after GC invocations=14 (full 0):
 garbage-first heap   total 88064K, used 32293K [0x0000000704600000, 0x0000000800000000)
  region size 2048K, 3 young (6144K), 3 survivors (6144K)
 Metaspace       used 59773K, committed 60288K, reserved 1114112K
  class space    used 8662K, committed 8896K, reserved 1048576K
}

