# JRE version: OpenJDK Runtime Environment Temurin-21.0.8+9 (21.0.8+9) (build 21.0.8+9-LTS)
# Java VM: OpenJDK 64-Bit Server VM Temurin-21.0.8+9 (21.0.8+9-LTS, mixed mode, sharing, tiered, compressed oops, compressed class ptrs, parallel gc, windows-amd64)
GC Precious Log:
 CardTable entry size: 512
 CPUs: 8 total, 8 available
 Memory: 16103M
 Large Page Support: Disabled
 NUMA Support: Disabled
 Compressed Oops: Enabled (32-bit)
 Alignments: Space 512K, Generation 512K, Heap 2M
 Heap Min Capacity: 100M
 Heap Initial Capacity: 100M
 Heap Max Capacity: 2G
 Pre-touch: Disabled
 Parallel Workers: 8
Heap:
 PSYoungGen      total 3072K, used 883K [0x00000000d5580000, 0x00000000d5a00000, 0x0000000100000000)
  eden space 2560K, 17% used [0x00000000d5580000,0x00000000d55f0fd0,0x00000000d5800000)
  from space 512K, 84% used [0x00000000d5900000,0x00000000d596c010,0x00000000d5980000)
  to   space 512K, 0% used [0x00000000d5980000,0x00000000d5980000,0x00000000d5a00000)
 ParOldGen       total 586752K, used 586329K [0x0000000080000000, 0x00000000a3d00000, 0x00000000d5580000)
  object space 586752K, 99% used [0x0000000080000000,0x00000000a3c96518,0x00000000a3d00000)
 Metaspace       used 82223K, committed 83968K, reserved 1179648K
  class space    used 9740K, committed 10560K, reserved 1048576K
GC Heap History (20 events):
Event: 72.662 GC heap before
{Heap before GC invocations=709 (full 3):
 PSYoungGen      total 4096K, used 4059K [0x00000000d5580000, 0x00000000d5c80000, 0x0000000100000000)
  eden space 3072K, 99% used [0x00000000d5580000,0x00000000d587ecb0,0x00000000d5880000)
  from space 1024K, 96% used [0x00000000d5900000,0x00000000d59f8010,0x00000000d5a00000)
  to   space 2048K, 0% used [0x00000000d5a80000,0x00000000d5a80000,0x00000000d5c80000)
 ParOldGen       total 578560K, used 578224K [0x0000000080000000, 0x00000000a3500000, 0x00000000d5580000)
  object space 578560K, 99% used [0x0000000080000000,0x00000000a34ac058,0x00000000a3500000)
 Metaspace       used 82133K, committed 83840K, reserved 1179648K
  class space    used 9728K, committed 10496K, reserved 1048576K
}
Event: 72.665 GC heap after
{Heap after GC invocations=709 (full 3):
 PSYoungGen      total 4096K, used 1024K [0x00000000d5580000, 0x00000000d5b80000, 0x0000000100000000)
  eden space 3072K, 0% used [0x00000000d5580000,0x00000000d5580000,0x00000000d5880000)
  from space 1024K, 100% used [0x00000000d5a80000,0x00000000d5b80000,0x00000000d5b80000)
  to   space 1536K, 0% used [0x00000000d5880000,0x00000000d5880000,0x00000000d5a00000)
 ParOldGen       total 579584K, used 579224K [0x0000000080000000, 0x00000000a3600000, 0x00000000d5580000)
  object space 579584K, 99% used [0x0000000080000000,0x00000000a35a6068,0x00000000a3600000)
 Metaspace       used 82133K, committed 83840K, reserved 1179648K
  class space    used 9728K, committed 10496K, reserved 1048576K
}
Event: 72.680 GC heap before
{Heap before GC invocations=710 (full 3):
 PSYoungGen      total 4096K, used 4096K [0x00000000d5580000, 0x00000000d5b80000, 0x0000000100000000)
  eden space 3072K, 100% used [0x00000000d5580000,0x00000000d5880000,0x00000000d5880000)
  from space 1024K, 100% used [0x00000000d5a80000,0x00000000d5b80000,0x00000000d5b80000)
  to   space 1536K, 0% used [0x00000000d5880000,0x00000000d5880000,0x00000000d5a00000)
 ParOldGen       total 579584K, used 579224K [0x0000000080000000, 0x00000000a3600000, 0x00000000d5580000)
  object space 579584K, 99% used [0x0000000080000000,0x00000000a35a6068,0x00000000a3600000)
 Metaspace       used 82188K, committed 83904K, reserved 1179648K
  class space    used 9739K, committed 10496K, reserved 1048576K
}
Event: 72.694 GC heap after
{Heap after GC invocations=710 (full 3):
 PSYoungGen      total 4608K, used 800K [0x00000000d5580000, 0x00000000d5b80000, 0x0000000100000000)
  eden space 3072K, 0% used [0x00000000d5580000,0x00000000d5580000,0x00000000d5880000)
  from space 1536K, 52% used [0x00000000d5880000,0x00000000d5948000,0x00000000d5a00000)
  to   space 1024K, 0% used [0x00000000d5a80000,0x00000000d5a80000,0x00000000d5b80000)
 ParOldGen       total 580608K, used 580184K [0x0000000080000000, 0x00000000a3700000, 0x00000000d5580000)
  object space 580608K, 99% used [0x0000000080000000,0x00000000a3696068,0x00000000a3700000)
 Metaspace       used 82188K, committed 83904K, reserved 1179648K
  class space    used 9739K, committed 10496K, reserved 1048576K
}
Event: 72.740 GC heap before
{Heap before GC invocations=711 (full 3):
 PSYoungGen      total 4608K, used 3872K [0x00000000d5580000, 0x00000000d5b80000, 0x0000000100000000)
  eden space 3072K, 100% used [0x00000000d5580000,0x00000000d5880000,0x00000000d5880000)
  from space 1536K, 52% used [0x00000000d5880000,0x00000000d5948000,0x00000000d5a00000)
  to   space 1024K, 0% used [0x00000000d5a80000,0x00000000d5a80000,0x00000000d5b80000)
 ParOldGen       total 580608K, used 580184K [0x0000000080000000, 0x00000000a3700000, 0x00000000d5580000)
  object space 580608K, 99% used [0x0000000080000000,0x00000000a3696068,0x00000000a3700000)
 Metaspace       used 82188K, committed 83904K, reserved 1179648K
  class space    used 9739K, committed 10496K, reserved 1048576K
}
Event: 72.744 GC heap after
{Heap after GC invocations=711 (full 3):
 PSYoungGen      total 3584K, used 992K [0x00000000d5580000, 0x00000000d5d80000, 0x0000000100000000)
  eden space 2560K, 0% used [0x00000000d5580000,0x00000000d5580000,0x00000000d5800000)
  from space 1024K, 96% used [0x00000000d5a80000,0x00000000d5b78010,0x00000000d5b80000)
  to   space 2560K, 0% used [0x00000000d5800000,0x00000000d5800000,0x00000000d5a80000)
 ParOldGen       total 581120K, used 581113K [0x0000000080000000, 0x00000000a3780000, 0x00000000d5580000)
  object space 581120K, 99% used [0x0000000080000000,0x00000000a377e668,0x00000000a3780000)
 Metaspace       used 82188K, committed 83904K, reserved 1179648K
  class space    used 9739K, committed 10496K, reserved 1048576K
}
Event: 72.808 GC heap before
{Heap before GC invocations=712 (full 3):
 PSYoungGen      total 3584K, used 3552K [0x00000000d5580000, 0x00000000d5d80000, 0x0000000100000000)
  eden space 2560K, 100% used [0x00000000d5580000,0x00000000d5800000,0x00000000d5800000)
  from space 1024K, 96% used [0x00000000d5a80000,0x00000000d5b78010,0x00000000d5b80000)
  to   space 2560K, 0% used [0x00000000d5800000,0x00000000d5800000,0x00000000d5a80000)
 ParOldGen       total 581120K, used 581113K [0x0000000080000000, 0x00000000a3780000, 0x00000000d5580000)
  object space 581120K, 99% used [0x0000000080000000,0x00000000a377e668,0x00000000a3780000)
 Metaspace       used 82199K, committed 83968K, reserved 1179648K
  class space    used 9740K, committed 10560K, reserved 1048576K
}
Event: 72.812 GC heap after
{Heap after GC invocations=712 (full 3):
 PSYoungGen      total 3584K, used 956K [0x00000000d5580000, 0x00000000d5b00000, 0x0000000100000000)
  eden space 2560K, 0% used [0x00000000d5580000,0x00000000d5580000,0x00000000d5800000)
  from space 1024K, 93% used [0x00000000d5800000,0x00000000d58ef320,0x00000000d5900000)
  to   space 1536K, 0% used [0x00000000d5980000,0x00000000d5980000,0x00000000d5b00000)
 ParOldGen       total 582144K, used 582129K [0x0000000080000000, 0x00000000a3880000, 0x00000000d5580000)
  object space 582144K, 99% used [0x0000000080000000,0x00000000a387c678,0x00000000a3880000)
 Metaspace       used 82199K, committed 83968K, reserved 1179648K
  class space    used 9740K, committed 10560K, reserved 1048576K
}
Event: 72.835 GC heap before
{Heap before GC invocations=713 (full 3):
 PSYoungGen      total 3584K, used 3516K [0x00000000d5580000, 0x00000000d5b00000, 0x0000000100000000)
  eden space 2560K, 99% used [0x00000000d5580000,0x00000000d57ffff0,0x00000000d5800000)
  from space 1024K, 93% used [0x00000000d5800000,0x00000000d58ef320,0x00000000d5900000)
  to   space 1536K, 0% used [0x00000000d5980000,0x00000000d5980000,0x00000000d5b00000)
 ParOldGen       total 582144K, used 582129K [0x0000000080000000, 0x00000000a3880000, 0x00000000d5580000)
  object space 582144K, 99% used [0x0000000080000000,0x00000000a387c678,0x00000000a3880000)
 Metaspace       used 82210K, committed 83968K, reserved 1179648K
  class space    used 9740K, committed 10560K, reserved 1048576K
}
Event: 72.838 GC heap after
{Heap after GC invocations=713 (full 3):
 PSYoungGen      total 3584K, used 608K [0x00000000d5580000, 0x00000000d5a80000, 0x0000000100000000)
  eden space 2560K, 0% used [0x00000000d5580000,0x00000000d5580000,0x00000000d5800000)
  from space 1024K, 59% used [0x00000000d5980000,0x00000000d5a18000,0x00000000d5a80000)
  to   space 1024K, 0% used [0x00000000d5800000,0x00000000d5800000,0x00000000d5900000)
 ParOldGen       total 583168K, used 582833K [0x0000000080000000, 0x00000000a3980000, 0x00000000d5580000)
  object space 583168K, 99% used [0x0000000080000000,0x00000000a392c4c8,0x00000000a3980000)
 Metaspace       used 82210K, committed 83968K, reserved 1179648K
  class space    used 9740K, committed 10560K, reserved 1048576K
}
Event: 72.843 GC heap before
{Heap before GC invocations=714 (full 3):
 PSYoungGen      total 3584K, used 3168K [0x00000000d5580000, 0x00000000d5a80000, 0x0000000100000000)
  eden space 2560K, 100% used [0x00000000d5580000,0x00000000d5800000,0x00000000d5800000)
  from space 1024K, 59% used [0x00000000d5980000,0x00000000d5a18000,0x00000000d5a80000)
  to   space 1024K, 0% used [0x00000000d5800000,0x00000000d5800000,0x00000000d5900000)
 ParOldGen       total 583168K, used 582833K [0x0000000080000000, 0x00000000a3980000, 0x00000000d5580000)
  object space 583168K, 99% used [0x0000000080000000,0x00000000a392c4c8,0x00000000a3980000)
 Metaspace       used 82210K, committed 83968K, reserved 1179648K
  class space    used 9740K, committed 10560K, reserved 1048576K
}
Event: 72.846 GC heap after
{Heap after GC invocations=714 (full 3):
 PSYoungGen      total 3584K, used 976K [0x00000000d5580000, 0x00000000d5b00000, 0x0000000100000000)
  eden space 2560K, 0% used [0x00000000d5580000,0x00000000d5580000,0x00000000d5800000)
  from space 1024K, 95% used [0x00000000d5800000,0x00000000d58f4010,0x00000000d5900000)
  to   space 1536K, 0% used [0x00000000d5980000,0x00000000d5980000,0x00000000d5b00000)
 ParOldGen       total 583680K, used 583333K [0x0000000080000000, 0x00000000a3a00000, 0x00000000d5580000)
  object space 583680K, 99% used [0x0000000080000000,0x00000000a39a94e8,0x00000000a3a00000)
 Metaspace       used 82210K, committed 83968K, reserved 1179648K
  class space    used 9740K, committed 10560K, reserved 1048576K
}
Event: 72.903 GC heap before
{Heap before GC invocations=715 (full 3):
 PSYoungGen      total 3584K, used 3536K [0x00000000d5580000, 0x00000000d5b00000, 0x0000000100000000)
  eden space 2560K, 100% used [0x00000000d5580000,0x00000000d5800000,0x00000000d5800000)
  from space 1024K, 95% used [0x00000000d5800000,0x00000000d58f4010,0x00000000d5900000)
  to   space 1536K, 0% used [0x00000000d5980000,0x00000000d5980000,0x00000000d5b00000)
 ParOldGen       total 583680K, used 583333K [0x0000000080000000, 0x00000000a3a00000, 0x00000000d5580000)
  object space 583680K, 99% used [0x0000000080000000,0x00000000a39a94e8,0x00000000a3a00000)
 Metaspace       used 82214K, committed 83968K, reserved 1179648K
  class space    used 9740K, committed 10560K, reserved 1048576K
}
Event: 72.905 GC heap after
{Heap after GC invocations=715 (full 3):
 PSYoungGen      total 4096K, used 1152K [0x00000000d5580000, 0x00000000d5b00000, 0x0000000100000000)
  eden space 2560K, 0% used [0x00000000d5580000,0x00000000d5580000,0x00000000d5800000)
  from space 1536K, 75% used [0x00000000d5980000,0x00000000d5aa0010,0x00000000d5b00000)
  to   space 1536K, 0% used [0x00000000d5800000,0x00000000d5800000,0x00000000d5980000)
 ParOldGen       total 584704K, used 584245K [0x0000000080000000, 0x00000000a3b00000, 0x00000000d5580000)
  object space 584704K, 99% used [0x0000000080000000,0x00000000a3a8d4e8,0x00000000a3b00000)
 Metaspace       used 82214K, committed 83968K, reserved 1179648K
  class space    used 9740K, committed 10560K, reserved 1048576K
}
Event: 72.921 GC heap before
{Heap before GC invocations=716 (full 3):
 PSYoungGen      total 4096K, used 3712K [0x00000000d5580000, 0x00000000d5b00000, 0x0000000100000000)
  eden space 2560K, 100% used [0x00000000d5580000,0x00000000d5800000,0x00000000d5800000)
  from space 1536K, 75% used [0x00000000d5980000,0x00000000d5aa0010,0x00000000d5b00000)
  to   space 1536K, 0% used [0x00000000d5800000,0x00000000d5800000,0x00000000d5980000)
 ParOldGen       total 584704K, used 584245K [0x0000000080000000, 0x00000000a3b00000, 0x00000000d5580000)
  object space 584704K, 99% used [0x0000000080000000,0x00000000a3a8d4e8,0x00000000a3b00000)
 Metaspace       used 82217K, committed 83968K, reserved 1179648K
  class space    used 9740K, committed 10560K, reserved 1048576K
}
Event: 72.930 GC heap after
{Heap after GC invocations=716 (full 3):
 PSYoungGen      total 4096K, used 640K [0x00000000d5580000, 0x00000000d5a80000, 0x0000000100000000)
  eden space 2560K, 0% used [0x00000000d5580000,0x00000000d5580000,0x00000000d5800000)
  from space 1536K, 41% used [0x00000000d5800000,0x00000000d58a0000,0x00000000d5980000)
  to   space 1024K, 0% used [0x00000000d5980000,0x00000000d5980000,0x00000000d5a80000)
 ParOldGen       total 585728K, used 585277K [0x0000000080000000, 0x00000000a3c00000, 0x00000000d5580000)
  object space 585728K, 99% used [0x0000000080000000,0x00000000a3b8f4f8,0x00000000a3c00000)
 Metaspace       used 82217K, committed 83968K, reserved 1179648K
  class space    used 9740K, committed 10560K, reserved 1048576K
}
Event: 73.542 GC heap before
{Heap before GC invocations=717 (full 3):
 PSYoungGen      total 4096K, used 3200K [0x00000000d5580000, 0x00000000d5a80000, 0x0000000100000000)
  eden space 2560K, 100% used [0x00000000d5580000,0x00000000d5800000,0x00000000d5800000)
  from space 1536K, 41% used [0x00000000d5800000,0x00000000d58a0000,0x00000000d5980000)
  to   space 1024K, 0% used [0x00000000d5980000,0x00000000d5980000,0x00000000d5a80000)
 ParOldGen       total 585728K, used 585277K [0x0000000080000000, 0x00000000a3c00000, 0x00000000d5580000)
  object space 585728K, 99% used [0x0000000080000000,0x00000000a3b8f4f8,0x00000000a3c00000)
 Metaspace       used 82219K, committed 83968K, reserved 1179648K
  class space    used 9740K, committed 10560K, reserved 1048576K
}
Event: 73.544 GC heap after
{Heap after GC invocations=717 (full 3):
 PSYoungGen      total 3072K, used 256K [0x00000000d5580000, 0x00000000d5a00000, 0x0000000100000000)
  eden space 2560K, 0% used [0x00000000d5580000,0x00000000d5580000,0x00000000d5800000)
  from space 512K, 50% used [0x00000000d5980000,0x00000000d59c0000,0x00000000d5a00000)
  to   space 512K, 0% used [0x00000000d5900000,0x00000000d5900000,0x00000000d5980000)
 ParOldGen       total 586240K, used 585777K [0x0000000080000000, 0x00000000a3c80000, 0x00000000d5580000)
  object space 586240K, 99% used [0x0000000080000000,0x00000000a3c0c518,0x00000000a3c80000)
 Metaspace       used 82219K, committed 83968K, reserved 1179648K
  class space    used 9740K, committed 10560K, reserved 1048576K
}
Event: 73.634 GC heap before
{Heap before GC invocations=718 (full 3):
 PSYoungGen      total 3072K, used 2816K [0x00000000d5580000, 0x00000000d5a00000, 0x0000000100000000)
  eden space 2560K, 100% used [0x00000000d5580000,0x00000000d5800000,0x00000000d5800000)
  from space 512K, 50% used [0x00000000d5980000,0x00000000d59c0000,0x00000000d5a00000)
  to   space 512K, 0% used [0x00000000d5900000,0x00000000d5900000,0x00000000d5980000)
 ParOldGen       total 586240K, used 585777K [0x0000000080000000, 0x00000000a3c80000, 0x00000000d5580000)
  object space 586240K, 99% used [0x0000000080000000,0x00000000a3c0c518,0x00000000a3c80000)
 Metaspace       used 82219K, committed 83968K, reserved 1179648K
  class space    used 9740K, committed 10560K, reserved 1048576K
}
Event: 73.636 GC heap after
{Heap after GC invocations=718 (full 3):
 PSYoungGen      total 3072K, used 352K [0x00000000d5580000, 0x00000000d5a00000, 0x0000000100000000)
  eden space 2560K, 0% used [0x00000000d5580000,0x00000000d5580000,0x00000000d5800000)
  from space 512K, 68% used [0x00000000d5900000,0x00000000d5958000,0x00000000d5980000)
  to   space 512K, 0% used [0x00000000d5980000,0x00000000d5980000,0x00000000d5a00000)
 ParOldGen       total 586240K, used 585889K [0x0000000080000000, 0x00000000a3c80000, 0x00000000d5580000)
  object space 586240K, 99% used [0x0000000080000000,0x00000000a3c28518,0x00000000a3c80000)
 Metaspace       used 82219K, committed 83968K, reserved 1179648K
  class space    used 9740K, committed 10560K, reserved 1048576K
}

