# JRE version: OpenJDK Runtime Environment Temurin-21.0.8+9 (21.0.8+9) (build 21.0.8+9-LTS)
# Java VM: OpenJDK 64-Bit Server VM Temurin-21.0.8+9 (21.0.8+9-LTS, mixed mode, sharing, tiered, compressed oops, compressed class ptrs, parallel gc, windows-amd64)
GC Precious Log:
 CardTable entry size: 512
 CPUs: 8 total, 8 available
 Memory: 16103M
 Large Page Support: Disabled
 NUMA Support: Disabled
 Compressed Oops: Enabled (32-bit)
 Alignments: Space 512K, Generation 512K, Heap 2M
 Heap Min Capacity: 100M
 Heap Initial Capacity: 100M
 Heap Max Capacity: 2G
 Pre-touch: Disabled
 Parallel Workers: 8
Heap:
 PSYoungGen      total 5120K, used 3230K [0x00000000d5580000, 0x00000000d5c80000, 0x0000000100000000)
  eden space 4608K, 67% used [0x00000000d5580000,0x00000000d58878c8,0x00000000d5a00000)
  from space 512K, 25% used [0x00000000d5b80000,0x00000000d5ba0000,0x00000000d5c00000)
  to   space 512K, 0% used [0x00000000d5c00000,0x00000000d5c00000,0x00000000d5c80000)
 ParOldGen       total 434176K, used 433812K [0x0000000080000000, 0x000000009a800000, 0x00000000d5580000)
  object space 434176K, 99% used [0x0000000080000000,0x000000009a7a5028,0x000000009a800000)
 Metaspace       used 79153K, committed 80768K, reserved 1179648K
  class space    used 9576K, committed 10304K, reserved 1048576K
GC Heap History (20 events):
Event: 42.392 GC heap before
{Heap before GC invocations=351 (full 3):
 PSYoungGen      total 6656K, used 4864K [0x00000000d5580000, 0x00000000d5d00000, 0x0000000100000000)
  eden space 4608K, 100% used [0x00000000d5580000,0x00000000d5a00000,0x00000000d5a00000)
  from space 2048K, 12% used [0x00000000d5a00000,0x00000000d5a40000,0x00000000d5c00000)
  to   space 1024K, 0% used [0x00000000d5c00000,0x00000000d5c00000,0x00000000d5d00000)
 ParOldGen       total 432128K, used 431753K [0x0000000080000000, 0x000000009a600000, 0x00000000d5580000)
  object space 432128K, 99% used [0x0000000080000000,0x000000009a5a25b8,0x000000009a600000)
 Metaspace       used 78465K, committed 80064K, reserved 1179648K
  class space    used 9506K, committed 10176K, reserved 1048576K
}
Event: 42.394 GC heap after
{Heap after GC invocations=351 (full 3):
 PSYoungGen      total 5120K, used 320K [0x00000000d5580000, 0x00000000d5c80000, 0x0000000100000000)
  eden space 4608K, 0% used [0x00000000d5580000,0x00000000d5580000,0x00000000d5a00000)
  from space 512K, 62% used [0x00000000d5c00000,0x00000000d5c50000,0x00000000d5c80000)
  to   space 512K, 0% used [0x00000000d5b80000,0x00000000d5b80000,0x00000000d5c00000)
 ParOldGen       total 432128K, used 431833K [0x0000000080000000, 0x000000009a600000, 0x00000000d5580000)
  object space 432128K, 99% used [0x0000000080000000,0x000000009a5b65b8,0x000000009a600000)
 Metaspace       used 78465K, committed 80064K, reserved 1179648K
  class space    used 9506K, committed 10176K, reserved 1048576K
}
Event: 42.595 GC heap before
{Heap before GC invocations=352 (full 3):
 PSYoungGen      total 5120K, used 4927K [0x00000000d5580000, 0x00000000d5c80000, 0x0000000100000000)
  eden space 4608K, 99% used [0x00000000d5580000,0x00000000d59fffe8,0x00000000d5a00000)
  from space 512K, 62% used [0x00000000d5c00000,0x00000000d5c50000,0x00000000d5c80000)
  to   space 512K, 0% used [0x00000000d5b80000,0x00000000d5b80000,0x00000000d5c00000)
 ParOldGen       total 432128K, used 431833K [0x0000000080000000, 0x000000009a600000, 0x00000000d5580000)
  object space 432128K, 99% used [0x0000000080000000,0x000000009a5b65b8,0x000000009a600000)
 Metaspace       used 78740K, committed 80320K, reserved 1179648K
  class space    used 9540K, committed 10240K, reserved 1048576K
}
Event: 42.596 GC heap after
{Heap after GC invocations=352 (full 3):
 PSYoungGen      total 5120K, used 435K [0x00000000d5580000, 0x00000000d5c80000, 0x0000000100000000)
  eden space 4608K, 0% used [0x00000000d5580000,0x00000000d5580000,0x00000000d5a00000)
  from space 512K, 85% used [0x00000000d5b80000,0x00000000d5becd40,0x00000000d5c00000)
  to   space 512K, 0% used [0x00000000d5c00000,0x00000000d5c00000,0x00000000d5c80000)
 ParOldGen       total 432128K, used 431989K [0x0000000080000000, 0x000000009a600000, 0x00000000d5580000)
  object space 432128K, 99% used [0x0000000080000000,0x000000009a5dd778,0x000000009a600000)
 Metaspace       used 78740K, committed 80320K, reserved 1179648K
  class space    used 9540K, committed 10240K, reserved 1048576K
}
Event: 42.831 GC heap before
{Heap before GC invocations=353 (full 3):
 PSYoungGen      total 5120K, used 5043K [0x00000000d5580000, 0x00000000d5c80000, 0x0000000100000000)
  eden space 4608K, 100% used [0x00000000d5580000,0x00000000d5a00000,0x00000000d5a00000)
  from space 512K, 85% used [0x00000000d5b80000,0x00000000d5becd40,0x00000000d5c00000)
  to   space 512K, 0% used [0x00000000d5c00000,0x00000000d5c00000,0x00000000d5c80000)
 ParOldGen       total 432128K, used 431989K [0x0000000080000000, 0x000000009a600000, 0x00000000d5580000)
  object space 432128K, 99% used [0x0000000080000000,0x000000009a5dd778,0x000000009a600000)
 Metaspace       used 78937K, committed 80512K, reserved 1179648K
  class space    used 9558K, committed 10240K, reserved 1048576K
}
Event: 42.833 GC heap after
{Heap after GC invocations=353 (full 3):
 PSYoungGen      total 5120K, used 272K [0x00000000d5580000, 0x00000000d5c80000, 0x0000000100000000)
  eden space 4608K, 0% used [0x00000000d5580000,0x00000000d5580000,0x00000000d5a00000)
  from space 512K, 53% used [0x00000000d5c00000,0x00000000d5c44010,0x00000000d5c80000)
  to   space 512K, 0% used [0x00000000d5b80000,0x00000000d5b80000,0x00000000d5c00000)
 ParOldGen       total 432640K, used 432225K [0x0000000080000000, 0x000000009a680000, 0x00000000d5580000)
  object space 432640K, 99% used [0x0000000080000000,0x000000009a618468,0x000000009a680000)
 Metaspace       used 78937K, committed 80512K, reserved 1179648K
  class space    used 9558K, committed 10240K, reserved 1048576K
}
Event: 42.896 GC heap before
{Heap before GC invocations=354 (full 3):
 PSYoungGen      total 5120K, used 4880K [0x00000000d5580000, 0x00000000d5c80000, 0x0000000100000000)
  eden space 4608K, 100% used [0x00000000d5580000,0x00000000d5a00000,0x00000000d5a00000)
  from space 512K, 53% used [0x00000000d5c00000,0x00000000d5c44010,0x00000000d5c80000)
  to   space 512K, 0% used [0x00000000d5b80000,0x00000000d5b80000,0x00000000d5c00000)
 ParOldGen       total 432640K, used 432225K [0x0000000080000000, 0x000000009a680000, 0x00000000d5580000)
  object space 432640K, 99% used [0x0000000080000000,0x000000009a618468,0x000000009a680000)
 Metaspace       used 78937K, committed 80512K, reserved 1179648K
  class space    used 9558K, committed 10240K, reserved 1048576K
}
Event: 42.897 GC heap after
{Heap after GC invocations=354 (full 3):
 PSYoungGen      total 5120K, used 192K [0x00000000d5580000, 0x00000000d5c80000, 0x0000000100000000)
  eden space 4608K, 0% used [0x00000000d5580000,0x00000000d5580000,0x00000000d5a00000)
  from space 512K, 37% used [0x00000000d5b80000,0x00000000d5bb0000,0x00000000d5c00000)
  to   space 512K, 0% used [0x00000000d5c00000,0x00000000d5c00000,0x00000000d5c80000)
 ParOldGen       total 432640K, used 432321K [0x0000000080000000, 0x000000009a680000, 0x00000000d5580000)
  object space 432640K, 99% used [0x0000000080000000,0x000000009a630488,0x000000009a680000)
 Metaspace       used 78937K, committed 80512K, reserved 1179648K
  class space    used 9558K, committed 10240K, reserved 1048576K
}
Event: 43.692 GC heap before
{Heap before GC invocations=355 (full 3):
 PSYoungGen      total 5120K, used 4800K [0x00000000d5580000, 0x00000000d5c80000, 0x0000000100000000)
  eden space 4608K, 100% used [0x00000000d5580000,0x00000000d5a00000,0x00000000d5a00000)
  from space 512K, 37% used [0x00000000d5b80000,0x00000000d5bb0000,0x00000000d5c00000)
  to   space 512K, 0% used [0x00000000d5c00000,0x00000000d5c00000,0x00000000d5c80000)
 ParOldGen       total 432640K, used 432321K [0x0000000080000000, 0x000000009a680000, 0x00000000d5580000)
  object space 432640K, 99% used [0x0000000080000000,0x000000009a630488,0x000000009a680000)
 Metaspace       used 79085K, committed 80768K, reserved 1179648K
  class space    used 9571K, committed 10304K, reserved 1048576K
}
Event: 43.694 GC heap after
{Heap after GC invocations=355 (full 3):
 PSYoungGen      total 5120K, used 480K [0x00000000d5580000, 0x00000000d5c80000, 0x0000000100000000)
  eden space 4608K, 0% used [0x00000000d5580000,0x00000000d5580000,0x00000000d5a00000)
  from space 512K, 93% used [0x00000000d5c00000,0x00000000d5c78020,0x00000000d5c80000)
  to   space 1024K, 0% used [0x00000000d5a80000,0x00000000d5a80000,0x00000000d5b80000)
 ParOldGen       total 432640K, used 432329K [0x0000000080000000, 0x000000009a680000, 0x00000000d5580000)
  object space 432640K, 99% used [0x0000000080000000,0x000000009a632488,0x000000009a680000)
 Metaspace       used 79085K, committed 80768K, reserved 1179648K
  class space    used 9571K, committed 10304K, reserved 1048576K
}
Event: 43.831 GC heap before
{Heap before GC invocations=356 (full 3):
 PSYoungGen      total 5120K, used 5088K [0x00000000d5580000, 0x00000000d5c80000, 0x0000000100000000)
  eden space 4608K, 100% used [0x00000000d5580000,0x00000000d5a00000,0x00000000d5a00000)
  from space 512K, 93% used [0x00000000d5c00000,0x00000000d5c78020,0x00000000d5c80000)
  to   space 1024K, 0% used [0x00000000d5a80000,0x00000000d5a80000,0x00000000d5b80000)
 ParOldGen       total 432640K, used 432329K [0x0000000080000000, 0x000000009a680000, 0x00000000d5580000)
  object space 432640K, 99% used [0x0000000080000000,0x000000009a632488,0x000000009a680000)
 Metaspace       used 79137K, committed 80768K, reserved 1179648K
  class space    used 9574K, committed 10304K, reserved 1048576K
}
Event: 43.843 GC heap after
{Heap after GC invocations=356 (full 3):
 PSYoungGen      total 5632K, used 421K [0x00000000d5580000, 0x00000000d5c80000, 0x0000000100000000)
  eden space 4608K, 0% used [0x00000000d5580000,0x00000000d5580000,0x00000000d5a00000)
  from space 1024K, 41% used [0x00000000d5a80000,0x00000000d5ae9758,0x00000000d5b80000)
  to   space 512K, 0% used [0x00000000d5c00000,0x00000000d5c00000,0x00000000d5c80000)
 ParOldGen       total 432640K, used 432625K [0x0000000080000000, 0x000000009a680000, 0x00000000d5580000)
  object space 432640K, 99% used [0x0000000080000000,0x000000009a67c4a8,0x000000009a680000)
 Metaspace       used 79137K, committed 80768K, reserved 1179648K
  class space    used 9574K, committed 10304K, reserved 1048576K
}
Event: 43.887 GC heap before
{Heap before GC invocations=357 (full 3):
 PSYoungGen      total 5632K, used 5029K [0x00000000d5580000, 0x00000000d5c80000, 0x0000000100000000)
  eden space 4608K, 100% used [0x00000000d5580000,0x00000000d5a00000,0x00000000d5a00000)
  from space 1024K, 41% used [0x00000000d5a80000,0x00000000d5ae9758,0x00000000d5b80000)
  to   space 512K, 0% used [0x00000000d5c00000,0x00000000d5c00000,0x00000000d5c80000)
 ParOldGen       total 432640K, used 432625K [0x0000000080000000, 0x000000009a680000, 0x00000000d5580000)
  object space 432640K, 99% used [0x0000000080000000,0x000000009a67c4a8,0x000000009a680000)
 Metaspace       used 79138K, committed 80768K, reserved 1179648K
  class space    used 9574K, committed 10304K, reserved 1048576K
}
Event: 43.889 GC heap after
{Heap after GC invocations=357 (full 3):
 PSYoungGen      total 5120K, used 265K [0x00000000d5580000, 0x00000000d5c80000, 0x0000000100000000)
  eden space 4608K, 0% used [0x00000000d5580000,0x00000000d5580000,0x00000000d5a00000)
  from space 512K, 51% used [0x00000000d5c00000,0x00000000d5c42440,0x00000000d5c80000)
  to   space 512K, 0% used [0x00000000d5b80000,0x00000000d5b80000,0x00000000d5c00000)
 ParOldGen       total 433152K, used 432885K [0x0000000080000000, 0x000000009a700000, 0x00000000d5580000)
  object space 433152K, 99% used [0x0000000080000000,0x000000009a6bd7c8,0x000000009a700000)
 Metaspace       used 79138K, committed 80768K, reserved 1179648K
  class space    used 9574K, committed 10304K, reserved 1048576K
}
Event: 43.937 GC heap before
{Heap before GC invocations=358 (full 3):
 PSYoungGen      total 5120K, used 4873K [0x00000000d5580000, 0x00000000d5c80000, 0x0000000100000000)
  eden space 4608K, 100% used [0x00000000d5580000,0x00000000d5a00000,0x00000000d5a00000)
  from space 512K, 51% used [0x00000000d5c00000,0x00000000d5c42440,0x00000000d5c80000)
  to   space 512K, 0% used [0x00000000d5b80000,0x00000000d5b80000,0x00000000d5c00000)
 ParOldGen       total 433152K, used 432885K [0x0000000080000000, 0x000000009a700000, 0x00000000d5580000)
  object space 433152K, 99% used [0x0000000080000000,0x000000009a6bd7c8,0x000000009a700000)
 Metaspace       used 79142K, committed 80768K, reserved 1179648K
  class space    used 9574K, committed 10304K, reserved 1048576K
}
Event: 43.939 GC heap after
{Heap after GC invocations=358 (full 3):
 PSYoungGen      total 5120K, used 387K [0x00000000d5580000, 0x00000000d5c80000, 0x0000000100000000)
  eden space 4608K, 0% used [0x00000000d5580000,0x00000000d5580000,0x00000000d5a00000)
  from space 512K, 75% used [0x00000000d5b80000,0x00000000d5be0c98,0x00000000d5c00000)
  to   space 512K, 0% used [0x00000000d5c00000,0x00000000d5c00000,0x00000000d5c80000)
 ParOldGen       total 433152K, used 433029K [0x0000000080000000, 0x000000009a700000, 0x00000000d5580000)
  object space 433152K, 99% used [0x0000000080000000,0x000000009a6e1728,0x000000009a700000)
 Metaspace       used 79142K, committed 80768K, reserved 1179648K
  class space    used 9574K, committed 10304K, reserved 1048576K
}
Event: 43.996 GC heap before
{Heap before GC invocations=359 (full 3):
 PSYoungGen      total 5120K, used 4995K [0x00000000d5580000, 0x00000000d5c80000, 0x0000000100000000)
  eden space 4608K, 100% used [0x00000000d5580000,0x00000000d5a00000,0x00000000d5a00000)
  from space 512K, 75% used [0x00000000d5b80000,0x00000000d5be0c98,0x00000000d5c00000)
  to   space 512K, 0% used [0x00000000d5c00000,0x00000000d5c00000,0x00000000d5c80000)
 ParOldGen       total 433152K, used 433029K [0x0000000080000000, 0x000000009a700000, 0x00000000d5580000)
  object space 433152K, 99% used [0x0000000080000000,0x000000009a6e1728,0x000000009a700000)
 Metaspace       used 79142K, committed 80768K, reserved 1179648K
  class space    used 9574K, committed 10304K, reserved 1048576K
}
Event: 43.998 GC heap after
{Heap after GC invocations=359 (full 3):
 PSYoungGen      total 5120K, used 371K [0x00000000d5580000, 0x00000000d5c80000, 0x0000000100000000)
  eden space 4608K, 0% used [0x00000000d5580000,0x00000000d5580000,0x00000000d5a00000)
  from space 512K, 72% used [0x00000000d5c00000,0x00000000d5c5ce88,0x00000000d5c80000)
  to   space 512K, 0% used [0x00000000d5b80000,0x00000000d5b80000,0x00000000d5c00000)
 ParOldGen       total 433664K, used 433186K [0x0000000080000000, 0x000000009a780000, 0x00000000d5580000)
  object space 433664K, 99% used [0x0000000080000000,0x000000009a708878,0x000000009a780000)
 Metaspace       used 79142K, committed 80768K, reserved 1179648K
  class space    used 9574K, committed 10304K, reserved 1048576K
}
Event: 44.008 GC heap before
{Heap before GC invocations=360 (full 3):
 PSYoungGen      total 5120K, used 4979K [0x00000000d5580000, 0x00000000d5c80000, 0x0000000100000000)
  eden space 4608K, 100% used [0x00000000d5580000,0x00000000d5a00000,0x00000000d5a00000)
  from space 512K, 72% used [0x00000000d5c00000,0x00000000d5c5ce88,0x00000000d5c80000)
  to   space 512K, 0% used [0x00000000d5b80000,0x00000000d5b80000,0x00000000d5c00000)
 ParOldGen       total 433664K, used 433186K [0x0000000080000000, 0x000000009a780000, 0x00000000d5580000)
  object space 433664K, 99% used [0x0000000080000000,0x000000009a708878,0x000000009a780000)
 Metaspace       used 79142K, committed 80768K, reserved 1179648K
  class space    used 9574K, committed 10304K, reserved 1048576K
}
Event: 44.011 GC heap after
{Heap after GC invocations=360 (full 3):
 PSYoungGen      total 5120K, used 128K [0x00000000d5580000, 0x00000000d5c80000, 0x0000000100000000)
  eden space 4608K, 0% used [0x00000000d5580000,0x00000000d5580000,0x00000000d5a00000)
  from space 512K, 25% used [0x00000000d5b80000,0x00000000d5ba0000,0x00000000d5c00000)
  to   space 512K, 0% used [0x00000000d5c00000,0x00000000d5c00000,0x00000000d5c80000)
 ParOldGen       total 433664K, used 433437K [0x0000000080000000, 0x000000009a780000, 0x00000000d5580000)
  object space 433664K, 99% used [0x0000000080000000,0x000000009a747500,0x000000009a780000)
 Metaspace       used 79142K, committed 80768K, reserved 1179648K
  class space    used 9574K, committed 10304K, reserved 1048576K
}

