# JRE version: OpenJDK Runtime Environment Temurin-17.0.8+7 (17.0.8+7) (build 17.0.8+7)
# Java VM: OpenJDK 64-Bit Server VM Temurin-17.0.8+7 (17.0.8+7, mixed mode, emulated-client, sharing, tiered, compressed oops, compressed class ptrs, g1 gc, windows-amd64)
GC Precious Log:
 CPUs: 8 total, 8 available
 Memory: 16103M
 Large Page Support: Disabled
 NUMA Support: Disabled
 Compressed Oops: Enabled (Zero based)
 Heap Region Size: 2M
 Heap Min Capacity: 8M
 Heap Initial Capacity: 252M
 Heap Max Capacity: 4026M
 Pre-touch: Disabled
 Parallel Workers: 8
 Concurrent Workers: 2
 Concurrent Refinement Workers: 8
 Periodic GC: Disabled
Heap:
 garbage-first heap   total 129024K, used 74665K [0x0000000704600000, 0x0000000800000000)
  region size 2048K, 2 young (4096K), 1 survivors (2048K)
 Metaspace       used 76068K, committed 76992K, reserved 1179648K
  class space    used 10781K, committed 11136K, reserved 1048576K
GC Heap History (20 events):
Event: 48541.027 GC heap before
{Heap before GC invocations=37 (full 0):
 garbage-first heap   total 129024K, used 109669K [0x0000000704600000, 0x0000000800000000)
  region size 2048K, 30 young (61440K), 1 survivors (2048K)
 Metaspace       used 76380K, committed 76992K, reserved 1179648K
  class space    used 10855K, committed 11136K, reserved 1048576K
}
Event: 48541.028 GC heap after
{Heap after GC invocations=38 (full 0):
 garbage-first heap   total 129024K, used 50286K [0x0000000704600000, 0x0000000800000000)
  region size 2048K, 1 young (2048K), 1 survivors (2048K)
 Metaspace       used 76380K, committed 76992K, reserved 1179648K
  class space    used 10855K, committed 11136K, reserved 1048576K
}
Event: 51142.633 GC heap before
{Heap before GC invocations=38 (full 0):
 garbage-first heap   total 129024K, used 109678K [0x0000000704600000, 0x0000000800000000)
  region size 2048K, 30 young (61440K), 1 survivors (2048K)
 Metaspace       used 76380K, committed 76992K, reserved 1179648K
  class space    used 10855K, committed 11136K, reserved 1048576K
}
Event: 51142.634 GC heap after
{Heap after GC invocations=39 (full 0):
 garbage-first heap   total 129024K, used 50292K [0x0000000704600000, 0x0000000800000000)
  region size 2048K, 1 young (2048K), 1 survivors (2048K)
 Metaspace       used 76380K, committed 76992K, reserved 1179648K
  class space    used 10855K, committed 11136K, reserved 1048576K
}
Event: 53782.134 GC heap before
{Heap before GC invocations=39 (full 0):
 garbage-first heap   total 129024K, used 109684K [0x0000000704600000, 0x0000000800000000)
  region size 2048K, 30 young (61440K), 1 survivors (2048K)
 Metaspace       used 76380K, committed 76992K, reserved 1179648K
  class space    used 10855K, committed 11136K, reserved 1048576K
}
Event: 53782.136 GC heap after
{Heap after GC invocations=40 (full 0):
 garbage-first heap   total 129024K, used 50304K [0x0000000704600000, 0x0000000800000000)
  region size 2048K, 1 young (2048K), 1 survivors (2048K)
 Metaspace       used 76380K, committed 76992K, reserved 1179648K
  class space    used 10855K, committed 11136K, reserved 1048576K
}
Event: 56380.387 GC heap before
{Heap before GC invocations=40 (full 0):
 garbage-first heap   total 129024K, used 115840K [0x0000000704600000, 0x0000000800000000)
  region size 2048K, 30 young (61440K), 1 survivors (2048K)
 Metaspace       used 76394K, committed 76992K, reserved 1179648K
  class space    used 10858K, committed 11136K, reserved 1048576K
}
Event: 56380.390 GC heap after
{Heap after GC invocations=41 (full 0):
 garbage-first heap   total 129024K, used 56629K [0x0000000704600000, 0x0000000800000000)
  region size 2048K, 1 young (2048K), 1 survivors (2048K)
 Metaspace       used 76394K, committed 76992K, reserved 1179648K
  class space    used 10858K, committed 11136K, reserved 1048576K
}
Event: 58926.420 GC heap before
{Heap before GC invocations=41 (full 0):
 garbage-first heap   total 129024K, used 109877K [0x0000000704600000, 0x0000000800000000)
  region size 2048K, 27 young (55296K), 1 survivors (2048K)
 Metaspace       used 76394K, committed 76992K, reserved 1179648K
  class space    used 10858K, committed 11136K, reserved 1048576K
}
Event: 58926.422 GC heap after
{Heap after GC invocations=42 (full 0):
 garbage-first heap   total 129024K, used 56617K [0x0000000704600000, 0x0000000800000000)
  region size 2048K, 1 young (2048K), 1 survivors (2048K)
 Metaspace       used 76394K, committed 76992K, reserved 1179648K
  class space    used 10858K, committed 11136K, reserved 1048576K
}
Event: 59327.365 GC heap before
{Heap before GC invocations=42 (full 0):
 garbage-first heap   total 129024K, used 64809K [0x0000000704600000, 0x0000000800000000)
  region size 2048K, 6 young (12288K), 1 survivors (2048K)
 Metaspace       used 76394K, committed 76992K, reserved 1179648K
  class space    used 10858K, committed 11136K, reserved 1048576K
}
Event: 59327.368 GC heap after
{Heap after GC invocations=43 (full 0):
 garbage-first heap   total 129024K, used 56771K [0x0000000704600000, 0x0000000800000000)
  region size 2048K, 1 young (2048K), 1 survivors (2048K)
 Metaspace       used 76394K, committed 76992K, reserved 1179648K
  class space    used 10858K, committed 11136K, reserved 1048576K
}
Event: 60120.012 GC heap before
{Heap before GC invocations=43 (full 0):
 garbage-first heap   total 129024K, used 81347K [0x0000000704600000, 0x0000000800000000)
  region size 2048K, 11 young (22528K), 1 survivors (2048K)
 Metaspace       used 76394K, committed 76992K, reserved 1179648K
  class space    used 10858K, committed 11136K, reserved 1048576K
}
Event: 60120.015 GC heap after
{Heap after GC invocations=44 (full 0):
 garbage-first heap   total 129024K, used 63087K [0x0000000704600000, 0x0000000800000000)
  region size 2048K, 1 young (2048K), 1 survivors (2048K)
 Metaspace       used 76394K, committed 76992K, reserved 1179648K
  class space    used 10858K, committed 11136K, reserved 1048576K
}
Event: 62337.316 GC heap before
{Heap before GC invocations=45 (full 0):
 garbage-first heap   total 129024K, used 116335K [0x0000000704600000, 0x0000000800000000)
  region size 2048K, 24 young (49152K), 1 survivors (2048K)
 Metaspace       used 76059K, committed 76992K, reserved 1179648K
  class space    used 10780K, committed 11136K, reserved 1048576K
}
Event: 62337.324 GC heap after
{Heap after GC invocations=46 (full 0):
 garbage-first heap   total 129024K, used 69368K [0x0000000704600000, 0x0000000800000000)
  region size 2048K, 1 young (2048K), 1 survivors (2048K)
 Metaspace       used 76059K, committed 76992K, reserved 1179648K
  class space    used 10780K, committed 11136K, reserved 1048576K
}
Event: 62530.446 GC heap before
{Heap before GC invocations=46 (full 0):
 garbage-first heap   total 129024K, used 73464K [0x0000000704600000, 0x0000000800000000)
  region size 2048K, 3 young (6144K), 1 survivors (2048K)
 Metaspace       used 76059K, committed 76992K, reserved 1179648K
  class space    used 10780K, committed 11136K, reserved 1048576K
}
Event: 62530.453 GC heap after
{Heap after GC invocations=47 (full 0):
 garbage-first heap   total 129024K, used 68359K [0x0000000704600000, 0x0000000800000000)
  region size 2048K, 1 young (2048K), 1 survivors (2048K)
 Metaspace       used 76059K, committed 76992K, reserved 1179648K
  class space    used 10780K, committed 11136K, reserved 1048576K
}
Event: 62535.545 GC heap before
{Heap before GC invocations=47 (full 0):
 garbage-first heap   total 129024K, used 68359K [0x0000000704600000, 0x0000000800000000)
  region size 2048K, 2 young (4096K), 1 survivors (2048K)
 Metaspace       used 76068K, committed 76992K, reserved 1179648K
  class space    used 10781K, committed 11136K, reserved 1048576K
}
Event: 62535.547 GC heap after
{Heap after GC invocations=48 (full 0):
 garbage-first heap   total 129024K, used 68521K [0x0000000704600000, 0x0000000800000000)
  region size 2048K, 1 young (2048K), 1 survivors (2048K)
 Metaspace       used 76068K, committed 76992K, reserved 1179648K
  class space    used 10781K, committed 11136K, reserved 1048576K
}

