# JRE version: OpenJDK Runtime Environment Temurin-21.0.8+9 (21.0.8+9) (build 21.0.8+9-LTS)
# Java VM: OpenJDK 64-Bit Server VM Temurin-21.0.8+9 (21.0.8+9-LTS, mixed mode, sharing, tiered, compressed oops, compressed class ptrs, parallel gc, windows-amd64)
GC Precious Log:
 CardTable entry size: 512
 CPUs: 8 total, 8 available
 Memory: 16103M
 Large Page Support: Disabled
 NUMA Support: Disabled
 Compressed Oops: Enabled (32-bit)
 Alignments: Space 512K, Generation 512K, Heap 2M
 Heap Min Capacity: 100M
 Heap Initial Capacity: 100M
 Heap Max Capacity: 2G
 Pre-touch: Disabled
 Parallel Workers: 8
Heap:
 PSYoungGen      total 6656K, used 1209K [0x00000000d5580000, 0x00000000d5e00000, 0x0000000100000000)
  eden space 6144K, 11% used [0x00000000d5580000,0x00000000d562e508,0x00000000d5b80000)
  from space 512K, 100% used [0x00000000d5d80000,0x00000000d5e00000,0x00000000d5e00000)
  to   space 1024K, 0% used [0x00000000d5c00000,0x00000000d5c00000,0x00000000d5d00000)
 ParOldGen       total 1020416K, used 264265K [0x0000000080000000, 0x00000000be480000, 0x00000000d5580000)
  object space 1020416K, 25% used [0x0000000080000000,0x0000000090212610,0x00000000be480000)
 Metaspace       used 101541K, committed 103104K, reserved 1179648K
  class space    used 11609K, committed 12288K, reserved 1048576K
GC Heap History (20 events):
Event: 21235.880 GC heap before
{Heap before GC invocations=1938 (full 5):
 PSYoungGen      total 6656K, used 6273K [0x00000000d5580000, 0x00000000d5e80000, 0x0000000100000000)
  eden space 6144K, 97% used [0x00000000d5580000,0x00000000d5b58730,0x00000000d5b80000)
  from space 512K, 56% used [0x00000000d5e00000,0x00000000d5e48000,0x00000000d5e80000)
  to   space 512K, 0% used [0x00000000d5d80000,0x00000000d5d80000,0x00000000d5e00000)
 ParOldGen       total 1020416K, used 258887K [0x0000000080000000, 0x00000000be480000, 0x00000000d5580000)
  object space 1020416K, 25% used [0x0000000080000000,0x000000008fcd1cd0,0x00000000be480000)
 Metaspace       used 101336K, committed 102848K, reserved 1179648K
  class space    used 11586K, committed 12224K, reserved 1048576K
}
Event: 21235.881 GC heap after
{Heap after GC invocations=1938 (full 5):
 PSYoungGen      total 6656K, used 256K [0x00000000d5580000, 0x00000000d5e80000, 0x0000000100000000)
  eden space 6144K, 0% used [0x00000000d5580000,0x00000000d5580000,0x00000000d5b80000)
  from space 512K, 50% used [0x00000000d5d80000,0x00000000d5dc0000,0x00000000d5e00000)
  to   space 512K, 0% used [0x00000000d5e00000,0x00000000d5e00000,0x00000000d5e80000)
 ParOldGen       total 1020416K, used 258927K [0x0000000080000000, 0x00000000be480000, 0x00000000d5580000)
  object space 1020416K, 25% used [0x0000000080000000,0x000000008fcdbcd0,0x00000000be480000)
 Metaspace       used 101336K, committed 102848K, reserved 1179648K
  class space    used 11586K, committed 12224K, reserved 1048576K
}
Event: 21235.894 GC heap before
{Heap before GC invocations=1939 (full 5):
 PSYoungGen      total 6656K, used 6311K [0x00000000d5580000, 0x00000000d5e80000, 0x0000000100000000)
  eden space 6144K, 98% used [0x00000000d5580000,0x00000000d5b69d28,0x00000000d5b80000)
  from space 512K, 50% used [0x00000000d5d80000,0x00000000d5dc0000,0x00000000d5e00000)
  to   space 512K, 0% used [0x00000000d5e00000,0x00000000d5e00000,0x00000000d5e80000)
 ParOldGen       total 1020416K, used 258927K [0x0000000080000000, 0x00000000be480000, 0x00000000d5580000)
  object space 1020416K, 25% used [0x0000000080000000,0x000000008fcdbcd0,0x00000000be480000)
 Metaspace       used 101336K, committed 102848K, reserved 1179648K
  class space    used 11586K, committed 12224K, reserved 1048576K
}
Event: 21235.895 GC heap after
{Heap after GC invocations=1939 (full 5):
 PSYoungGen      total 6656K, used 485K [0x00000000d5580000, 0x00000000d5e80000, 0x0000000100000000)
  eden space 6144K, 0% used [0x00000000d5580000,0x00000000d5580000,0x00000000d5b80000)
  from space 512K, 94% used [0x00000000d5e00000,0x00000000d5e794a8,0x00000000d5e80000)
  to   space 1024K, 0% used [0x00000000d5c80000,0x00000000d5c80000,0x00000000d5d80000)
 ParOldGen       total 1020416K, used 258951K [0x0000000080000000, 0x00000000be480000, 0x00000000d5580000)
  object space 1020416K, 25% used [0x0000000080000000,0x000000008fce1cd0,0x00000000be480000)
 Metaspace       used 101336K, committed 102848K, reserved 1179648K
  class space    used 11586K, committed 12224K, reserved 1048576K
}
Event: 21235.901 GC heap before
{Heap before GC invocations=1940 (full 5):
 PSYoungGen      total 6656K, used 6629K [0x00000000d5580000, 0x00000000d5e80000, 0x0000000100000000)
  eden space 6144K, 100% used [0x00000000d5580000,0x00000000d5b80000,0x00000000d5b80000)
  from space 512K, 94% used [0x00000000d5e00000,0x00000000d5e794a8,0x00000000d5e80000)
  to   space 1024K, 0% used [0x00000000d5c80000,0x00000000d5c80000,0x00000000d5d80000)
 ParOldGen       total 1020416K, used 258951K [0x0000000080000000, 0x00000000be480000, 0x00000000d5580000)
  object space 1020416K, 25% used [0x0000000080000000,0x000000008fce1cd0,0x00000000be480000)
 Metaspace       used 101336K, committed 102848K, reserved 1179648K
  class space    used 11586K, committed 12224K, reserved 1048576K
}
Event: 21235.902 GC heap after
{Heap after GC invocations=1940 (full 5):
 PSYoungGen      total 7168K, used 448K [0x00000000d5580000, 0x00000000d5e80000, 0x0000000100000000)
  eden space 6144K, 0% used [0x00000000d5580000,0x00000000d5580000,0x00000000d5b80000)
  from space 1024K, 43% used [0x00000000d5c80000,0x00000000d5cf0000,0x00000000d5d80000)
  to   space 512K, 0% used [0x00000000d5e00000,0x00000000d5e00000,0x00000000d5e80000)
 ParOldGen       total 1020416K, used 259292K [0x0000000080000000, 0x00000000be480000, 0x00000000d5580000)
  object space 1020416K, 25% used [0x0000000080000000,0x000000008fd37178,0x00000000be480000)
 Metaspace       used 101336K, committed 102848K, reserved 1179648K
  class space    used 11586K, committed 12224K, reserved 1048576K
}
Event: 21235.914 GC heap before
{Heap before GC invocations=1941 (full 5):
 PSYoungGen      total 7168K, used 6541K [0x00000000d5580000, 0x00000000d5e80000, 0x0000000100000000)
  eden space 6144K, 99% used [0x00000000d5580000,0x00000000d5b734a0,0x00000000d5b80000)
  from space 1024K, 43% used [0x00000000d5c80000,0x00000000d5cf0000,0x00000000d5d80000)
  to   space 512K, 0% used [0x00000000d5e00000,0x00000000d5e00000,0x00000000d5e80000)
 ParOldGen       total 1020416K, used 259292K [0x0000000080000000, 0x00000000be480000, 0x00000000d5580000)
  object space 1020416K, 25% used [0x0000000080000000,0x000000008fd37178,0x00000000be480000)
 Metaspace       used 101336K, committed 102848K, reserved 1179648K
  class space    used 11586K, committed 12224K, reserved 1048576K
}
Event: 21235.918 GC heap after
{Heap after GC invocations=1941 (full 5):
 PSYoungGen      total 6656K, used 510K [0x00000000d5580000, 0x00000000d5e80000, 0x0000000100000000)
  eden space 6144K, 0% used [0x00000000d5580000,0x00000000d5580000,0x00000000d5b80000)
  from space 512K, 99% used [0x00000000d5e00000,0x00000000d5e7fa90,0x00000000d5e80000)
  to   space 1024K, 0% used [0x00000000d5c80000,0x00000000d5c80000,0x00000000d5d80000)
 ParOldGen       total 1020416K, used 262652K [0x0000000080000000, 0x00000000be480000, 0x00000000d5580000)
  object space 1020416K, 25% used [0x0000000080000000,0x000000009007f1a8,0x00000000be480000)
 Metaspace       used 101336K, committed 102848K, reserved 1179648K
  class space    used 11586K, committed 12224K, reserved 1048576K
}
Event: 21235.926 GC heap before
{Heap before GC invocations=1942 (full 5):
 PSYoungGen      total 6656K, used 6654K [0x00000000d5580000, 0x00000000d5e80000, 0x0000000100000000)
  eden space 6144K, 100% used [0x00000000d5580000,0x00000000d5b80000,0x00000000d5b80000)
  from space 512K, 99% used [0x00000000d5e00000,0x00000000d5e7fa90,0x00000000d5e80000)
  to   space 1024K, 0% used [0x00000000d5c80000,0x00000000d5c80000,0x00000000d5d80000)
 ParOldGen       total 1020416K, used 262652K [0x0000000080000000, 0x00000000be480000, 0x00000000d5580000)
  object space 1020416K, 25% used [0x0000000080000000,0x000000009007f1a8,0x00000000be480000)
 Metaspace       used 101337K, committed 102848K, reserved 1179648K
  class space    used 11586K, committed 12224K, reserved 1048576K
}
Event: 21235.927 GC heap after
{Heap after GC invocations=1942 (full 5):
 PSYoungGen      total 7168K, used 416K [0x00000000d5580000, 0x00000000d5e80000, 0x0000000100000000)
  eden space 6144K, 0% used [0x00000000d5580000,0x00000000d5580000,0x00000000d5b80000)
  from space 1024K, 40% used [0x00000000d5c80000,0x00000000d5ce8000,0x00000000d5d80000)
  to   space 512K, 0% used [0x00000000d5e00000,0x00000000d5e00000,0x00000000d5e80000)
 ParOldGen       total 1020416K, used 263030K [0x0000000080000000, 0x00000000be480000, 0x00000000d5580000)
  object space 1020416K, 25% used [0x0000000080000000,0x00000000900dd958,0x00000000be480000)
 Metaspace       used 101337K, committed 102848K, reserved 1179648K
  class space    used 11586K, committed 12224K, reserved 1048576K
}
Event: 21235.952 GC heap before
{Heap before GC invocations=1943 (full 5):
 PSYoungGen      total 7168K, used 6560K [0x00000000d5580000, 0x00000000d5e80000, 0x0000000100000000)
  eden space 6144K, 100% used [0x00000000d5580000,0x00000000d5b80000,0x00000000d5b80000)
  from space 1024K, 40% used [0x00000000d5c80000,0x00000000d5ce8000,0x00000000d5d80000)
  to   space 512K, 0% used [0x00000000d5e00000,0x00000000d5e00000,0x00000000d5e80000)
 ParOldGen       total 1020416K, used 263030K [0x0000000080000000, 0x00000000be480000, 0x00000000d5580000)
  object space 1020416K, 25% used [0x0000000080000000,0x00000000900dd958,0x00000000be480000)
 Metaspace       used 101360K, committed 102848K, reserved 1179648K
  class space    used 11586K, committed 12224K, reserved 1048576K
}
Event: 21235.953 GC heap after
{Heap after GC invocations=1943 (full 5):
 PSYoungGen      total 6656K, used 506K [0x00000000d5580000, 0x00000000d5e80000, 0x0000000100000000)
  eden space 6144K, 0% used [0x00000000d5580000,0x00000000d5580000,0x00000000d5b80000)
  from space 512K, 98% used [0x00000000d5e00000,0x00000000d5e7e900,0x00000000d5e80000)
  to   space 1536K, 0% used [0x00000000d5b80000,0x00000000d5b80000,0x00000000d5d00000)
 ParOldGen       total 1020416K, used 263485K [0x0000000080000000, 0x00000000be480000, 0x00000000d5580000)
  object space 1020416K, 25% used [0x0000000080000000,0x000000009014f600,0x00000000be480000)
 Metaspace       used 101360K, committed 102848K, reserved 1179648K
  class space    used 11586K, committed 12224K, reserved 1048576K
}
Event: 21235.960 GC heap before
{Heap before GC invocations=1944 (full 5):
 PSYoungGen      total 6656K, used 6650K [0x00000000d5580000, 0x00000000d5e80000, 0x0000000100000000)
  eden space 6144K, 100% used [0x00000000d5580000,0x00000000d5b80000,0x00000000d5b80000)
  from space 512K, 98% used [0x00000000d5e00000,0x00000000d5e7e900,0x00000000d5e80000)
  to   space 1536K, 0% used [0x00000000d5b80000,0x00000000d5b80000,0x00000000d5d00000)
 ParOldGen       total 1020416K, used 263485K [0x0000000080000000, 0x00000000be480000, 0x00000000d5580000)
  object space 1020416K, 25% used [0x0000000080000000,0x000000009014f600,0x00000000be480000)
 Metaspace       used 101360K, committed 102848K, reserved 1179648K
  class space    used 11586K, committed 12224K, reserved 1048576K
}
Event: 21235.962 GC heap after
{Heap after GC invocations=1944 (full 5):
 PSYoungGen      total 7680K, used 768K [0x00000000d5580000, 0x00000000d5e80000, 0x0000000100000000)
  eden space 6144K, 0% used [0x00000000d5580000,0x00000000d5580000,0x00000000d5b80000)
  from space 1536K, 50% used [0x00000000d5b80000,0x00000000d5c40000,0x00000000d5d00000)
  to   space 1024K, 0% used [0x00000000d5d80000,0x00000000d5d80000,0x00000000d5e80000)
 ParOldGen       total 1020416K, used 263933K [0x0000000080000000, 0x00000000be480000, 0x00000000d5580000)
  object space 1020416K, 25% used [0x0000000080000000,0x00000000901bf410,0x00000000be480000)
 Metaspace       used 101360K, committed 102848K, reserved 1179648K
  class space    used 11586K, committed 12224K, reserved 1048576K
}
Event: 21251.050 GC heap before
{Heap before GC invocations=1945 (full 5):
 PSYoungGen      total 7680K, used 6912K [0x00000000d5580000, 0x00000000d5e80000, 0x0000000100000000)
  eden space 6144K, 100% used [0x00000000d5580000,0x00000000d5b80000,0x00000000d5b80000)
  from space 1536K, 50% used [0x00000000d5b80000,0x00000000d5c40000,0x00000000d5d00000)
  to   space 1024K, 0% used [0x00000000d5d80000,0x00000000d5d80000,0x00000000d5e80000)
 ParOldGen       total 1020416K, used 263933K [0x0000000080000000, 0x00000000be480000, 0x00000000d5580000)
  object space 1020416K, 25% used [0x0000000080000000,0x00000000901bf410,0x00000000be480000)
 Metaspace       used 101463K, committed 102912K, reserved 1179648K
  class space    used 11599K, committed 12224K, reserved 1048576K
}
Event: 21251.051 GC heap after
{Heap after GC invocations=1945 (full 5):
 PSYoungGen      total 7168K, used 666K [0x00000000d5580000, 0x00000000d5e80000, 0x0000000100000000)
  eden space 6144K, 0% used [0x00000000d5580000,0x00000000d5580000,0x00000000d5b80000)
  from space 1024K, 65% used [0x00000000d5d80000,0x00000000d5e26900,0x00000000d5e80000)
  to   space 1024K, 0% used [0x00000000d5c80000,0x00000000d5c80000,0x00000000d5d80000)
 ParOldGen       total 1020416K, used 263957K [0x0000000080000000, 0x00000000be480000, 0x00000000d5580000)
  object space 1020416K, 25% used [0x0000000080000000,0x00000000901c5410,0x00000000be480000)
 Metaspace       used 101463K, committed 102912K, reserved 1179648K
  class space    used 11599K, committed 12224K, reserved 1048576K
}
Event: 21251.090 GC heap before
{Heap before GC invocations=1946 (full 5):
 PSYoungGen      total 7168K, used 6810K [0x00000000d5580000, 0x00000000d5e80000, 0x0000000100000000)
  eden space 6144K, 100% used [0x00000000d5580000,0x00000000d5b80000,0x00000000d5b80000)
  from space 1024K, 65% used [0x00000000d5d80000,0x00000000d5e26900,0x00000000d5e80000)
  to   space 1024K, 0% used [0x00000000d5c80000,0x00000000d5c80000,0x00000000d5d80000)
 ParOldGen       total 1020416K, used 263957K [0x0000000080000000, 0x00000000be480000, 0x00000000d5580000)
  object space 1020416K, 25% used [0x0000000080000000,0x00000000901c5410,0x00000000be480000)
 Metaspace       used 101541K, committed 103104K, reserved 1179648K
  class space    used 11609K, committed 12288K, reserved 1048576K
}
Event: 21251.091 GC heap after
{Heap after GC invocations=1946 (full 5):
 PSYoungGen      total 7168K, used 308K [0x00000000d5580000, 0x00000000d5e00000, 0x0000000100000000)
  eden space 6144K, 0% used [0x00000000d5580000,0x00000000d5580000,0x00000000d5b80000)
  from space 1024K, 30% used [0x00000000d5c80000,0x00000000d5ccd200,0x00000000d5d80000)
  to   space 512K, 0% used [0x00000000d5d80000,0x00000000d5d80000,0x00000000d5e00000)
 ParOldGen       total 1020416K, used 264013K [0x0000000080000000, 0x00000000be480000, 0x00000000d5580000)
  object space 1020416K, 25% used [0x0000000080000000,0x00000000901d3410,0x00000000be480000)
 Metaspace       used 101541K, committed 103104K, reserved 1179648K
  class space    used 11609K, committed 12288K, reserved 1048576K
}
Event: 21251.096 GC heap before
{Heap before GC invocations=1947 (full 5):
 PSYoungGen      total 7168K, used 6452K [0x00000000d5580000, 0x00000000d5e00000, 0x0000000100000000)
  eden space 6144K, 100% used [0x00000000d5580000,0x00000000d5b80000,0x00000000d5b80000)
  from space 1024K, 30% used [0x00000000d5c80000,0x00000000d5ccd200,0x00000000d5d80000)
  to   space 512K, 0% used [0x00000000d5d80000,0x00000000d5d80000,0x00000000d5e00000)
 ParOldGen       total 1020416K, used 264013K [0x0000000080000000, 0x00000000be480000, 0x00000000d5580000)
  object space 1020416K, 25% used [0x0000000080000000,0x00000000901d3410,0x00000000be480000)
 Metaspace       used 101541K, committed 103104K, reserved 1179648K
  class space    used 11609K, committed 12288K, reserved 1048576K
}
Event: 21251.097 GC heap after
{Heap after GC invocations=1947 (full 5):
 PSYoungGen      total 6656K, used 512K [0x00000000d5580000, 0x00000000d5e00000, 0x0000000100000000)
  eden space 6144K, 0% used [0x00000000d5580000,0x00000000d5580000,0x00000000d5b80000)
  from space 512K, 100% used [0x00000000d5d80000,0x00000000d5e00000,0x00000000d5e00000)
  to   space 1024K, 0% used [0x00000000d5c00000,0x00000000d5c00000,0x00000000d5d00000)
 ParOldGen       total 1020416K, used 264265K [0x0000000080000000, 0x00000000be480000, 0x00000000d5580000)
  object space 1020416K, 25% used [0x0000000080000000,0x0000000090212610,0x00000000be480000)
 Metaspace       used 101541K, committed 103104K, reserved 1179648K
  class space    used 11609K, committed 12288K, reserved 1048576K
}

